\BOOKMARK [0][-]{part.1}{\376\377\000I\000\040\000P\000r\000e\000l\000i\000m\000i\000n\000a\000r\000i\000e\000s}{}% 1
\BOOKMARK [1][-]{section.1}{\376\377\000R\000e\000c\000e\000i\000v\000e\000r\000s\000,\000\040\000A\000c\000t\000i\000o\000n\000-\000C\000e\000l\000l\000s\000,\000\040\000a\000n\000d\000\040\000t\000h\000e\000\040\000S\000-\000F\000u\000n\000c\000t\000i\000o\000n\000a\000l}{part.1}% 2
\BOOKMARK [2][-]{subsection.1.1}{\376\377\000O\000u\000t\000c\000o\000m\000e\000\040\000a\000n\000d\000\040\000a\000c\000t\000i\000o\000n\000\040\000s\000p\000a\000c\000e\000s}{section.1}% 3
\BOOKMARK [2][-]{subsection.1.2}{\376\377\000R\000e\000c\000e\000i\000v\000e\000r\000s\000\040\000a\000n\000d\000\040\000t\000h\000e\000\040\000f\000l\000o\000o\000r}{section.1}% 4
\BOOKMARK [2][-]{subsection.1.3}{\376\377\000M\000e\000t\000h\000o\000d\000o\000l\000o\000g\000i\000e\000s}{section.1}% 5
\BOOKMARK [0][-]{part.2}{\376\377\000I\000I\000\040\000T\000h\000e\000\040\000R\000e\000c\000e\000i\000v\000e\000r\000\040\000U\000n\000c\000e\000r\000t\000a\000i\000n\000t\000y\000\040\000P\000r\000i\000n\000c\000i\000p\000l\000e}{}% 6
\BOOKMARK [1][-]{section.2}{\376\377\000K\000n\000o\000w\000l\000e\000d\000g\000e\000\040\000a\000n\000d\000\040\000A\000c\000t\000i\000o\000n\000\040\000D\000i\000s\000p\000e\000r\000s\000i\000o\000n\000s}{part.2}% 7
\BOOKMARK [1][-]{section.3}{\376\377\000T\000h\000e\000\040\000P\000h\000a\000s\000e\000-\000S\000p\000a\000c\000e\000\040\000C\000e\000l\000l}{part.2}% 8
\BOOKMARK [1][-]{section.4}{\376\377\000T\000h\000e\000\040\000R\000e\000c\000e\000i\000v\000e\000r\000\040\000U\000n\000c\000e\000r\000t\000a\000i\000n\000t\000y\000\040\000T\000h\000e\000o\000r\000e\000m}{part.2}% 9
\BOOKMARK [1][-]{section.5}{\376\377\000T\000h\000e\000\040\000S\000a\000t\000u\000r\000a\000t\000i\000n\000g\000\040\000S\000c\000h\000e\000d\000u\000l\000e\000r}{part.2}% 10
\BOOKMARK [1][-]{section.6}{\376\377\000T\000h\000e\000\040\000C\000o\000m\000p\000i\000l\000e\000/\000E\000x\000e\000c\000u\000t\000e\000\040\000P\000h\000a\000s\000e\000\040\000L\000o\000c\000k}{part.2}% 11
\BOOKMARK [0][-]{part.3}{\376\377\000I\000I\000I\000\040\000C\000e\000l\000l\000-\000T\000y\000p\000e\000\040\000E\000q\000u\000i\000v\000a\000l\000e\000n\000c\000e}{}% 12
\BOOKMARK [1][-]{section.7}{\376\377\000R\000e\000f\000i\000n\000e\000m\000e\000n\000t\000\040\000T\000y\000p\000e\000s\000\040\000a\000s\000\040\000A\000c\000t\000i\000o\000n\000-\000C\000e\000l\000l\000s}{part.3}% 13
\BOOKMARK [1][-]{section.8}{\376\377\000T\000h\000e\000\040\000O\000p\000e\000n\000\040\000T\000y\000p\000e\000\040\000S\000y\000s\000t\000e\000m}{part.3}% 14
\BOOKMARK [0][-]{part.4}{\376\377\000I\000V\000\040\000T\000h\000e\000\040\000D\000o\000m\000a\000i\000n\000\040\000L\000a\000t\000t\000i\000c\000e}{}% 15
\BOOKMARK [1][-]{section.9}{\376\377\000D\000o\000m\000a\000i\000n\000s\000\040\000a\000s\000\040\000T\000r\000i\000p\000l\000e\000s}{part.4}% 16
\BOOKMARK [1][-]{section.10}{\376\377\000T\000h\000e\000\040\000D\000o\000m\000a\000i\000n\000\040\000L\000a\000t\000t\000i\000c\000e}{part.4}% 17
\BOOKMARK [1][-]{section.11}{\376\377\000C\000o\000m\000p\000o\000s\000i\000t\000i\000o\000n\000\040\000o\000f\000\040\000D\000o\000m\000a\000i\000n\000s}{part.4}% 18
\BOOKMARK [0][-]{part.5}{\376\377\000V\000\040\000C\000a\000s\000c\000a\000d\000e\000\040\000S\000w\000i\000t\000c\000h\000i\000n\000g\000\040\000a\000s\000\040\0000\000-\0001\000\040\000K\000n\000a\000p\000s\000a\000c\000k}{}% 19
\BOOKMARK [1][-]{section.12}{\376\377\000T\000h\000e\000\040\000C\000a\000s\000c\000a\000d\000e\000\040\000S\000e\000l\000e\000c\000t\000i\000o\000n\000\040\000P\000r\000o\000b\000l\000e\000m}{part.5}% 20
\BOOKMARK [1][-]{section.13}{\376\377\000T\000h\000e\000\040\000C\000a\000s\000c\000a\000d\000e\000\040\000S\000w\000i\000t\000c\000h\000i\000n\000g\000\040\000T\000h\000e\000o\000r\000e\000m}{part.5}% 21
\BOOKMARK [1][-]{section.14}{\376\377\000S\000t\000r\000o\000n\000g\000\040\000v\000s\000.\000\040\000W\000e\000a\000k\000\040\000R\000e\000p\000l\000i\000c\000a\000t\000i\000o\000n}{part.5}% 22
\BOOKMARK [0][-]{part.6}{\376\377\000V\000I\000\040\000K\000n\000o\000w\000l\000e\000d\000g\000e\000\040\000E\000n\000t\000r\000o\000p\000y\000\040\000a\000n\000d\000\040\000F\000e\000d\000e\000r\000a\000t\000i\000o\000n}{}% 23
\BOOKMARK [1][-]{section.15}{\376\377\000T\000h\000e\000\040\000K\000n\000o\000w\000l\000e\000d\000g\000e\000\040\000F\000u\000n\000c\000t\000i\000o\000n\000a\000l}{part.6}% 24
\BOOKMARK [1][-]{section.16}{\376\377\000K\000n\000o\000w\000l\000e\000d\000g\000e\000\040\000E\000n\000t\000r\000o\000p\000y}{part.6}% 25
\BOOKMARK [1][-]{section.17}{\376\377\000F\000e\000d\000e\000r\000a\000t\000i\000o\000n\000\040\000I\000n\000e\000q\000u\000a\000l\000i\000t\000y}{part.6}% 26
\BOOKMARK [0][-]{part.7}{\376\377\000V\000I\000I\000\040\000A\000r\000c\000h\000i\000t\000e\000c\000t\000u\000r\000a\000l\000\040\000S\000y\000n\000t\000h\000e\000s\000i\000s}{}% 27
\BOOKMARK [1][-]{section.18}{\376\377\000T\000h\000e\000\040\000S\000i\000x\000-\000T\000h\000e\000o\000r\000e\000m\000\040\000A\000r\000c\000h\000i\000t\000e\000c\000t\000u\000r\000e}{part.7}% 28
\BOOKMARK [2][-]{subsection.18.1}{\376\377\000U\000n\000c\000e\000r\000t\000a\000i\000n\000t\000y\000-\000S\000a\000t\000u\000r\000a\000t\000i\000n\000g\000\040\000S\000c\000h\000e\000d\000u\000l\000e\000r}{section.18}% 29
\BOOKMARK [2][-]{subsection.18.2}{\376\377\000C\000e\000l\000l\000-\000S\000t\000a\000b\000l\000e\000\040\000F\000r\000o\000z\000e\000n\000\040\000I\000n\000t\000e\000r\000f\000a\000c\000e}{section.18}% 30
\BOOKMARK [2][-]{subsection.18.3}{\376\377\000L\000a\000t\000t\000i\000c\000e\000-\000M\000e\000r\000g\000e\000\040\000M\000u\000l\000t\000i\000-\000D\000o\000m\000a\000i\000n\000\040\000O\000n\000t\000o\000l\000o\000g\000y}{section.18}% 31
\BOOKMARK [2][-]{subsection.18.4}{\376\377\000K\000n\000a\000p\000s\000a\000c\000k\000-\000S\000o\000l\000v\000e\000r\000\040\000C\000a\000s\000c\000a\000d\000e\000\040\000R\000o\000u\000t\000e\000r}{section.18}% 32
\BOOKMARK [2][-]{subsection.18.5}{\376\377\000E\000n\000t\000r\000o\000p\000y\000-\000R\000e\000d\000u\000c\000i\000n\000g\000\040\000F\000e\000d\000e\000r\000a\000t\000i\000o\000n\000\040\000M\000a\000n\000a\000g\000e\000r}{section.18}% 33
\BOOKMARK [2][-]{subsection.18.6}{\376\377\000T\000h\000e\000\040\000C\000l\000o\000s\000e\000d\000-\000F\000o\000r\000m\000\040\000S\000p\000e\000c\000i\000f\000i\000c\000a\000t\000i\000o\000n}{section.18}% 34
\BOOKMARK [1][-]{section.19}{\376\377\000S\000i\000x\000\040\000S\000u\000b\000s\000y\000s\000t\000e\000m\000s\000\040\000F\000o\000r\000c\000e\000d\000\040\000b\000y\000\040\000S\000i\000x\000\040\000T\000h\000e\000o\000r\000e\000m\000s}{part.7}% 35
\BOOKMARK [0][-]{part.8}{\376\377\000V\000I\000I\000I\000\040\000N\000u\000m\000e\000r\000i\000c\000a\000l\000\040\000V\000a\000l\000i\000d\000a\000t\000i\000o\000n}{}% 36
\BOOKMARK [1][-]{section.20}{\376\377\000M\000e\000t\000h\000o\000d\000o\000l\000o\000g\000y}{part.8}% 37
\BOOKMARK [1][-]{section.21}{\376\377\000H\000e\000a\000d\000l\000i\000n\000e\000\040\000R\000e\000s\000u\000l\000t\000s}{part.8}% 38
\BOOKMARK [0][-]{part.9}{\376\377\000I\000X\000\040\000D\000i\000s\000c\000u\000s\000s\000i\000o\000n}{}% 39
\BOOKMARK [1][-]{section.22}{\376\377\000C\000o\000n\000n\000e\000c\000t\000i\000o\000n\000s\000\040\000t\000o\000\040\000S\000t\000a\000n\000d\000a\000r\000d\000\040\000M\000a\000t\000h\000e\000m\000a\000t\000i\000c\000s}{part.9}% 40
\BOOKMARK [2][-]{subsection.22.1}{\376\377\000H\000e\000i\000s\000e\000n\000b\000e\000r\000g\000,\000\040\000C\000r\000a\000m\000\351\000r\000-\000R\000a\000o\000,\000\040\000a\000n\000d\000\040\000I\000n\000f\000o\000r\000m\000a\000t\000i\000o\000n\000-\000T\000h\000e\000o\000r\000e\000t\000i\000c\000\040\000B\000o\000u\000n\000d\000s}{section.22}% 41
\BOOKMARK [2][-]{subsection.22.2}{\376\377\000R\000e\000f\000i\000n\000e\000m\000e\000n\000t\000\040\000T\000y\000p\000e\000s\000\040\000a\000n\000d\000\040\000L\000o\000g\000i\000c\000a\000l\000\040\000F\000r\000a\000m\000e\000w\000o\000r\000k\000s}{section.22}% 42
\BOOKMARK [2][-]{subsection.22.3}{\376\377\000L\000a\000t\000t\000i\000c\000e\000\040\000T\000h\000e\000o\000r\000y\000\040\000a\000n\000d\000\040\000P\000a\000r\000t\000i\000t\000i\000o\000n\000s}{section.22}% 43
\BOOKMARK [2][-]{subsection.22.4}{\376\377\000K\000n\000a\000p\000s\000a\000c\000k\000\040\000a\000n\000d\000\040\000C\000o\000n\000v\000e\000x\000\040\000O\000p\000t\000i\000m\000i\000s\000a\000t\000i\000o\000n}{section.22}% 44
\BOOKMARK [2][-]{subsection.22.5}{\376\377\000I\000n\000f\000o\000r\000m\000a\000t\000i\000o\000n\000\040\000T\000h\000e\000o\000r\000y\000\040\000a\000n\000d\000\040\000F\000e\000d\000e\000r\000a\000t\000i\000o\000n}{section.22}% 45
\BOOKMARK [1][-]{section.23}{\376\377\000O\000p\000e\000n\000\040\000Q\000u\000e\000s\000t\000i\000o\000n\000s}{part.9}% 46
\BOOKMARK [0][-]{part.10}{\376\377\000X\000\040\000C\000o\000n\000c\000l\000u\000s\000i\000o\000n}{}% 47
\BOOKMARK [1][-]{section.24}{\376\377\000S\000u\000m\000m\000a\000r\000y}{part.10}% 48
\BOOKMARK [1][-]{section.25}{\376\377\000F\000i\000n\000a\000l\000\040\000R\000e\000m\000a\000r\000k\000s}{part.10}% 49
