\BOOKMARK [0][-]{part.1}{\376\377\000I\000\040\000P\000r\000e\000l\000i\000m\000i\000n\000a\000r\000i\000e\000s}{}% 1
\BOOKMARK [1][-]{section.1}{\376\377\000I\000n\000t\000r\000o\000d\000u\000c\000t\000i\000o\000n}{part.1}% 2
\BOOKMARK [2][-]{subsection.1.1}{\376\377\000T\000h\000e\000\040\000b\000o\000o\000k\000k\000e\000e\000p\000i\000n\000g\000\040\000p\000r\000o\000b\000l\000e\000m\000\040\000i\000n\000\040\000o\000p\000e\000r\000a\000t\000i\000n\000g\000-\000s\000y\000s\000t\000e\000m\000\040\000d\000e\000s\000i\000g\000n}{section.1}% 3
\BOOKMARK [2][-]{subsection.1.2}{\376\377\000T\000h\000e\000\040\000f\000o\000u\000r\000\040\000e\000q\000u\000i\000v\000a\000l\000e\000n\000c\000e\000s}{section.1}% 4
\BOOKMARK [2][-]{subsection.1.3}{\376\377\000A\000r\000c\000h\000i\000t\000e\000c\000t\000u\000r\000a\000l\000\040\000c\000o\000n\000s\000e\000q\000u\000e\000n\000c\000e\000s}{section.1}% 5
\BOOKMARK [2][-]{subsection.1.4}{\376\377\000S\000c\000o\000p\000e}{section.1}% 6
\BOOKMARK [1][-]{section.2}{\376\377\000A\000x\000i\000o\000m\000a\000t\000i\000c\000\040\000F\000o\000u\000n\000d\000a\000t\000i\000o\000n\000s}{part.1}% 7
\BOOKMARK [1][-]{section.3}{\376\377\000O\000p\000e\000r\000a\000t\000i\000o\000n\000s\000\040\000a\000s\000\040\000C\000a\000t\000e\000g\000o\000r\000i\000c\000a\000l\000\040\000P\000r\000o\000c\000e\000s\000s\000e\000s}{part.1}% 8
\BOOKMARK [0][-]{part.2}{\376\377\000I\000I\000\040\000T\000h\000e\000\040\000T\000i\000m\000e\000-\000C\000o\000u\000n\000t\000\040\000I\000d\000e\000n\000t\000i\000t\000y}{}% 9
\BOOKMARK [1][-]{section.4}{\376\377\000T\000i\000m\000e\000\040\000a\000s\000\040\000D\000e\000c\000i\000s\000i\000o\000n\000\040\000C\000o\000u\000n\000t}{part.2}% 10
\BOOKMARK [2][-]{subsection.4.1}{\376\377\000T\000h\000e\000\040\000s\000t\000a\000n\000d\000a\000r\000d\000\040\000v\000i\000e\000w\000\040\000a\000n\000d\000\040\000i\000t\000s\000\040\000a\000l\000t\000e\000r\000n\000a\000t\000i\000v\000e}{section.4}% 11
\BOOKMARK [2][-]{subsection.4.2}{\376\377\000T\000w\000o\000\040\000o\000p\000e\000r\000a\000t\000i\000o\000n\000a\000l\000\040\000m\000o\000d\000e\000s\000:\000\040\000k\000e\000e\000p\000i\000n\000g\000\040\000a\000n\000d\000\040\000t\000e\000l\000l\000i\000n\000g}{section.4}% 12
\BOOKMARK [2][-]{subsection.4.3}{\376\377\000I\000m\000p\000l\000i\000c\000a\000t\000i\000o\000n\000s\000\040\000f\000o\000r\000\040\000k\000e\000r\000n\000e\000l\000\040\000t\000i\000m\000e\000k\000e\000e\000p\000i\000n\000g}{section.4}% 13
\BOOKMARK [1][-]{section.5}{\376\377\000I\000m\000p\000l\000i\000c\000a\000t\000i\000o\000n\000s\000\040\000f\000o\000r\000\040\000K\000e\000r\000n\000e\000l\000\040\000A\000c\000c\000o\000u\000n\000t\000i\000n\000g}{part.2}% 14
\BOOKMARK [2][-]{subsection.5.1}{\376\377\000F\000u\000n\000d\000a\000m\000e\000n\000t\000a\000l\000\040\000I\000d\000e\000n\000t\000i\000t\000y}{section.5}% 15
\BOOKMARK [2][-]{subsection.5.2}{\376\377\000P\000r\000a\000c\000t\000i\000c\000a\000l\000\040\000a\000c\000c\000o\000u\000n\000t\000i\000n\000g}{section.5}% 16
\BOOKMARK [0][-]{part.3}{\376\377\000I\000I\000I\000\040\000T\000h\000r\000e\000e\000\040\000R\000o\000u\000t\000e\000s\000\040\000t\000o\000\040\000O\000p\000e\000r\000a\000t\000i\000o\000n\000\040\000W\000e\000i\000g\000h\000t}{}% 17
\BOOKMARK [1][-]{section.6}{\376\377\000R\000o\000u\000t\000e\000\040\000I\000:\000\040\000R\000e\000s\000i\000d\000u\000e}{part.3}% 18
\BOOKMARK [2][-]{subsection.6.1}{\376\377\000O\000p\000e\000r\000a\000t\000i\000o\000n\000a\000l\000\040\000m\000e\000a\000n\000i\000n\000g}{section.6}% 19
\BOOKMARK [1][-]{section.7}{\376\377\000R\000o\000u\000t\000e\000\040\000I\000I\000:\000\040\000C\000o\000n\000f\000i\000n\000e\000m\000e\000n\000t}{part.3}% 20
\BOOKMARK [1][-]{section.8}{\376\377\000R\000o\000u\000t\000e\000\040\000I\000I\000I\000:\000\040\000N\000e\000g\000a\000t\000i\000o\000n\000\040\000F\000i\000x\000e\000d\000\040\000P\000o\000i\000n\000t}{part.3}% 21
\BOOKMARK [2][-]{subsection.8.1}{\376\377\000T\000h\000e\000\040\000n\000e\000g\000a\000t\000i\000o\000n\000\040\000o\000p\000e\000r\000a\000t\000o\000r}{section.8}% 22
\BOOKMARK [2][-]{subsection.8.2}{\376\377\000N\000e\000g\000a\000t\000i\000o\000n\000\040\000d\000e\000p\000t\000h\000\040\000a\000s\000\040\000o\000p\000e\000r\000a\000t\000i\000o\000n\000\040\000w\000e\000i\000g\000h\000t}{section.8}% 23
\BOOKMARK [1][-]{section.9}{\376\377\000T\000h\000r\000e\000e\000-\000R\000o\000u\000t\000e\000\040\000E\000q\000u\000i\000v\000a\000l\000e\000n\000c\000e}{part.3}% 24
\BOOKMARK [0][-]{part.4}{\376\377\000I\000V\000\040\000T\000h\000e\000\040\000M\000a\000s\000t\000e\000r\000\040\000E\000q\000u\000i\000v\000a\000l\000e\000n\000c\000e}{}% 25
\BOOKMARK [1][-]{section.10}{\376\377\000T\000h\000e\000\040\000M\000a\000s\000s\000-\000T\000i\000m\000e\000-\000I\000d\000e\000n\000t\000i\000t\000y\000-\000C\000o\000u\000n\000t\000\040\000E\000q\000u\000i\000v\000a\000l\000e\000n\000c\000e}{part.4}% 26
\BOOKMARK [2][-]{subsection.10.1}{\376\377\000O\000p\000e\000r\000a\000t\000i\000o\000n\000a\000l\000\040\000c\000o\000n\000s\000e\000q\000u\000e\000n\000c\000e\000:\000\040\000s\000i\000n\000g\000l\000e\000-\000f\000i\000e\000l\000d\000\040\000a\000c\000c\000o\000u\000n\000t\000i\000n\000g}{section.10}% 27
\BOOKMARK [2][-]{subsection.10.2}{\376\377\000T\000h\000e\000\040\000k\000e\000r\000n\000e\000l\000'\000s\000\040\000r\000e\000f\000e\000r\000e\000n\000c\000e\000\040\000f\000r\000e\000q\000u\000e\000n\000c\000y\000\040\000a\000s\000\040\000a\000\040\000f\000u\000n\000d\000a\000m\000e\000n\000t\000a\000l\000\040\000p\000a\000r\000a\000m\000e\000t\000e\000r}{section.10}% 28
\BOOKMARK [1][-]{section.11}{\376\377\000T\000h\000e\000\040\000S\000l\000i\000d\000i\000n\000g\000-\000E\000n\000d\000p\000o\000i\000n\000t\000\040\000T\000h\000e\000o\000r\000e\000m}{part.4}% 29
\BOOKMARK [2][-]{subsection.11.1}{\376\377\000T\000h\000e\000\040\000r\000e\000p\000r\000o\000d\000u\000c\000i\000b\000i\000l\000i\000t\000y\000\040\000p\000r\000o\000p\000e\000r\000t\000y}{section.11}% 30
\BOOKMARK [2][-]{subsection.11.2}{\376\377\000T\000h\000e\000\040\000i\000r\000r\000e\000v\000e\000r\000s\000i\000b\000i\000l\000i\000t\000y\000\040\000p\000r\000o\000p\000e\000r\000t\000y}{section.11}% 31
\BOOKMARK [2][-]{subsection.11.3}{\376\377\000T\000h\000e\000\040\000R\000e\000w\000i\000n\000d\000-\000a\000s\000-\000F\000o\000r\000w\000a\000r\000d\000\040\000P\000r\000i\000n\000c\000i\000p\000l\000e}{section.11}% 32
\BOOKMARK [0][-]{part.5}{\376\377\000V\000\040\000A\000r\000c\000h\000i\000t\000e\000c\000t\000u\000r\000a\000l\000\040\000C\000o\000n\000s\000e\000q\000u\000e\000n\000c\000e\000s}{}% 33
\BOOKMARK [1][-]{section.12}{\376\377\000O\000p\000e\000r\000a\000t\000i\000o\000n\000\040\000S\000u\000b\000s\000t\000i\000t\000u\000t\000a\000b\000i\000l\000i\000t\000y}{part.5}% 34
\BOOKMARK [2][-]{subsection.12.1}{\376\377\000T\000h\000e\000\040\000S\000o\000u\000r\000c\000e\000-\000A\000n\000a\000l\000y\000z\000e\000r\000\040\000I\000n\000d\000e\000t\000e\000r\000m\000i\000n\000a\000c\000y}{section.12}% 35
\BOOKMARK [2][-]{subsection.12.2}{\376\377\000O\000p\000e\000r\000a\000t\000i\000o\000n\000a\000l\000\040\000c\000o\000n\000s\000e\000q\000u\000e\000n\000c\000e\000:\000\040\000A\000P\000I\000\040\000s\000u\000b\000s\000t\000i\000t\000u\000t\000a\000b\000i\000l\000i\000t\000y}{section.12}% 36
\BOOKMARK [1][-]{section.13}{\376\377\000C\000e\000l\000l\000-\000S\000t\000a\000b\000l\000e\000\040\000F\000r\000o\000z\000e\000n\000\040\000I\000n\000t\000e\000r\000f\000a\000c\000e\000s}{part.5}% 37
\BOOKMARK [2][-]{subsection.13.1}{\376\377\000C\000e\000l\000l\000-\000s\000t\000a\000b\000i\000l\000i\000t\000y}{section.13}% 38
\BOOKMARK [1][-]{section.14}{\376\377\000R\000e\000p\000r\000o\000d\000u\000c\000i\000b\000i\000l\000i\000t\000y\000\040\000I\000f\000f\000\040\000I\000r\000r\000e\000v\000e\000r\000s\000i\000b\000i\000l\000i\000t\000y}{part.5}% 39
\BOOKMARK [1][-]{section.15}{\376\377\000A\000r\000c\000h\000i\000t\000e\000c\000t\000u\000r\000a\000l\000\040\000I\000m\000p\000l\000i\000c\000a\000t\000i\000o\000n\000s\000:\000\040\000A\000\040\000S\000y\000n\000t\000h\000e\000s\000i\000s}{part.5}% 40
\BOOKMARK [0][-]{part.6}{\376\377\000V\000I\000\040\000N\000u\000m\000e\000r\000i\000c\000a\000l\000\040\000V\000a\000l\000i\000d\000a\000t\000i\000o\000n}{}% 41
\BOOKMARK [1][-]{section.16}{\376\377\000V\000a\000l\000i\000d\000a\000t\000i\000o\000n\000\040\000P\000r\000o\000g\000r\000a\000m\000m\000e}{part.6}% 42
\BOOKMARK [2][-]{subsection.16.1}{\376\377\000E\000x\000p\000e\000r\000i\000m\000e\000n\000t\000a\000l\000\040\000d\000e\000s\000i\000g\000n}{section.16}% 43
\BOOKMARK [2][-]{subsection.16.2}{\376\377\000S\000u\000c\000c\000e\000s\000s\000\040\000c\000r\000i\000t\000e\000r\000i\000a}{section.16}% 44
\BOOKMARK [2][-]{subsection.16.3}{\376\377\000R\000e\000p\000r\000o\000d\000u\000c\000i\000b\000i\000l\000i\000t\000y}{section.16}% 45
\BOOKMARK [0][-]{part.7}{\376\377\000V\000I\000I\000\040\000D\000i\000s\000c\000u\000s\000s\000i\000o\000n}{}% 46
\BOOKMARK [1][-]{section.17}{\376\377\000C\000o\000n\000n\000e\000c\000t\000i\000o\000n\000s\000\040\000t\000o\000\040\000E\000x\000i\000s\000t\000i\000n\000g\000\040\000L\000i\000t\000e\000r\000a\000t\000u\000r\000e}{part.7}% 47
\BOOKMARK [2][-]{subsection.17.1}{\376\377\000P\000e\000r\000f\000o\000r\000m\000a\000n\000c\000e\000\040\000a\000c\000c\000o\000u\000n\000t\000i\000n\000g}{section.17}% 48
\BOOKMARK [2][-]{subsection.17.2}{\376\377\000L\000o\000g\000g\000i\000n\000g\000\040\000a\000n\000d\000\040\000a\000u\000d\000i\000t}{section.17}% 49
\BOOKMARK [2][-]{subsection.17.3}{\376\377\000R\000e\000v\000e\000r\000s\000i\000b\000l\000e\000\040\000c\000o\000m\000p\000u\000t\000i\000n\000g}{section.17}% 50
\BOOKMARK [2][-]{subsection.17.4}{\376\377\000A\000P\000I\000\040\000d\000e\000s\000i\000g\000n\000\040\000a\000n\000d\000\040\000s\000u\000b\000s\000t\000i\000t\000u\000t\000a\000b\000i\000l\000i\000t\000y}{section.17}% 51
\BOOKMARK [2][-]{subsection.17.5}{\376\377\000T\000y\000p\000e\000\040\000t\000h\000e\000o\000r\000y\000\040\000a\000n\000d\000\040\000r\000e\000f\000i\000n\000e\000m\000e\000n\000t\000\040\000t\000y\000p\000e\000s}{section.17}% 52
\BOOKMARK [1][-]{section.18}{\376\377\000O\000p\000e\000n\000\040\000Q\000u\000e\000s\000t\000i\000o\000n\000s}{part.7}% 53
\BOOKMARK [1][-]{section.19}{\376\377\000A\000r\000c\000h\000i\000t\000e\000c\000t\000u\000r\000a\000l\000\040\000I\000m\000p\000l\000i\000c\000a\000t\000i\000o\000n\000s\000:\000\040\000P\000r\000a\000c\000t\000i\000c\000a\000l\000\040\000R\000e\000c\000o\000m\000m\000e\000n\000d\000a\000t\000i\000o\000n\000s}{part.7}% 54
\BOOKMARK [0][-]{part.8}{\376\377\000V\000I\000I\000I\000\040\000C\000o\000n\000c\000l\000u\000s\000i\000o\000n}{}% 55
\BOOKMARK [1][-]{section.20}{\376\377\000S\000u\000m\000m\000a\000r\000y}{part.8}% 56
\BOOKMARK [1][-]{section.21}{\376\377\000F\000i\000n\000a\000l\000\040\000R\000e\000m\000a\000r\000k\000s}{part.8}% 57
