This is pdfTeX, Version 3.141592653-2.6-1.40.25 (MiKTeX 24.1) (preloaded format=pdflatex 2025.7.27)  6 NOV 2025 19:39
entering extended mode
 restricted \write18 enabled.
 %&-line parsing enabled.
**./recursive-harmonic-network-graph.tex
(recursive-harmonic-network-graph.tex
LaTeX2e <2023-11-01> patch level 1
L3 programming layer <2024-01-04>
(C:\Users\kundai\AppData\Local\Programs\MiKTeX\tex/latex/base\article.cls
Document Class: article 2023/05/17 v1.4n Standard LaTeX document class
(C:\Users\kundai\AppData\Local\Programs\MiKTeX\tex/latex/base\size12.clo
File: size12.clo 2023/05/17 v1.4n Standard LaTeX file (size option)
)
\c@part=\count187
\c@section=\count188
\c@subsection=\count189
\c@subsubsection=\count190
\c@paragraph=\count191
\c@subparagraph=\count192
\c@figure=\count193
\c@table=\count194
\abovecaptionskip=\skip48
\belowcaptionskip=\skip49
\bibindent=\dimen140
)
(C:\Users\kundai\AppData\Local\Programs\MiKTeX\tex/latex/base\inputenc.sty
Package: inputenc 2021/02/14 v1.3d Input encoding file
\inpenc@prehook=\toks17
\inpenc@posthook=\toks18
)
(C:\Users\kundai\AppData\Local\Programs\MiKTeX\tex/latex/base\fontenc.sty
Package: fontenc 2021/04/29 v2.0v Standard LaTeX package
)
(C:\Users\kundai\AppData\Local\Programs\MiKTeX\tex/latex/amsmath\amsmath.sty
Package: amsmath 2023/05/13 v2.17o AMS math features
\@mathmargin=\skip50

For additional information on amsmath, use the `?' option.
(C:\Users\kundai\AppData\Local\Programs\MiKTeX\tex/latex/amsmath\amstext.sty
Package: amstext 2021/08/26 v2.01 AMS text

(C:\Users\kundai\AppData\Local\Programs\MiKTeX\tex/latex/amsmath\amsgen.sty
File: amsgen.sty 1999/11/30 v2.0 generic functions
\@emptytoks=\toks19
\ex@=\dimen141
))
(C:\Users\kundai\AppData\Local\Programs\MiKTeX\tex/latex/amsmath\amsbsy.sty
Package: amsbsy 1999/11/29 v1.2d Bold Symbols
\pmbraise@=\dimen142
)
(C:\Users\kundai\AppData\Local\Programs\MiKTeX\tex/latex/amsmath\amsopn.sty
Package: amsopn 2022/04/08 v2.04 operator names
)
\inf@bad=\count195
LaTeX Info: Redefining \frac on input line 234.
\uproot@=\count196
\leftroot@=\count197
LaTeX Info: Redefining \overline on input line 399.
LaTeX Info: Redefining \colon on input line 410.
\classnum@=\count198
\DOTSCASE@=\count199
LaTeX Info: Redefining \ldots on input line 496.
LaTeX Info: Redefining \dots on input line 499.
LaTeX Info: Redefining \cdots on input line 620.
\Mathstrutbox@=\box51
\strutbox@=\box52
LaTeX Info: Redefining \big on input line 722.
LaTeX Info: Redefining \Big on input line 723.
LaTeX Info: Redefining \bigg on input line 724.
LaTeX Info: Redefining \Bigg on input line 725.
\big@size=\dimen143
LaTeX Font Info:    Redeclaring font encoding OML on input line 743.
LaTeX Font Info:    Redeclaring font encoding OMS on input line 744.
\macc@depth=\count266
LaTeX Info: Redefining \bmod on input line 905.
LaTeX Info: Redefining \pmod on input line 910.
LaTeX Info: Redefining \smash on input line 940.
LaTeX Info: Redefining \relbar on input line 970.
LaTeX Info: Redefining \Relbar on input line 971.
\c@MaxMatrixCols=\count267
\dotsspace@=\muskip16
\c@parentequation=\count268
\dspbrk@lvl=\count269
\tag@help=\toks20
\row@=\count270
\column@=\count271
\maxfields@=\count272
\andhelp@=\toks21
\eqnshift@=\dimen144
\alignsep@=\dimen145
\tagshift@=\dimen146
\tagwidth@=\dimen147
\totwidth@=\dimen148
\lineht@=\dimen149
\@envbody=\toks22
\multlinegap=\skip51
\multlinetaggap=\skip52
\mathdisplay@stack=\toks23
LaTeX Info: Redefining \[ on input line 2953.
LaTeX Info: Redefining \] on input line 2954.
)
(C:\Users\kundai\AppData\Local\Programs\MiKTeX\tex/latex/amsfonts\amssymb.sty
Package: amssymb 2013/01/14 v3.01 AMS font symbols

(C:\Users\kundai\AppData\Local\Programs\MiKTeX\tex/latex/amsfonts\amsfonts.sty
Package: amsfonts 2013/01/14 v3.01 Basic AMSFonts support
\symAMSa=\mathgroup4
\symAMSb=\mathgroup5
LaTeX Font Info:    Redeclaring math symbol \hbar on input line 98.
LaTeX Font Info:    Overwriting math alphabet `\mathfrak' in version `bold'
(Font)                  U/euf/m/n --> U/euf/b/n on input line 106.
)) (C:\Users\kundai\AppData\Local\Programs\MiKTeX\tex/latex/amscls\amsthm.sty
Package: amsthm 2020/05/29 v2.20.6
\thm@style=\toks24
\thm@bodyfont=\toks25
\thm@headfont=\toks26
\thm@notefont=\toks27
\thm@headpunct=\toks28
\thm@preskip=\skip53
\thm@postskip=\skip54
\thm@headsep=\skip55
\dth@everypar=\toks29
)
(C:\Users\kundai\AppData\Local\Programs\MiKTeX\tex/latex/geometry\geometry.sty
Package: geometry 2020/01/02 v5.9 Page Geometry

(C:\Users\kundai\AppData\Local\Programs\MiKTeX\tex/latex/graphics\keyval.sty
Package: keyval 2022/05/29 v1.15 key=value parser (DPC)
\KV@toks@=\toks30
)
(C:\Users\kundai\AppData\Local\Programs\MiKTeX\tex/generic/iftex\ifvtex.sty
Package: ifvtex 2019/10/25 v1.7 ifvtex legacy package. Use iftex instead.

(C:\Users\kundai\AppData\Local\Programs\MiKTeX\tex/generic/iftex\iftex.sty
Package: iftex 2022/02/03 v1.0f TeX engine tests
))
\Gm@cnth=\count273
\Gm@cntv=\count274
\c@Gm@tempcnt=\count275
\Gm@bindingoffset=\dimen150
\Gm@wd@mp=\dimen151
\Gm@odd@mp=\dimen152
\Gm@even@mp=\dimen153
\Gm@layoutwidth=\dimen154
\Gm@layoutheight=\dimen155
\Gm@layouthoffset=\dimen156
\Gm@layoutvoffset=\dimen157
\Gm@dimlist=\toks31

(C:\Users\kundai\AppData\Local\Programs\MiKTeX\tex/latex/geometry\geometry.cfg)
)
(C:\Users\kundai\AppData\Local\Programs\MiKTeX\tex/latex/graphics\graphicx.sty
Package: graphicx 2021/09/16 v1.2d Enhanced LaTeX Graphics (DPC,SPQR)

(C:\Users\kundai\AppData\Local\Programs\MiKTeX\tex/latex/graphics\graphics.sty
Package: graphics 2022/03/10 v1.4e Standard LaTeX Graphics (DPC,SPQR)

(C:\Users\kundai\AppData\Local\Programs\MiKTeX\tex/latex/graphics\trig.sty
Package: trig 2021/08/11 v1.11 sin cos tan (DPC)
)
(C:\Users\kundai\AppData\Local\Programs\MiKTeX\tex/latex/graphics-cfg\graphics.
cfg
File: graphics.cfg 2016/06/04 v1.11 sample graphics configuration
)
Package graphics Info: Driver file: pdftex.def on input line 107.

(C:\Users\kundai\AppData\Local\Programs\MiKTeX\tex/latex/graphics-def\pdftex.de
f
File: pdftex.def 2022/09/22 v1.2b Graphics/color driver for pdftex
))
\Gin@req@height=\dimen158
\Gin@req@width=\dimen159
)
(C:\Users\kundai\AppData\Local\Programs\MiKTeX\tex/latex/hyperref\hyperref.sty
Package: hyperref 2023-11-26 v7.01g Hypertext links for LaTeX

(C:\Users\kundai\AppData\Local\Programs\MiKTeX\tex/generic/infwarerr\infwarerr.
sty
Package: infwarerr 2019/12/03 v1.5 Providing info/warning/error messages (HO)
)
(C:\Users\kundai\AppData\Local\Programs\MiKTeX\tex/latex/kvsetkeys\kvsetkeys.st
y
Package: kvsetkeys 2022-10-05 v1.19 Key value parser (HO)
)
(C:\Users\kundai\AppData\Local\Programs\MiKTeX\tex/generic/kvdefinekeys\kvdefin
ekeys.sty
Package: kvdefinekeys 2019-12-19 v1.6 Define keys (HO)
)
(C:\Users\kundai\AppData\Local\Programs\MiKTeX\tex/generic/pdfescape\pdfescape.
sty
Package: pdfescape 2019/12/09 v1.15 Implements pdfTeX's escape features (HO)

(C:\Users\kundai\AppData\Local\Programs\MiKTeX\tex/generic/ltxcmds\ltxcmds.sty
Package: ltxcmds 2023-12-04 v1.26 LaTeX kernel commands for general use (HO)
)
(C:\Users\kundai\AppData\Local\Programs\MiKTeX\tex/generic/pdftexcmds\pdftexcmd
s.sty
Package: pdftexcmds 2020-06-27 v0.33 Utility functions of pdfTeX for LuaTeX (HO
)
Package pdftexcmds Info: \pdf@primitive is available.
Package pdftexcmds Info: \pdf@ifprimitive is available.
Package pdftexcmds Info: \pdfdraftmode found.
))
(C:\Users\kundai\AppData\Local\Programs\MiKTeX\tex/latex/hycolor\hycolor.sty
Package: hycolor 2020-01-27 v1.10 Color options for hyperref/bookmark (HO)
)
(C:\Users\kundai\AppData\Local\Programs\MiKTeX\tex/latex/letltxmacro\letltxmacr
o.sty
Package: letltxmacro 2019/12/03 v1.6 Let assignment for LaTeX macros (HO)
)
(C:\Users\kundai\AppData\Local\Programs\MiKTeX\tex/latex/auxhook\auxhook.sty
Package: auxhook 2019-12-17 v1.6 Hooks for auxiliary files (HO)
)
(C:\Users\kundai\AppData\Local\Programs\MiKTeX\tex/latex/hyperref\nameref.sty
Package: nameref 2023-11-26 v2.56 Cross-referencing by name of section

(C:\Users\kundai\AppData\Local\Programs\MiKTeX\tex/latex/refcount\refcount.sty
Package: refcount 2019/12/15 v3.6 Data extraction from label references (HO)
)
(C:\Users\kundai\AppData\Local\Programs\MiKTeX\tex/generic/gettitlestring\getti
tlestring.sty
Package: gettitlestring 2019/12/15 v1.6 Cleanup title references (HO)

(C:\Users\kundai\AppData\Local\Programs\MiKTeX\tex/latex/kvoptions\kvoptions.st
y
Package: kvoptions 2022-06-15 v3.15 Key value format for package options (HO)
))
\c@section@level=\count276
)
(C:\Users\kundai\AppData\Local\Programs\MiKTeX\tex/latex/etoolbox\etoolbox.sty
Package: etoolbox 2020/10/05 v2.5k e-TeX tools for LaTeX (JAW)
\etb@tempcnta=\count277
)
\@linkdim=\dimen160
\Hy@linkcounter=\count278
\Hy@pagecounter=\count279
(C:\Users\kundai\AppData\Local\Programs\MiKTeX\tex/latex/hyperref\pd1enc.def
File: pd1enc.def 2023-11-26 v7.01g Hyperref: PDFDocEncoding definition (HO)
Now handling font encoding PD1 ...
... no UTF-8 mapping file for font encoding PD1
)
(C:\Users\kundai\AppData\Local\Programs\MiKTeX\tex/generic/intcalc\intcalc.sty
Package: intcalc 2019/12/15 v1.3 Expandable calculations with integers (HO)
)
\Hy@SavedSpaceFactor=\count280
(C:\Users\kundai\AppData\Local\Programs\MiKTeX\tex/latex/hyperref\puenc.def
File: puenc.def 2023-11-26 v7.01g Hyperref: PDF Unicode definition (HO)
Now handling font encoding PU ...
... no UTF-8 mapping file for font encoding PU
)
Package hyperref Info: Hyper figures OFF on input line 4181.
Package hyperref Info: Link nesting OFF on input line 4186.
Package hyperref Info: Hyper index ON on input line 4189.
Package hyperref Info: Plain pages OFF on input line 4196.
Package hyperref Info: Backreferencing OFF on input line 4201.
Package hyperref Info: Implicit mode ON; LaTeX internals redefined.
Package hyperref Info: Bookmarks ON on input line 4448.
\c@Hy@tempcnt=\count281

(C:\Users\kundai\AppData\Local\Programs\MiKTeX\tex/latex/url\url.sty
\Urlmuskip=\muskip17
Package: url 2013/09/16  ver 3.4  Verb mode for urls, etc.
)
LaTeX Info: Redefining \url on input line 4786.
\XeTeXLinkMargin=\dimen161

(C:\Users\kundai\AppData\Local\Programs\MiKTeX\tex/generic/bitset\bitset.sty
Package: bitset 2019/12/09 v1.3 Handle bit-vector datatype (HO)

(C:\Users\kundai\AppData\Local\Programs\MiKTeX\tex/generic/bigintcalc\bigintcal
c.sty
Package: bigintcalc 2019/12/15 v1.5 Expandable calculations on big integers (HO
)
))
\Fld@menulength=\count282
\Field@Width=\dimen162
\Fld@charsize=\dimen163
Package hyperref Info: Hyper figures OFF on input line 6065.
Package hyperref Info: Link nesting OFF on input line 6070.
Package hyperref Info: Hyper index ON on input line 6073.
Package hyperref Info: backreferencing OFF on input line 6080.
Package hyperref Info: Link coloring OFF on input line 6085.
Package hyperref Info: Link coloring with OCG OFF on input line 6090.
Package hyperref Info: PDF/A mode OFF on input line 6095.

(C:\Users\kundai\AppData\Local\Programs\MiKTeX\tex/latex/base\atbegshi-ltx.sty
Package: atbegshi-ltx 2021/01/10 v1.0c Emulation of the original atbegshi
package with kernel methods
)
\Hy@abspage=\count283
\c@Item=\count284
\c@Hfootnote=\count285
)
Package hyperref Info: Driver (autodetected): hpdftex.
 (C:\Users\kundai\AppData\Local\Programs\MiKTeX\tex/latex/hyperref\hpdftex.def
File: hpdftex.def 2023-11-26 v7.01g Hyperref driver for pdfTeX

(C:\Users\kundai\AppData\Local\Programs\MiKTeX\tex/latex/base\atveryend-ltx.sty
Package: atveryend-ltx 2020/08/19 v1.0a Emulation of the original atveryend pac
kage
with kernel methods
)
\Fld@listcount=\count286
\c@bookmark@seq@number=\count287

(C:\Users\kundai\AppData\Local\Programs\MiKTeX\tex/latex/rerunfilecheck\rerunfi
lecheck.sty
Package: rerunfilecheck 2025-06-21 v1.11 Rerun checks for auxiliary files (HO)

(C:\Users\kundai\AppData\Local\Programs\MiKTeX\tex/generic/uniquecounter\unique
counter.sty
Package: uniquecounter 2019/12/15 v1.4 Provide unlimited unique counter (HO)
)
Package uniquecounter Info: New unique counter `rerunfilecheck' on input line 2
84.
)
\Hy@SectionHShift=\skip56
)
(C:\Users\kundai\AppData\Local\Programs\MiKTeX\tex/latex/algorithms\algorithm.s
ty
Package: algorithm 2009/08/24 v0.1 Document Style `algorithm' - floating enviro
nment
 (C:\Users\kundai\AppData\Local\Programs\MiKTeX\tex/latex/float\float.sty
Package: float 2001/11/08 v1.3d Float enhancements (AL)
\c@float@type=\count288
\float@exts=\toks32
\float@box=\box53
\@float@everytoks=\toks33
\@floatcapt=\box54
)
(C:\Users\kundai\AppData\Local\Programs\MiKTeX\tex/latex/base\ifthen.sty
Package: ifthen 2022/04/13 v1.1d Standard LaTeX ifthen package (DPC)
)
\@float@every@algorithm=\toks34
\c@algorithm=\count289
)
(C:\Users\kundai\AppData\Local\Programs\MiKTeX\tex/latex/algorithmicx\algpseudo
code.sty
Package: algpseudocode 

(C:\Users\kundai\AppData\Local\Programs\MiKTeX\tex/latex/algorithmicx\algorithm
icx.sty
Package: algorithmicx 2005/04/27 v1.2 Algorithmicx

Document Style algorithmicx 1.2 - a greatly improved `algorithmic' style
\c@ALG@line=\count290
\c@ALG@rem=\count291
\c@ALG@nested=\count292
\ALG@tlm=\skip57
\ALG@thistlm=\skip58
\c@ALG@Lnr=\count293
\c@ALG@blocknr=\count294
\c@ALG@storecount=\count295
\c@ALG@tmpcounter=\count296
\ALG@tmplength=\skip59
)
Document Style - pseudocode environments for use with the `algorithmicx' style
)
(C:\Users\kundai\AppData\Local\Programs\MiKTeX\tex/latex/booktabs\booktabs.sty
Package: booktabs 2020/01/12 v1.61803398 Publication quality tables
\heavyrulewidth=\dimen164
\lightrulewidth=\dimen165
\cmidrulewidth=\dimen166
\belowrulesep=\dimen167
\belowbottomsep=\dimen168
\aboverulesep=\dimen169
\abovetopsep=\dimen170
\cmidrulesep=\dimen171
\cmidrulekern=\dimen172
\defaultaddspace=\dimen173
\@cmidla=\count297
\@cmidlb=\count298
\@aboverulesep=\dimen174
\@belowrulesep=\dimen175
\@thisruleclass=\count299
\@lastruleclass=\count300
\@thisrulewidth=\dimen176
)
(C:\Users\kundai\AppData\Local\Programs\MiKTeX\tex/latex/pgf/frontendlayer\tikz
.sty
(C:\Users\kundai\AppData\Local\Programs\MiKTeX\tex/latex/pgf/basiclayer\pgf.sty

(C:\Users\kundai\AppData\Local\Programs\MiKTeX\tex/latex/pgf/utilities\pgfrcs.s
ty
(C:\Users\kundai\AppData\Local\Programs\MiKTeX\tex/generic/pgf/utilities\pgfuti
l-common.tex
\pgfutil@everybye=\toks35
\pgfutil@tempdima=\dimen177
\pgfutil@tempdimb=\dimen178
)
(C:\Users\kundai\AppData\Local\Programs\MiKTeX\tex/generic/pgf/utilities\pgfuti
l-latex.def
\pgfutil@abb=\box55
)
(C:\Users\kundai\AppData\Local\Programs\MiKTeX\tex/generic/pgf/utilities\pgfrcs
.code.tex
(C:\Users\kundai\AppData\Local\Programs\MiKTeX\tex/generic/pgf\pgf.revision.tex
)
Package: pgfrcs 2023-01-15 v3.1.10 (3.1.10)
))
Package: pgf 2023-01-15 v3.1.10 (3.1.10)

(C:\Users\kundai\AppData\Local\Programs\MiKTeX\tex/latex/pgf/basiclayer\pgfcore
.sty
(C:\Users\kundai\AppData\Local\Programs\MiKTeX\tex/latex/pgf/systemlayer\pgfsys
.sty
(C:\Users\kundai\AppData\Local\Programs\MiKTeX\tex/generic/pgf/systemlayer\pgfs
ys.code.tex
Package: pgfsys 2023-01-15 v3.1.10 (3.1.10)

(C:\Users\kundai\AppData\Local\Programs\MiKTeX\tex/generic/pgf/utilities\pgfkey
s.code.tex
\pgfkeys@pathtoks=\toks36
\pgfkeys@temptoks=\toks37

(C:\Users\kundai\AppData\Local\Programs\MiKTeX\tex/generic/pgf/utilities\pgfkey
slibraryfiltered.code.tex
\pgfkeys@tmptoks=\toks38
))
\pgf@x=\dimen179
\pgf@y=\dimen180
\pgf@xa=\dimen181
\pgf@ya=\dimen182
\pgf@xb=\dimen183
\pgf@yb=\dimen184
\pgf@xc=\dimen185
\pgf@yc=\dimen186
\pgf@xd=\dimen187
\pgf@yd=\dimen188
\w@pgf@writea=\write3
\r@pgf@reada=\read2
\c@pgf@counta=\count301
\c@pgf@countb=\count302
\c@pgf@countc=\count303
\c@pgf@countd=\count304
\t@pgf@toka=\toks39
\t@pgf@tokb=\toks40
\t@pgf@tokc=\toks41
\pgf@sys@id@count=\count305

(C:\Users\kundai\AppData\Local\Programs\MiKTeX\tex/generic/pgf/systemlayer\pgf.
cfg
File: pgf.cfg 2023-01-15 v3.1.10 (3.1.10)
)
Driver file for pgf: pgfsys-pdftex.def

(C:\Users\kundai\AppData\Local\Programs\MiKTeX\tex/generic/pgf/systemlayer\pgfs
ys-pdftex.def
File: pgfsys-pdftex.def 2023-01-15 v3.1.10 (3.1.10)

(C:\Users\kundai\AppData\Local\Programs\MiKTeX\tex/generic/pgf/systemlayer\pgfs
ys-common-pdf.def
File: pgfsys-common-pdf.def 2023-01-15 v3.1.10 (3.1.10)
)))
(C:\Users\kundai\AppData\Local\Programs\MiKTeX\tex/generic/pgf/systemlayer\pgfs
yssoftpath.code.tex
File: pgfsyssoftpath.code.tex 2023-01-15 v3.1.10 (3.1.10)
\pgfsyssoftpath@smallbuffer@items=\count306
\pgfsyssoftpath@bigbuffer@items=\count307
)
(C:\Users\kundai\AppData\Local\Programs\MiKTeX\tex/generic/pgf/systemlayer\pgfs
ysprotocol.code.tex
File: pgfsysprotocol.code.tex 2023-01-15 v3.1.10 (3.1.10)
))
(C:\Users\kundai\AppData\Local\Programs\MiKTeX\tex/latex/xcolor\xcolor.sty
Package: xcolor 2023/11/15 v3.01 LaTeX color extensions (UK)

(C:\Users\kundai\AppData\Local\Programs\MiKTeX\tex/latex/graphics-cfg\color.cfg
File: color.cfg 2016/01/02 v1.6 sample color configuration
)
Package xcolor Info: Driver file: pdftex.def on input line 274.

(C:\Users\kundai\AppData\Local\Programs\MiKTeX\tex/latex/graphics\mathcolor.ltx
)
Package xcolor Info: Model `cmy' substituted by `cmy0' on input line 1350.
Package xcolor Info: Model `hsb' substituted by `rgb' on input line 1354.
Package xcolor Info: Model `RGB' extended on input line 1366.
Package xcolor Info: Model `HTML' substituted by `rgb' on input line 1368.
Package xcolor Info: Model `Hsb' substituted by `hsb' on input line 1369.
Package xcolor Info: Model `tHsb' substituted by `hsb' on input line 1370.
Package xcolor Info: Model `HSB' substituted by `hsb' on input line 1371.
Package xcolor Info: Model `Gray' substituted by `gray' on input line 1372.
Package xcolor Info: Model `wave' substituted by `hsb' on input line 1373.
)
(C:\Users\kundai\AppData\Local\Programs\MiKTeX\tex/generic/pgf/basiclayer\pgfco
re.code.tex
Package: pgfcore 2023-01-15 v3.1.10 (3.1.10)

(C:\Users\kundai\AppData\Local\Programs\MiKTeX\tex/generic/pgf/math\pgfmath.cod
e.tex
(C:\Users\kundai\AppData\Local\Programs\MiKTeX\tex/generic/pgf/math\pgfmathutil
.code.tex)
(C:\Users\kundai\AppData\Local\Programs\MiKTeX\tex/generic/pgf/math\pgfmathpars
er.code.tex
\pgfmath@dimen=\dimen189
\pgfmath@count=\count308
\pgfmath@box=\box56
\pgfmath@toks=\toks42
\pgfmath@stack@operand=\toks43
\pgfmath@stack@operation=\toks44
)
(C:\Users\kundai\AppData\Local\Programs\MiKTeX\tex/generic/pgf/math\pgfmathfunc
tions.code.tex)
(C:\Users\kundai\AppData\Local\Programs\MiKTeX\tex/generic/pgf/math\pgfmathfunc
tions.basic.code.tex)
(C:\Users\kundai\AppData\Local\Programs\MiKTeX\tex/generic/pgf/math\pgfmathfunc
tions.trigonometric.code.tex)
(C:\Users\kundai\AppData\Local\Programs\MiKTeX\tex/generic/pgf/math\pgfmathfunc
tions.random.code.tex)
(C:\Users\kundai\AppData\Local\Programs\MiKTeX\tex/generic/pgf/math\pgfmathfunc
tions.comparison.code.tex)
(C:\Users\kundai\AppData\Local\Programs\MiKTeX\tex/generic/pgf/math\pgfmathfunc
tions.base.code.tex)
(C:\Users\kundai\AppData\Local\Programs\MiKTeX\tex/generic/pgf/math\pgfmathfunc
tions.round.code.tex)
(C:\Users\kundai\AppData\Local\Programs\MiKTeX\tex/generic/pgf/math\pgfmathfunc
tions.misc.code.tex)
(C:\Users\kundai\AppData\Local\Programs\MiKTeX\tex/generic/pgf/math\pgfmathfunc
tions.integerarithmetics.code.tex)
(C:\Users\kundai\AppData\Local\Programs\MiKTeX\tex/generic/pgf/math\pgfmathcalc
.code.tex)
(C:\Users\kundai\AppData\Local\Programs\MiKTeX\tex/generic/pgf/math\pgfmathfloa
t.code.tex
\c@pgfmathroundto@lastzeros=\count309
))
(C:\Users\kundai\AppData\Local\Programs\MiKTeX\tex/generic/pgf/math\pgfint.code
.tex)
(C:\Users\kundai\AppData\Local\Programs\MiKTeX\tex/generic/pgf/basiclayer\pgfco
repoints.code.tex
File: pgfcorepoints.code.tex 2023-01-15 v3.1.10 (3.1.10)
\pgf@picminx=\dimen190
\pgf@picmaxx=\dimen191
\pgf@picminy=\dimen192
\pgf@picmaxy=\dimen193
\pgf@pathminx=\dimen194
\pgf@pathmaxx=\dimen195
\pgf@pathminy=\dimen196
\pgf@pathmaxy=\dimen197
\pgf@xx=\dimen198
\pgf@xy=\dimen199
\pgf@yx=\dimen256
\pgf@yy=\dimen257
\pgf@zx=\dimen258
\pgf@zy=\dimen259
)
(C:\Users\kundai\AppData\Local\Programs\MiKTeX\tex/generic/pgf/basiclayer\pgfco
repathconstruct.code.tex
File: pgfcorepathconstruct.code.tex 2023-01-15 v3.1.10 (3.1.10)
\pgf@path@lastx=\dimen260
\pgf@path@lasty=\dimen261
)
(C:\Users\kundai\AppData\Local\Programs\MiKTeX\tex/generic/pgf/basiclayer\pgfco
repathusage.code.tex
File: pgfcorepathusage.code.tex 2023-01-15 v3.1.10 (3.1.10)
\pgf@shorten@end@additional=\dimen262
\pgf@shorten@start@additional=\dimen263
)
(C:\Users\kundai\AppData\Local\Programs\MiKTeX\tex/generic/pgf/basiclayer\pgfco
rescopes.code.tex
File: pgfcorescopes.code.tex 2023-01-15 v3.1.10 (3.1.10)
\pgfpic=\box57
\pgf@hbox=\box58
\pgf@layerbox@main=\box59
\pgf@picture@serial@count=\count310
)
(C:\Users\kundai\AppData\Local\Programs\MiKTeX\tex/generic/pgf/basiclayer\pgfco
regraphicstate.code.tex
File: pgfcoregraphicstate.code.tex 2023-01-15 v3.1.10 (3.1.10)
\pgflinewidth=\dimen264
)
(C:\Users\kundai\AppData\Local\Programs\MiKTeX\tex/generic/pgf/basiclayer\pgfco
retransformations.code.tex
File: pgfcoretransformations.code.tex 2023-01-15 v3.1.10 (3.1.10)
\pgf@pt@x=\dimen265
\pgf@pt@y=\dimen266
\pgf@pt@temp=\dimen267
)
(C:\Users\kundai\AppData\Local\Programs\MiKTeX\tex/generic/pgf/basiclayer\pgfco
requick.code.tex
File: pgfcorequick.code.tex 2023-01-15 v3.1.10 (3.1.10)
)
(C:\Users\kundai\AppData\Local\Programs\MiKTeX\tex/generic/pgf/basiclayer\pgfco
reobjects.code.tex
File: pgfcoreobjects.code.tex 2023-01-15 v3.1.10 (3.1.10)
)
(C:\Users\kundai\AppData\Local\Programs\MiKTeX\tex/generic/pgf/basiclayer\pgfco
repathprocessing.code.tex
File: pgfcorepathprocessing.code.tex 2023-01-15 v3.1.10 (3.1.10)
)
(C:\Users\kundai\AppData\Local\Programs\MiKTeX\tex/generic/pgf/basiclayer\pgfco
rearrows.code.tex
File: pgfcorearrows.code.tex 2023-01-15 v3.1.10 (3.1.10)
\pgfarrowsep=\dimen268
)
(C:\Users\kundai\AppData\Local\Programs\MiKTeX\tex/generic/pgf/basiclayer\pgfco
reshade.code.tex
File: pgfcoreshade.code.tex 2023-01-15 v3.1.10 (3.1.10)
\pgf@max=\dimen269
\pgf@sys@shading@range@num=\count311
\pgf@shadingcount=\count312
)
(C:\Users\kundai\AppData\Local\Programs\MiKTeX\tex/generic/pgf/basiclayer\pgfco
reimage.code.tex
File: pgfcoreimage.code.tex 2023-01-15 v3.1.10 (3.1.10)
)
(C:\Users\kundai\AppData\Local\Programs\MiKTeX\tex/generic/pgf/basiclayer\pgfco
reexternal.code.tex
File: pgfcoreexternal.code.tex 2023-01-15 v3.1.10 (3.1.10)
\pgfexternal@startupbox=\box60
)
(C:\Users\kundai\AppData\Local\Programs\MiKTeX\tex/generic/pgf/basiclayer\pgfco
relayers.code.tex
File: pgfcorelayers.code.tex 2023-01-15 v3.1.10 (3.1.10)
)
(C:\Users\kundai\AppData\Local\Programs\MiKTeX\tex/generic/pgf/basiclayer\pgfco
retransparency.code.tex
File: pgfcoretransparency.code.tex 2023-01-15 v3.1.10 (3.1.10)
)
(C:\Users\kundai\AppData\Local\Programs\MiKTeX\tex/generic/pgf/basiclayer\pgfco
repatterns.code.tex
File: pgfcorepatterns.code.tex 2023-01-15 v3.1.10 (3.1.10)
)
(C:\Users\kundai\AppData\Local\Programs\MiKTeX\tex/generic/pgf/basiclayer\pgfco
rerdf.code.tex
File: pgfcorerdf.code.tex 2023-01-15 v3.1.10 (3.1.10)
)))
(C:\Users\kundai\AppData\Local\Programs\MiKTeX\tex/generic/pgf/modules\pgfmodul
eshapes.code.tex
File: pgfmoduleshapes.code.tex 2023-01-15 v3.1.10 (3.1.10)
\pgfnodeparttextbox=\box61
)
(C:\Users\kundai\AppData\Local\Programs\MiKTeX\tex/generic/pgf/modules\pgfmodul
eplot.code.tex
File: pgfmoduleplot.code.tex 2023-01-15 v3.1.10 (3.1.10)
)
(C:\Users\kundai\AppData\Local\Programs\MiKTeX\tex/latex/pgf/compatibility\pgfc
omp-version-0-65.sty
Package: pgfcomp-version-0-65 2023-01-15 v3.1.10 (3.1.10)
\pgf@nodesepstart=\dimen270
\pgf@nodesepend=\dimen271
)
(C:\Users\kundai\AppData\Local\Programs\MiKTeX\tex/latex/pgf/compatibility\pgfc
omp-version-1-18.sty
Package: pgfcomp-version-1-18 2023-01-15 v3.1.10 (3.1.10)
))
(C:\Users\kundai\AppData\Local\Programs\MiKTeX\tex/latex/pgf/utilities\pgffor.s
ty
(C:\Users\kundai\AppData\Local\Programs\MiKTeX\tex/latex/pgf/utilities\pgfkeys.
sty
(C:\Users\kundai\AppData\Local\Programs\MiKTeX\tex/generic/pgf/utilities\pgfkey
s.code.tex))
(C:\Users\kundai\AppData\Local\Programs\MiKTeX\tex/latex/pgf/math\pgfmath.sty
(C:\Users\kundai\AppData\Local\Programs\MiKTeX\tex/generic/pgf/math\pgfmath.cod
e.tex))
(C:\Users\kundai\AppData\Local\Programs\MiKTeX\tex/generic/pgf/utilities\pgffor
.code.tex
Package: pgffor 2023-01-15 v3.1.10 (3.1.10)
\pgffor@iter=\dimen272
\pgffor@skip=\dimen273
\pgffor@stack=\toks45
\pgffor@toks=\toks46
))
(C:\Users\kundai\AppData\Local\Programs\MiKTeX\tex/generic/pgf/frontendlayer/ti
kz\tikz.code.tex
Package: tikz 2023-01-15 v3.1.10 (3.1.10)

(C:\Users\kundai\AppData\Local\Programs\MiKTeX\tex/generic/pgf/libraries\pgflib
raryplothandlers.code.tex
File: pgflibraryplothandlers.code.tex 2023-01-15 v3.1.10 (3.1.10)
\pgf@plot@mark@count=\count313
\pgfplotmarksize=\dimen274
)
\tikz@lastx=\dimen275
\tikz@lasty=\dimen276
\tikz@lastxsaved=\dimen277
\tikz@lastysaved=\dimen278
\tikz@lastmovetox=\dimen279
\tikz@lastmovetoy=\dimen280
\tikzleveldistance=\dimen281
\tikzsiblingdistance=\dimen282
\tikz@figbox=\box62
\tikz@figbox@bg=\box63
\tikz@tempbox=\box64
\tikz@tempbox@bg=\box65
\tikztreelevel=\count314
\tikznumberofchildren=\count315
\tikznumberofcurrentchild=\count316
\tikz@fig@count=\count317

(C:\Users\kundai\AppData\Local\Programs\MiKTeX\tex/generic/pgf/modules\pgfmodul
ematrix.code.tex
File: pgfmodulematrix.code.tex 2023-01-15 v3.1.10 (3.1.10)
\pgfmatrixcurrentrow=\count318
\pgfmatrixcurrentcolumn=\count319
\pgf@matrix@numberofcolumns=\count320
)
\tikz@expandcount=\count321

(C:\Users\kundai\AppData\Local\Programs\MiKTeX\tex/generic/pgf/frontendlayer/ti
kz/libraries\tikzlibrarytopaths.code.tex
File: tikzlibrarytopaths.code.tex 2023-01-15 v3.1.10 (3.1.10)
)))
(C:\Users\kundai\AppData\Local\Programs\MiKTeX\tex/latex/tools\array.sty
Package: array 2023/10/16 v2.5g Tabular extension package (FMi)
\col@sep=\dimen283
\ar@mcellbox=\box66
\extrarowheight=\dimen284
\NC@list=\toks47
\extratabsurround=\skip60
\backup@length=\skip61
\ar@cellbox=\box67
)
(C:\Users\kundai\AppData\Local\Programs\MiKTeX\tex/latex/import\import.sty
Package: import 2020/04/01  v 6.2
)
\c@theorem=\count322

(C:\Users\kundai\AppData\Local\Programs\MiKTeX\tex/latex/l3backend\l3backend-pd
ftex.def
File: l3backend-pdftex.def 2024-01-04 L3 backend support: PDF output (pdfTeX)
\l__color_backend_stack_int=\count323
\l__pdf_internal_box=\box68
) (recursive-harmonic-network-graph.aux)
\openout1 = `recursive-harmonic-network-graph.aux'.

LaTeX Font Info:    Checking defaults for OML/cmm/m/it on input line 38.
LaTeX Font Info:    ... okay on input line 38.
LaTeX Font Info:    Checking defaults for OMS/cmsy/m/n on input line 38.
LaTeX Font Info:    ... okay on input line 38.
LaTeX Font Info:    Checking defaults for OT1/cmr/m/n on input line 38.
LaTeX Font Info:    ... okay on input line 38.
LaTeX Font Info:    Checking defaults for T1/cmr/m/n on input line 38.
LaTeX Font Info:    ... okay on input line 38.
LaTeX Font Info:    Checking defaults for TS1/cmr/m/n on input line 38.
LaTeX Font Info:    ... okay on input line 38.
LaTeX Font Info:    Checking defaults for OMX/cmex/m/n on input line 38.
LaTeX Font Info:    ... okay on input line 38.
LaTeX Font Info:    Checking defaults for U/cmr/m/n on input line 38.
LaTeX Font Info:    ... okay on input line 38.
LaTeX Font Info:    Checking defaults for PD1/pdf/m/n on input line 38.
LaTeX Font Info:    ... okay on input line 38.
LaTeX Font Info:    Checking defaults for PU/pdf/m/n on input line 38.
LaTeX Font Info:    ... okay on input line 38.

*geometry* driver: auto-detecting
*geometry* detected driver: pdftex
*geometry* verbose mode - [ preamble ] result:
* driver: pdftex
* paper: a4paper
* layout: <same size as paper>
* layoutoffset:(h,v)=(0.0pt,0.0pt)
* modes: 
* h-part:(L,W,R)=(72.26999pt, 452.9679pt, 72.26999pt)
* v-part:(T,H,B)=(72.26999pt, 700.50687pt, 72.26999pt)
* \paperwidth=597.50787pt
* \paperheight=845.04684pt
* \textwidth=452.9679pt
* \textheight=700.50687pt
* \oddsidemargin=0.0pt
* \evensidemargin=0.0pt
* \topmargin=-37.0pt
* \headheight=12.0pt
* \headsep=25.0pt
* \topskip=12.0pt
* \footskip=30.0pt
* \marginparwidth=35.0pt
* \marginparsep=10.0pt
* \columnsep=10.0pt
* \skip\footins=10.8pt plus 4.0pt minus 2.0pt
* \hoffset=0.0pt
* \voffset=0.0pt
* \mag=1000
* \@twocolumnfalse
* \@twosidefalse
* \@mparswitchfalse
* \@reversemarginfalse
* (1in=72.27pt=25.4mm, 1cm=28.453pt)


(C:\Users\kundai\AppData\Local\Programs\MiKTeX\tex/context/base/mkii\supp-pdf.m
kii
[Loading MPS to PDF converter (version 2006.09.02).]
\scratchcounter=\count324
\scratchdimen=\dimen285
\scratchbox=\box69
\nofMPsegments=\count325
\nofMParguments=\count326
\everyMPshowfont=\toks48
\MPscratchCnt=\count327
\MPscratchDim=\dimen286
\MPnumerator=\count328
\makeMPintoPDFobject=\count329
\everyMPtoPDFconversion=\toks49
)
(C:\Users\kundai\AppData\Local\Programs\MiKTeX\tex/latex/epstopdf-pkg\epstopdf-
base.sty
Package: epstopdf-base 2020-01-24 v2.11 Base part for package epstopdf
Package epstopdf-base Info: Redefining graphics rule for `.eps' on input line 4
85.

(C:\Users\kundai\AppData\Local\Programs\MiKTeX\tex/latex/00miktex\epstopdf-sys.
cfg
File: epstopdf-sys.cfg 2021/03/18 v2.0 Configuration of epstopdf for MiKTeX
))
Package hyperref Info: Link coloring OFF on input line 38.
 (recursive-harmonic-network-graph.out)
(recursive-harmonic-network-graph.out)
\@outlinefile=\write4
\openout4 = `recursive-harmonic-network-graph.out'.

LaTeX Font Info:    Trying to load font information for U+msa on input line 41.


(C:\Users\kundai\AppData\Local\Programs\MiKTeX\tex/latex/amsfonts\umsa.fd
File: umsa.fd 2013/01/14 v3.01 AMS symbols A
)
LaTeX Font Info:    Trying to load font information for U+msb on input line 41.


(C:\Users\kundai\AppData\Local\Programs\MiKTeX\tex/latex/amsfonts\umsb.fd
File: umsb.fd 2013/01/14 v3.01 AMS symbols B
)
LaTeX Font Info:    Trying to load font information for T1+cmtt on input line 4
1.

(C:\Users\kundai\AppData\Local\Programs\MiKTeX\tex/latex/base\t1cmtt.fd
File: t1cmtt.fd 2023/04/13 v2.5m Standard LaTeX font definitions
)
Overfull \hbox (8.96892pt too wide) in paragraph at lines 43--44
\T1/cmr/bx/n/10.95 ing\T1/cmr/m/n/10.95 ^^Vdirect CPU-molecular syn-chro-ni-sa-
tion en-abling mea-sure-ment through oscillator-
 []

[1

{C:/Users/kundai/AppData/Local/MiKTeX/fonts/map/pdftex/pdftex.map}]
(sections/section-01.tex
Overfull \hbox (3.9468pt too wide) in paragraph at lines 3--3
[]\T1/cmr/bx/n/17.28 Categorical-Harmonic Cor-re-spon-dence: Time as Cat-
 []

<figures/attoseconds.png, id=592, 1606.0pt x 1003.75pt>
File: figures/attoseconds.png Graphic file (type png)
<use figures/attoseconds.png>
Package pdftex.def Info: figures/attoseconds.png  used on input line 34.
(pdftex.def)             Requested size: 452.9679pt x 283.10042pt.
[2] [3
pdfTeX warning (ext4): destination with the same identifier (name{figure.1}) ha
s been already used, duplicate ignored
<argument> ...shipout:D \box_use:N \l_shipout_box 
                                                  \__shipout_drop_firstpage_...
l.59 \item O
            bjects are "incomplete" states requiring additional morphisms fo...
 <./figures/attoseconds.png>] [4]
<figures/categorical-oscillatory-correspondence.pdf, id=637, 602.25pt x 451.687
5pt>
File: figures/categorical-oscillatory-correspondence.pdf Graphic file (type pdf
)
<use figures/categorical-oscillatory-correspondence.pdf>
Package pdftex.def Info: figures/categorical-oscillatory-correspondence.pdf  us
ed on input line 171.
(pdftex.def)             Requested size: 385.02547pt x 288.78264pt.
 [5] [6
pdfTeX warning (ext4): destination with the same identifier (name{figure.2}) ha
s been already used, duplicate ignored
<argument> ...shipout:D \box_use:N \l_shipout_box 
                                                  \__shipout_drop_firstpage_...
l.192 \end{equation}
                     <./figures/categorical-oscillatory-correspondence.pdf>]

! LaTeX Error: Environment example undefined.

See the LaTeX manual or LaTeX Companion for explanation.
Type  H <return>  for immediate help.
 ...                                              
                                                  
l.203 \begin{example}
                     [N$_2$ Harmonic Resource Management]
Your command was ignored.
Type  I <command> <return>  to replace it with another command,
or  <return>  to continue without it.

[7]

! LaTeX Error: \begin{document} ended by \end{example}.

See the LaTeX manual or LaTeX Companion for explanation.
Type  H <return>  for immediate help.
 ...                                              
                                                  
l.245 \end{example}
                   
Your command was ignored.
Type  I <command> <return>  to replace it with another command,
or  <return>  to continue without it.

[8
pdfTeX warning (ext4): destination with the same identifier (name{table.1}) has
 been already used, duplicate ignored
<argument> ...shipout:D \box_use:N \l_shipout_box 
                                                  \__shipout_drop_firstpage_...
l.292 
      ]
Package hyperref Info: bookmark level for unknown algorithm defaults to 0 on in
put line 315.
 [9]
Overfull \hbox (1.33061pt too wide) in paragraph at lines 370--371
[]\T1/cmr/bx/n/12 Strategic ex-clu-sion en-ables pre-ci-sion man-age-ment\T1/cm
r/m/n/12 : Pre-exclude low-precision
 []

[10]) (sections/section-02.tex [11]

! LaTeX Error: Environment example undefined.

See the LaTeX manual or LaTeX Companion for explanation.
Type  H <return>  for immediate help.
 ...                                              
                                                  
l.93 \begin{example}
                    [N$_2$ Gas Chamber Degeneracy]
Your command was ignored.
Type  I <command> <return>  to replace it with another command,
or  <return>  to continue without it.

[12]

! LaTeX Error: \begin{document} ended by \end{example}.

See the LaTeX manual or LaTeX Companion for explanation.
Type  H <return>  for immediate help.
 ...                                              
                                                  
l.108 \end{example}
                   
Your command was ignored.
Type  I <command> <return>  to replace it with another command,
or  <return>  to continue without it.


Overfull \hbox (21.61588pt too wide) in paragraph at lines 118--119
[][]\T1/cmr/bx/n/12 Definition 2.3 \T1/cmr/m/n/12 (Bi-o-log-i-cal Maxwell De-mo
n (BMD) Fil-ter)\T1/cmr/bx/n/12 . []\T1/cmr/m/it/12 A BMD fil-ter $\OMS/cmsy/m/
n/12 F[] \OT1/cmr/m/n/12 : \OMS/cmsy/m/n/12 C[] !
 []

[13]
<figures/bmd_equivalence_20251105_124315.png, id=801, 1148.6112pt x 711.8595pt>

File: figures/bmd_equivalence_20251105_124315.png Graphic file (type png)
<use figures/bmd_equivalence_20251105_124315.png>
Package pdftex.def Info: figures/bmd_equivalence_20251105_124315.png  used on i
nput line 191.
(pdftex.def)             Requested size: 452.9679pt x 280.73064pt.


! LaTeX Error: Unicode character ‚Å∑ (U+2077)
               not set up for use with LaTeX.

See the LaTeX manual or LaTeX Companion for explanation.
Type  H <return>  for immediate help.
 ...                                              
                                                  
l.192 ...thway-independent measurement mechanism.}
                                                  
You may provide a definition with
\DeclareUnicodeCharacter 


! LaTeX Error: Unicode character ‚Å∑ (U+2077)
               not set up for use with LaTeX.

See the LaTeX manual or LaTeX Companion for explanation.
Type  H <return>  for immediate help.
 ...                                              
                                                  
l.192 ...thway-independent measurement mechanism.}
                                                  
You may provide a definition with
\DeclareUnicodeCharacter 


! LaTeX Error: Unicode character ‚Å∑ (U+2077)
               not set up for use with LaTeX.

See the LaTeX manual or LaTeX Companion for explanation.
Type  H <return>  for immediate help.
 ...                                              
                                                  
l.192 ...thway-independent measurement mechanism.}
                                                  
You may provide a definition with
\DeclareUnicodeCharacter 


! LaTeX Error: Unicode character ‚Å∑ (U+2077)
               not set up for use with LaTeX.

See the LaTeX manual or LaTeX Companion for explanation.
Type  H <return>  for immediate help.
 ...                                              
                                                  
l.192 ...thway-independent measurement mechanism.}
                                                  
You may provide a definition with
\DeclareUnicodeCharacter 

[14] [15
pdfTeX warning (ext4): destination with the same identifier (name{figure.3}) ha
s been already used, duplicate ignored
<argument> ...shipout:D \box_use:N \l_shipout_box 
                                                  \__shipout_drop_firstpage_...
l.235 \end{equation}
                     <./figures/bmd_equivalence_20251105_124315.png>] [16]
<figures/bmd_equivalence_20251105_122812.png, id=831, 1148.6112pt x 711.8595pt>

File: figures/bmd_equivalence_20251105_122812.png Graphic file (type png)
<use figures/bmd_equivalence_20251105_122812.png>
Package pdftex.def Info: figures/bmd_equivalence_20251105_122812.png  used on i
nput line 346.
(pdftex.def)             Requested size: 452.9679pt x 280.73064pt.


! LaTeX Error: Unicode character ‚Å∑ (U+2077)
               not set up for use with LaTeX.

See the LaTeX manual or LaTeX Companion for explanation.
Type  H <return>  for immediate help.
 ...                                              
                                                  
l.347 ...nential decay (‚àº10‚Åª‚Å∏ to 10‚Åª‚Åπ).}
                                                  
You may provide a definition with
\DeclareUnicodeCharacter 


! LaTeX Error: Unicode character ‚â• (U+2265)
               not set up for use with LaTeX.

See the LaTeX manual or LaTeX Companion for explanation.
Type  H <return>  for immediate help.
 ...                                              
                                                  
l.347 ...nential decay (‚àº10‚Åª‚Å∏ to 10‚Åª‚Åπ).}
                                                  
You may provide a definition with
\DeclareUnicodeCharacter 


! LaTeX Error: Unicode character ‚Å∑ (U+2077)
               not set up for use with LaTeX.

See the LaTeX manual or LaTeX Companion for explanation.
Type  H <return>  for immediate help.
 ...                                              
                                                  
l.347 ...nential decay (‚àº10‚Åª‚Å∏ to 10‚Åª‚Åπ).}
                                                  
You may provide a definition with
\DeclareUnicodeCharacter 


! LaTeX Error: Unicode character ‚àº (U+223C)
               not set up for use with LaTeX.

See the LaTeX manual or LaTeX Companion for explanation.
Type  H <return>  for immediate help.
 ...                                              
                                                  
l.347 ...nential decay (‚àº10‚Åª‚Å∏ to 10‚Åª‚Åπ).}
                                                  
You may provide a definition with
\DeclareUnicodeCharacter 


! LaTeX Error: Unicode character ‚Åª (U+207B)
               not set up for use with LaTeX.

See the LaTeX manual or LaTeX Companion for explanation.
Type  H <return>  for immediate help.
 ...                                              
                                                  
l.347 ...nential decay (‚àº10‚Åª‚Å∏ to 10‚Åª‚Åπ).}
                                                  
You may provide a definition with
\DeclareUnicodeCharacter 


! LaTeX Error: Unicode character ‚Å∏ (U+2078)
               not set up for use with LaTeX.

See the LaTeX manual or LaTeX Companion for explanation.
Type  H <return>  for immediate help.
 ...                                              
                                                  
l.347 ...nential decay (‚àº10‚Åª‚Å∏ to 10‚Åª‚Åπ).}
                                                  
You may provide a definition with
\DeclareUnicodeCharacter 


! LaTeX Error: Unicode character ‚Åª (U+207B)
               not set up for use with LaTeX.

See the LaTeX manual or LaTeX Companion for explanation.
Type  H <return>  for immediate help.
 ...                                              
                                                  
l.347 ...nential decay (‚àº10‚Åª‚Å∏ to 10‚Åª‚Åπ).}
                                                  
You may provide a definition with
\DeclareUnicodeCharacter 


! LaTeX Error: Unicode character ‚Åπ (U+2079)
               not set up for use with LaTeX.

See the LaTeX manual or LaTeX Companion for explanation.
Type  H <return>  for immediate help.
 ...                                              
                                                  
l.347 ...nential decay (‚àº10‚Åª‚Å∏ to 10‚Åª‚Åπ).}
                                                  
You may provide a definition with
\DeclareUnicodeCharacter 


! LaTeX Error: Unicode character ‚Å∑ (U+2077)
               not set up for use with LaTeX.

See the LaTeX manual or LaTeX Companion for explanation.
Type  H <return>  for immediate help.
 ...                                              
                                                  
l.347 ...nential decay (‚àº10‚Åª‚Å∏ to 10‚Åª‚Åπ).}
                                                  
You may provide a definition with
\DeclareUnicodeCharacter 


! LaTeX Error: Unicode character ‚â• (U+2265)
               not set up for use with LaTeX.

See the LaTeX manual or LaTeX Companion for explanation.
Type  H <return>  for immediate help.
 ...                                              
                                                  
l.347 ...nential decay (‚àº10‚Åª‚Å∏ to 10‚Åª‚Åπ).}
                                                  
You may provide a definition with
\DeclareUnicodeCharacter 


! LaTeX Error: Unicode character ‚Å∑ (U+2077)
               not set up for use with LaTeX.

See the LaTeX manual or LaTeX Companion for explanation.
Type  H <return>  for immediate help.
 ...                                              
                                                  
l.347 ...nential decay (‚àº10‚Åª‚Å∏ to 10‚Åª‚Åπ).}
                                                  
You may provide a definition with
\DeclareUnicodeCharacter 


! LaTeX Error: Unicode character ‚àº (U+223C)
               not set up for use with LaTeX.

See the LaTeX manual or LaTeX Companion for explanation.
Type  H <return>  for immediate help.
 ...                                              
                                                  
l.347 ...nential decay (‚àº10‚Åª‚Å∏ to 10‚Åª‚Åπ).}
                                                  
You may provide a definition with
\DeclareUnicodeCharacter 


! LaTeX Error: Unicode character ‚Åª (U+207B)
               not set up for use with LaTeX.

See the LaTeX manual or LaTeX Companion for explanation.
Type  H <return>  for immediate help.
 ...                                              
                                                  
l.347 ...nential decay (‚àº10‚Åª‚Å∏ to 10‚Åª‚Åπ).}
                                                  
You may provide a definition with
\DeclareUnicodeCharacter 


! LaTeX Error: Unicode character ‚Å∏ (U+2078)
               not set up for use with LaTeX.

See the LaTeX manual or LaTeX Companion for explanation.
Type  H <return>  for immediate help.
 ...                                              
                                                  
l.347 ...nential decay (‚àº10‚Åª‚Å∏ to 10‚Åª‚Åπ).}
                                                  
You may provide a definition with
\DeclareUnicodeCharacter 


! LaTeX Error: Unicode character ‚Åª (U+207B)
               not set up for use with LaTeX.

See the LaTeX manual or LaTeX Companion for explanation.
Type  H <return>  for immediate help.
 ...                                              
                                                  
l.347 ...nential decay (‚àº10‚Åª‚Å∏ to 10‚Åª‚Åπ).}
                                                  
You may provide a definition with
\DeclareUnicodeCharacter 


! LaTeX Error: Unicode character ‚Åπ (U+2079)
               not set up for use with LaTeX.

See the LaTeX manual or LaTeX Companion for explanation.
Type  H <return>  for immediate help.
 ...                                              
                                                  
l.347 ...nential decay (‚àº10‚Åª‚Å∏ to 10‚Åª‚Åπ).}
                                                  
You may provide a definition with
\DeclareUnicodeCharacter 

[17] [18
pdfTeX warning (ext4): destination with the same identifier (name{figure.4}) ha
s been already used, duplicate ignored
<argument> ...shipout:D \box_use:N \l_shipout_box 
                                                  \__shipout_drop_firstpage_...
l.400 
       <./figures/bmd_equivalence_20251105_122812.png>] [19])
(sections/section-03.tex
Overfull \hbox (24.08736pt too wide) in paragraph at lines 11--12
[][]\T1/cmr/bx/n/12 Definition 3.1 \T1/cmr/m/n/12 (S-S-pace for Har-monic Sys-t
ems)\T1/cmr/bx/n/12 . []\T1/cmr/m/it/12 Har-monic anal-y-sis nav-i-gates tri-di
mensional
 []

[20
pdfTeX warning (ext4): destination with the same identifier (name{table.2}) has
 been already used, duplicate ignored
<argument> ...shipout:D \box_use:N \l_shipout_box 
                                                  \__shipout_drop_firstpage_...
l.12 \begin{equation}
                     ] [21] [22]
<figures/femtosecond.png, id=901, 1606.0pt x 1003.75pt>
File: figures/femtosecond.png Graphic file (type png)
<use figures/femtosecond.png>
Package pdftex.def Info: figures/femtosecond.png  used on input line 166.
(pdftex.def)             Requested size: 452.9679pt x 283.10042pt.
 [23] [24
pdfTeX warning (ext4): destination with the same identifier (name{figure.5}) ha
s been already used, duplicate ignored
<argument> ...shipout:D \box_use:N \l_shipout_box 
                                                  \__shipout_drop_firstpage_...
l.187 \end{equation}
                     <./figures/femtosecond.png>] [25]
Overfull \hbox (0.82956pt too wide) in paragraph at lines 261--262
[]\T1/cmr/m/n/12 By choos-ing $\OML/cmm/m/it/12 f$ \T1/cmr/m/n/12 ap-pro-pri-at
ely, can make $\OML/cmm/m/it/12 d^^U=dt$ \T1/cmr/m/n/12 ar-bi-trar-ily large $ 
\OT1/cmr/m/n/12 =[]\OMS/cmsy/m/n/12 ) $ \T1/cmr/m/n/12 rapid S-navigation. 
 []

[26] [27] [28]) (sections/section-04.tex [29
pdfTeX warning (ext4): destination with the same identifier (name{table.3}) has
 been already used, duplicate ignored
<argument> ...shipout:D \box_use:N \l_shipout_box 
                                                  \__shipout_drop_firstpage_...
l.18 \end{equation}
                   ]
Overfull \hbox (0.94983pt too wide) in paragraph at lines 45--46
[]\T1/cmr/m/n/12 Each har-monic $\OML/cmm/m/it/12 ![]$ \T1/cmr/m/n/12 de-com-po
ses into three or-thog-o-nal modes cor-re-spond-ing to S-entropy
 []

[30] [31]

LaTeX Warning: File `figures/categorical_exclusion.pdf' not found on input line
 157.


! Package pdftex.def Error: File `figures/categorical_exclusion.pdf' not found:
 using draft setting.

See the pdftex.def package documentation for explanation.
Type  H <return>  for immediate help.
 ...                                              
                                                  
l.157 ...width]{figures/categorical_exclusion.pdf}
                                                  
Try typing  <return>  to proceed.
If that doesn't work, type  X <return>  to quit.

[32] [33
pdfTeX warning (ext4): destination with the same identifier (name{figure.6}) ha
s been already used, duplicate ignored
<argument> ...shipout:D \box_use:N \l_shipout_box 
                                                  \__shipout_drop_firstpage_...
l.225 \end{align}
                 ] [34]
Overfull \hbox (55.49313pt too wide) in paragraph at lines 318--329
 [][] 
 []

[35
pdfTeX warning (ext4): destination with the same identifier (name{table.4}) has
 been already used, duplicate ignored
<argument> ...shipout:D \box_use:N \l_shipout_box 
                                                  \__shipout_drop_firstpage_...
l.390 
      ]

LaTeX Warning: File `figures/tree_to_network_graph.pdf' not found on input line
 393.


! Package pdftex.def Error: File `figures/tree_to_network_graph.pdf' not found:
 using draft setting.

See the pdftex.def package documentation for explanation.
Type  H <return>  for immediate help.
 ...                                              
                                                  
l.393 ...width]{figures/tree_to_network_graph.pdf}
                                                  
Try typing  <return>  to proceed.
If that doesn't work, type  X <return>  to quit.

[36] [37
pdfTeX warning (ext4): destination with the same identifier (name{figure.7}) ha
s been already used, duplicate ignored
<argument> ...shipout:D \box_use:N \l_shipout_box 
                                                  \__shipout_drop_firstpage_...
l.421 
      ]
Overfull \hbox (1.68526pt too wide) in paragraph at lines 439--442
[]\T1/cmr/bx/n/12 Categorical ir-re-versibil-ity pre-vents re-vis-it-ing\T1/cmr
/m/n/12 : Once $\OML/cmm/m/it/12 C[]$ \T1/cmr/m/n/12 com-pleted: $\OML/cmm/m/it
/12 ^^V\OT1/cmr/m/n/12 (\OML/cmm/m/it/12 C[]; t\OT1/cmr/m/n/12 ) =
 []

) (sections/section-05.tex [38
pdfTeX warning (ext4): destination with the same identifier (name{table.5}) has
 been already used, duplicate ignored
<argument> ...shipout:D \box_use:N \l_shipout_box 
                                                  \__shipout_drop_firstpage_...
l.6 
    ]
Overfull \hbox (4.83105pt too wide) in paragraph at lines 14--15
[]\T1/cmr/bx/n/12 Beat fre-quency de-tec-tion\T1/cmr/m/n/12 : Hardware-molecula
r syn-chro-niza-tion via phase-locking 
 []

<figures/hardware_synchronization.png, id=1110, 1084.05pt x 361.35pt>
File: figures/hardware_synchronization.png Graphic file (type png)
<use figures/hardware_synchronization.png>
Package pdftex.def Info: figures/hardware_synchronization.png  used on input li
ne 23.
(pdftex.def)             Requested size: 385.02547pt x 128.34355pt.
[39
pdfTeX warning (ext4): destination with the same identifier (name{figure.8}) ha
s been already used, duplicate ignored
<argument> ...shipout:D \box_use:N \l_shipout_box 
                                                  \__shipout_drop_firstpage_...
l.95 
      <./figures/hardware_synchronization.png>] [40]
Overfull \vbox (92.24046pt too high) has occurred while \output is active []


[41]
<figures/led_spectroscopy.png, id=1132, 1084.05pt x 361.35pt>
File: figures/led_spectroscopy.png Graphic file (type png)
<use figures/led_spectroscopy.png>
Package pdftex.def Info: figures/led_spectroscopy.png  used on input line 159.
(pdftex.def)             Requested size: 430.31812pt x 143.4402pt.


! LaTeX Error: Unicode character œÑ (U+03C4)
               not set up for use with LaTeX.

See the LaTeX manual or LaTeX Companion for explanation.
Type  H <return>  for immediate help.
 ...                                              
                                                  
l.160 ...onal structure with œÑ_coh = 247¬±23 fs.}
                                                  
You may provide a definition with
\DeclareUnicodeCharacter 

! Missing $ inserted.
<inserted text> 
                $
l.160 ...onal structure with œÑ_coh = 247¬±23 fs.}
                                                  
I've inserted a begin-math/end-math symbol since I think
you left one out. Proceed, with fingers crossed.


LaTeX Warning: Command \textpm invalid in math mode on input line 160.


LaTeX Warning: Command \textpm invalid in math mode on input line 160.

! Missing $ inserted.
<inserted text> 
                $
l.160 ...onal structure with œÑ_coh = 247¬±23 fs.}
                                                  
I've inserted a begin-math/end-math symbol since I think
you left one out. Proceed, with fingers crossed.

Missing character: There is no ± in font cmr12!

! LaTeX Error: Unicode character œÑ (U+03C4)
               not set up for use with LaTeX.

See the LaTeX manual or LaTeX Companion for explanation.
Type  H <return>  for immediate help.
 ...                                              
                                                  
l.160 ...onal structure with œÑ_coh = 247¬±23 fs.}
                                                  
You may provide a definition with
\DeclareUnicodeCharacter 

! Missing $ inserted.
<inserted text> 
                $
l.160 ...onal structure with œÑ_coh = 247¬±23 fs.}
                                                  
I've inserted a begin-math/end-math symbol since I think
you left one out. Proceed, with fingers crossed.


LaTeX Warning: Command \textpm invalid in math mode on input line 160.


LaTeX Warning: Command \textpm invalid in math mode on input line 160.

! Missing $ inserted.
<inserted text> 
                $
l.160 ...onal structure with œÑ_coh = 247¬±23 fs.}
                                                  
I've inserted a begin-math/end-math symbol since I think
you left one out. Proceed, with fingers crossed.

Missing character: There is no ± in font cmr12!
[42] [43
pdfTeX warning (ext4): destination with the same identifier (name{figure.9}) ha
s been already used, duplicate ignored
<argument> ...shipout:D \box_use:N \l_shipout_box 
                                                  \__shipout_drop_firstpage_...
l.226 
       <./figures/led_spectroscopy.png>] [44]
<figures/frequency_ratio_hierarchical_clustering.png, id=1150, 966.4908pt x 702
.2235pt>
File: figures/frequency_ratio_hierarchical_clustering.png Graphic file (type pn
g)
<use figures/frequency_ratio_hierarchical_clustering.png>
Package pdftex.def Info: figures/frequency_ratio_hierarchical_clustering.png  u
sed on input line 286.
(pdftex.def)             Requested size: 430.31812pt x 312.65456pt.
 [45] [46
pdfTeX warning (ext4): destination with the same identifier (name{figure.10}) h
as been already used, duplicate ignored
<argument> ...shipout:D \box_use:N \l_shipout_box 
                                                  \__shipout_drop_firstpage_...
l.367 
       <./figures/frequency_ratio_hierarchical_clustering.png>] [47]
Overfull \vbox (105.71806pt too high) has occurred while \output is active []


[48]) (sections/section-06.tex [49
pdfTeX warning (ext4): destination with the same identifier (name{table.6}) has
 been already used, duplicate ignored
<argument> ...shipout:D \box_use:N \l_shipout_box 
                                                  \__shipout_drop_firstpage_...
l.26 \item \textbf
                  {Convergence domain FFT}:] [50]
<figures/zeptoseconds.png, id=1204, 1606.0pt x 1003.75pt>
File: figures/zeptoseconds.png Graphic file (type png)
<use figures/zeptoseconds.png>
Package pdftex.def Info: figures/zeptoseconds.png  used on input line 102.
(pdftex.def)             Requested size: 452.9679pt x 283.10042pt.


! LaTeX Error: Unicode character œÑ (U+03C4)
               not set up for use with LaTeX.

See the LaTeX manual or LaTeX Companion for explanation.
Type  H <return>  for immediate help.
 ...                                              
                                                  
l.103 ...nd FFT or femtosecond harmonic methods.}}
                                                  
You may provide a definition with
\DeclareUnicodeCharacter 


! LaTeX Error: Unicode character œÑ (U+03C4)
               not set up for use with LaTeX.

See the LaTeX manual or LaTeX Companion for explanation.
Type  H <return>  for immediate help.
 ...                                              
                                                  
l.103 ...nd FFT or femtosecond harmonic methods.}}
                                                  
You may provide a definition with
\DeclareUnicodeCharacter 

[51] [52
pdfTeX warning (ext4): destination with the same identifier (name{figure.11}) h
as been already used, duplicate ignored
<argument> ...shipout:D \box_use:N \l_shipout_box 
                                                  \__shipout_drop_firstpage_...
l.168 \end{equation}
                     <./figures/zeptoseconds.png>]
<figures/sliding-windows.pdf, id=1226, 677.53125pt x 564.60938pt>
File: figures/sliding-windows.pdf Graphic file (type pdf)
<use figures/sliding-windows.pdf>
Package pdftex.def Info: figures/sliding-windows.pdf  used on input line 185.
(pdftex.def)             Requested size: 430.31812pt x 358.60912pt.

Overfull \hbox (0.98466pt too wide) in paragraph at lines 195--196
[][]\T1/cmr/bx/n/12 Theorem 6.4 \T1/cmr/m/n/12 (Con-ver-gence--Do-main Fourier 
Trans-form)\T1/cmr/bx/n/12 . []\T1/cmr/m/it/12 The convergence-domain trans-
 []

[53] [54
pdfTeX warning (ext4): destination with the same identifier (name{figure.12}) h
as been already used, duplicate ignored
<argument> ...shipout:D \box_use:N \l_shipout_box 
                                                  \__shipout_drop_firstpage_...
l.241 T
       he spread in convergence times determines precision. If all states co...
 <./figures/sliding-windows.pdf>] [55] [56]
<figures/clock_run_data_20251013_002009_barchart_radar_20251105_151129.png, id=
1321, 1437.9321pt x 853.5087pt>
File: figures/clock_run_data_20251013_002009_barchart_radar_20251105_151129.png
 Graphic file (type png)
<use figures/clock_run_data_20251013_002009_barchart_radar_20251105_151129.png>

Package pdftex.def Info: figures/clock_run_data_20251013_002009_barchart_radar_
20251105_151129.png  used on input line 403.
(pdftex.def)             Requested size: 452.9679pt x 268.86969pt.
 [57] [58
pdfTeX warning (ext4): destination with the same identifier (name{figure.13}) h
as been already used, duplicate ignored
<argument> ...shipout:D \box_use:N \l_shipout_box 
                                                  \__shipout_drop_firstpage_...
l.425 \end{enumerate}
                      <./figures/clock_run_data_20251013_002009_barchart_radar_
20251105_151129.png>]
Overfull \hbox (10.5426pt too wide) in paragraph at lines 437--438
[]\T1/cmr/m/it/12 For molec-u-lar har-mon-ics with $\OML/cmm/m/it/12 ![] \OMS/c
msy/m/n/12 ^^X \OT1/cmr/m/n/12 10[]$ \T1/cmr/m/it/12 rad/s and BMD-enhanced res
-o-lu-tion $\OT1/cmr/m/n/12 ^^A\OML/cmm/m/it/12 !=! \OMS/cmsy/m/n/12 ^^X
 []


Overfull \hbox (8.12085pt too wide) in paragraph at lines 479--480
[]\T1/cmr/m/it/12 The term "trans-Planckian" should be in-ter-preted as "tran-s
cend-ing con-ven-tional Planck-
 []

[59] [60]) (sections/section-07.tex
Overfull \hbox (19.41286pt too wide) in paragraph at lines 3--3
[]\T1/cmr/bx/n/17.28 Recursive Ob-ser-va-tion: Molecules Ob-serv-ing Molecules 

 []

<figures/recursive_observers_20251105_120727.png, id=1374, 1117.0533pt x 852.06
33pt>
File: figures/recursive_observers_20251105_120727.png Graphic file (type png)
<use figures/recursive_observers_20251105_120727.png>
Package pdftex.def Info: figures/recursive_observers_20251105_120727.png  used 
on input line 46.
(pdftex.def)             Requested size: 452.9679pt x 345.51279pt.
[61] [62
pdfTeX warning (ext4): destination with the same identifier (name{figure.14}) h
as been already used, duplicate ignored
<argument> ...shipout:D \box_use:N \l_shipout_box 
                                                  \__shipout_drop_firstpage_...
l.74 \end{equation}
                    <./figures/recursive_observers_20251105_120727.png>]
[63] [64]
<figures/recursive-observer-frequency-transformation.pdf, id=1421, 677.53125pt 
x 526.96875pt>
File: figures/recursive-observer-frequency-transformation.pdf Graphic file (typ
e pdf)
<use figures/recursive-observer-frequency-transformation.pdf>
Package pdftex.def Info: figures/recursive-observer-frequency-transformation.pd
f  used on input line 202.
(pdftex.def)             Requested size: 407.66833pt x 317.08426pt.
 [65
pdfTeX warning (ext4): destination with the same identifier (name{figure.15}) h
as been already used, duplicate ignored
<argument> ...shipout:D \box_use:N \l_shipout_box 
                                                  \__shipout_drop_firstpage_...
l.215 \end{equation}
                     <./figures/recursive-observer-frequency-transformation.pdf
>]
Overfull \hbox (0.97446pt too wide) in paragraph at lines 258--259
[]\T1/cmr/m/n/12 Collective modes re-duce di-men-sion-al-ity. In-stead of track
-ing all $\OML/cmm/m/it/12 N$ \T1/cmr/m/n/12 in-di-vid-ual molecules,
 []

[66]
<figures/recursive_observers_analysis.png, id=1486, 1096.3359pt x 875.1897pt>
File: figures/recursive_observers_analysis.png Graphic file (type png)
<use figures/recursive_observers_analysis.png>
Package pdftex.def Info: figures/recursive_observers_analysis.png  used on inpu
t line 320.
(pdftex.def)             Requested size: 452.9679pt x 361.59444pt.
 [67] [68
pdfTeX warning (ext4): destination with the same identifier (name{figure.16}) h
as been already used, duplicate ignored
<argument> ...shipout:D \box_use:N \l_shipout_box 
                                                  \__shipout_drop_firstpage_...
l.370 
       <./figures/recursive_observers_analysis.png>] [69] [70])
(sections/section-08.tex [71] [72]
<figures/planck_time.png, id=1576, 1606.0pt x 1003.75pt>
File: figures/planck_time.png Graphic file (type png)
<use figures/planck_time.png>
Package pdftex.def Info: figures/planck_time.png  used on input line 109.
(pdftex.def)             Requested size: 452.9679pt x 283.10042pt.

! Undefined control sequence.
l.146 v_i \xleftrightarrow
                          {\text{conv}} v_j \xleftrightarrow{\text{conv}} v_...
The control sequence at the end of the top line
of your error message was never \def'ed. If you have
misspelled it (e.g., `\hobx'), type `I' and the correct
spelling (e.g., `I\hbox'). Otherwise just continue,
and I'll forget about whatever was undefined.

! Undefined control sequence.
l.146 ...htarrow{\text{conv}} v_j \xleftrightarrow
                                                  {\text{conv}} v_k \xleftri...
The control sequence at the end of the top line
of your error message was never \def'ed. If you have
misspelled it (e.g., `\hobx'), type `I' and the correct
spelling (e.g., `I\hbox'). Otherwise just continue,
and I'll forget about whatever was undefined.

! Undefined control sequence.
l.146 ...htarrow{\text{conv}} v_k \xleftrightarrow
                                                  {\text{conv}} v_i
The control sequence at the end of the top line
of your error message was never \def'ed. If you have
misspelled it (e.g., `\hobx'), type `I' and the correct
spelling (e.g., `I\hbox'). Otherwise just continue,
and I'll forget about whatever was undefined.


Overfull \hbox (3.14711pt too wide) in paragraph at lines 149--150
[]\T1/cmr/m/n/12 Measured clus-ter-ing co-ef-fi-cient $\OML/cmm/m/it/12 C \OMS/
cmsy/m/n/12 ^^Y \OT1/cmr/m/n/12 0\OML/cmm/m/it/12 :\OT1/cmr/m/n/12 4$\T1/cmr/m/
n/12 -$\OT1/cmr/m/n/12 0\OML/cmm/m/it/12 :\OT1/cmr/m/n/12 5$ \T1/cmr/m/n/12 (mu
ch higher than ran-dom graph $\OML/cmm/m/it/12 C[] \OMS/cmsy/m/n/12 ^^X
 []

[73] [74
pdfTeX warning (ext4): destination with the same identifier (name{figure.17}) h
as been already used, duplicate ignored
<argument> ...shipout:D \box_use:N \l_shipout_box 
                                                  \__shipout_drop_firstpage_...
l.210 
       <./figures/planck_time.png>] [75]
<figures/stella_lorraine_system_dynamics.png, id=1602, 1330.0089pt x 1312.4232p
t>
File: figures/stella_lorraine_system_dynamics.png Graphic file (type png)
<use figures/stella_lorraine_system_dynamics.png>
Package pdftex.def Info: figures/stella_lorraine_system_dynamics.png  used on i
nput line 258.
(pdftex.def)             Requested size: 452.9679pt x 446.97897pt.


LaTeX Warning: Float too large for page by 121.97137pt on input line 261.

[76] [77
pdfTeX warning (ext4): destination with the same identifier (name{figure.18}) h
as been already used, duplicate ignored
<argument> ...shipout:D \box_use:N \l_shipout_box 
                                                  \__shipout_drop_firstpage_...
l.298 \item \textbf
                   {Degree centrality}: <./figures/stella_lorraine_system_dynam
ics.png>] [78
pdfTeX warning (ext4): destination with the same identifier (name{table.7}) has
 been already used, duplicate ignored
<argument> ...shipout:D \box_use:N \l_shipout_box 
                                                  \__shipout_drop_firstpage_...
l.358 \end{equation}
                    ] [79] [80
pdfTeX warning (ext4): destination with the same identifier (name{table.8}) has
 been already used, duplicate ignored
<argument> ...shipout:D \box_use:N \l_shipout_box 
                                                  \__shipout_drop_firstpage_...
l.493 
      ] [81]) (sections/section-09.tex [82]
<figures/quantum_vibrations_analysis.png, id=1679, 1010.8164pt x 732.5769pt>
File: figures/quantum_vibrations_analysis.png Graphic file (type png)
<use figures/quantum_vibrations_analysis.png>
Package pdftex.def Info: figures/quantum_vibrations_analysis.png  used on input
 line 65.
(pdftex.def)             Requested size: 452.9679pt x 328.28165pt.

Overfull \hbox (17.87605pt too wide) in paragraph at lines 75--76
[][]\T1/cmr/bx/n/12 Theorem 9.3 \T1/cmr/m/n/12 (Vi-bra-tional Heisen-berg Limit
)\T1/cmr/bx/n/12 . []\T1/cmr/m/it/12 For molec-u-lar vi-bra-tions, position-mom
entum
 []

[83
pdfTeX warning (ext4): destination with the same identifier (name{figure.19}) h
as been already used, duplicate ignored
<argument> ...shipout:D \box_use:N \l_shipout_box 
                                                  \__shipout_drop_firstpage_...
l.78 \end{equation}
                    <./figures/quantum_vibrations_analysis.png>]
Overfull \hbox (9.02039pt too wide) in paragraph at lines 113--114
[]\T1/cmr/m/it/12 This is the \T1/cmr/bx/it/12 min-i-mum time to re-solve vi-br
a-tional tran-si-tions\T1/cmr/m/it/12 ^^Vquantum speedlimit. 
 []

[84] [85] [86]
! Missing { inserted.
<to be read again> 
                   $
l.331 ...x 2.01$ cm$^{-1} \approx 3.79 \times 10^$
                                                  {11}$ rad/s$ (equilibrium ...
A left brace was mandatory here, so I've put one in.
You might want to delete and/or insert some corrections
so that I will find a matching right brace soon.
(If you're confused by all this, try typing `I}' now.)

! Missing } inserted.
<inserted text> 
                }
l.331 ...x 2.01$ cm$^{-1} \approx 3.79 \times 10^$
                                                  {11}$ rad/s$ (equilibrium ...
I've inserted something that you may have forgotten.
(See the <inserted text> above.)
With luck, this will get me unwedged. But if you
really didn't forget anything, try typing `2' now; then
my insertion and my current dilemma will both disappear.

[87]
<figures/transplanckian.png, id=1754, 1606.0pt x 1003.75pt>
File: figures/transplanckian.png Graphic file (type png)
<use figures/transplanckian.png>
Package pdftex.def Info: figures/transplanckian.png  used on input line 347.
(pdftex.def)             Requested size: 452.9679pt x 283.10042pt.

Overfull \hbox (31.9836pt too wide) in paragraph at lines 395--408
 [][] 
 []

[88
pdfTeX warning (ext4): destination with the same identifier (name{table.9}) has
 been already used, duplicate ignored
<argument> ...shipout:D \box_use:N \l_shipout_box 
                                                  \__shipout_drop_firstpage_...
l.416 \item \textbf
                   {Heisenberg limits}: $\Delta t_{\min} = 1/(2n\omega_0)$ f...
] [89
pdfTeX warning (ext4): destination with the same identifier (name{figure.20}) h
as been already used, duplicate ignored
<argument> ...shipout:D \box_use:N \l_shipout_box 
                                                  \__shipout_drop_firstpage_...
l.416 \item \textbf
                   {Heisenberg limits}: $\Delta t_{\min} = 1/(2n\omega_0)$ f...
 <./figures/transplanckian.png>]) (sections/section-10.tex
Overfull \hbox (4.31079pt too wide) in paragraph at lines 12--42
 [][] 
 []

[90]

! LaTeX Error: Unicode character Œº (U+03BC)
               not set up for use with LaTeX.

See the LaTeX manual or LaTeX Companion for explanation.
Type  H <return>  for immediate help.
 ...                                              
                                                  
l.68 ...ligible over measurement windows ($< 1$ Œº
                                                  s)
You may provide a definition with
\DeclareUnicodeCharacter 

[91
pdfTeX warning (ext4): destination with the same identifier (name{table.10}) ha
s been already used, duplicate ignored
<argument> ...shipout:D \box_use:N \l_shipout_box 
                                                  \__shipout_drop_firstpage_...
l.69 \end{itemize}
                  
pdfTeX warning (ext4): destination with the same identifier (name{table.11}) ha
s been already used, duplicate ignored
<argument> ...shipout:D \box_use:N \l_shipout_box 
                                                  \__shipout_drop_firstpage_...
l.69 \end{itemize}
                  ]
<figures/frequency_ratio_matrix_analysis.png, id=1793, 1205.7045pt x 812.7966pt
>
File: figures/frequency_ratio_matrix_analysis.png Graphic file (type png)
<use figures/frequency_ratio_matrix_analysis.png>
Package pdftex.def Info: figures/frequency_ratio_matrix_analysis.png  used on i
nput line 73.
(pdftex.def)             Requested size: 452.9679pt x 305.35608pt.


! LaTeX Error: Unicode character ‚Åª (U+207B)
               not set up for use with LaTeX.

See the LaTeX manual or LaTeX Companion for explanation.
Type  H <return>  for immediate help.
 ...                                              
                                                  
l.74 ...est (SYS\_TICK‚ÜíCORE: 2.86√ó10‚Åª‚Å∑√ó).}
                                                  
You may provide a definition with
\DeclareUnicodeCharacter 


! LaTeX Error: Unicode character ‚Å∑ (U+2077)
               not set up for use with LaTeX.

See the LaTeX manual or LaTeX Companion for explanation.
Type  H <return>  for immediate help.
 ...                                              
                                                  
l.74 ...est (SYS\_TICK‚ÜíCORE: 2.86√ó10‚Åª‚Å∑√ó).}
                                                  
You may provide a definition with
\DeclareUnicodeCharacter 


! LaTeX Error: Unicode character ‚Å∂ (U+2076)
               not set up for use with LaTeX.

See the LaTeX manual or LaTeX Companion for explanation.
Type  H <return>  for immediate help.
 ...                                              
                                                  
l.74 ...est (SYS\_TICK‚ÜíCORE: 2.86√ó10‚Åª‚Å∑√ó).}
                                                  
You may provide a definition with
\DeclareUnicodeCharacter 


! LaTeX Error: Unicode character Œ£ (U+03A3)
               not set up for use with LaTeX.

See the LaTeX manual or LaTeX Companion for explanation.
Type  H <return>  for immediate help.
 ...                                              
                                                  
l.74 ...est (SYS\_TICK‚ÜíCORE: 2.86√ó10‚Åª‚Å∑√ó).}
                                                  
You may provide a definition with
\DeclareUnicodeCharacter 


! LaTeX Error: Unicode character ‚Åª (U+207B)
               not set up for use with LaTeX.

See the LaTeX manual or LaTeX Companion for explanation.
Type  H <return>  for immediate help.
 ...                                              
                                                  
l.74 ...est (SYS\_TICK‚ÜíCORE: 2.86√ó10‚Åª‚Å∑√ó).}
                                                  
You may provide a definition with
\DeclareUnicodeCharacter 


! LaTeX Error: Unicode character ‚Å∂ (U+2076)
               not set up for use with LaTeX.

See the LaTeX manual or LaTeX Companion for explanation.
Type  H <return>  for immediate help.
 ...                                              
                                                  
l.74 ...est (SYS\_TICK‚ÜíCORE: 2.86√ó10‚Åª‚Å∑√ó).}
                                                  
You may provide a definition with
\DeclareUnicodeCharacter 


! LaTeX Error: Unicode character ‚Å∂ (U+2076)
               not set up for use with LaTeX.

See the LaTeX manual or LaTeX Companion for explanation.
Type  H <return>  for immediate help.
 ...                                              
                                                  
l.74 ...est (SYS\_TICK‚ÜíCORE: 2.86√ó10‚Åª‚Å∑√ó).}
                                                  
You may provide a definition with
\DeclareUnicodeCharacter 


! LaTeX Error: Unicode character ‚Åª (U+207B)
               not set up for use with LaTeX.

See the LaTeX manual or LaTeX Companion for explanation.
Type  H <return>  for immediate help.
 ...                                              
                                                  
l.74 ...est (SYS\_TICK‚ÜíCORE: 2.86√ó10‚Åª‚Å∑√ó).}
                                                  
You may provide a definition with
\DeclareUnicodeCharacter 


! LaTeX Error: Unicode character ‚Å∑ (U+2077)
               not set up for use with LaTeX.

See the LaTeX manual or LaTeX Companion for explanation.
Type  H <return>  for immediate help.
 ...                                              
                                                  
l.74 ...est (SYS\_TICK‚ÜíCORE: 2.86√ó10‚Åª‚Å∑√ó).}
                                                  
You may provide a definition with
\DeclareUnicodeCharacter 


! LaTeX Error: Unicode character ‚Åª (U+207B)
               not set up for use with LaTeX.

See the LaTeX manual or LaTeX Companion for explanation.
Type  H <return>  for immediate help.
 ...                                              
                                                  
l.74 ...est (SYS\_TICK‚ÜíCORE: 2.86√ó10‚Åª‚Å∑√ó).}
                                                  
You may provide a definition with
\DeclareUnicodeCharacter 


! LaTeX Error: Unicode character ‚Å∑ (U+2077)
               not set up for use with LaTeX.

See the LaTeX manual or LaTeX Companion for explanation.
Type  H <return>  for immediate help.
 ...                                              
                                                  
l.74 ...est (SYS\_TICK‚ÜíCORE: 2.86√ó10‚Åª‚Å∑√ó).}
                                                  
You may provide a definition with
\DeclareUnicodeCharacter 


! LaTeX Error: Unicode character ‚Å∂ (U+2076)
               not set up for use with LaTeX.

See the LaTeX manual or LaTeX Companion for explanation.
Type  H <return>  for immediate help.
 ...                                              
                                                  
l.74 ...est (SYS\_TICK‚ÜíCORE: 2.86√ó10‚Åª‚Å∑√ó).}
                                                  
You may provide a definition with
\DeclareUnicodeCharacter 


! LaTeX Error: Unicode character Œ£ (U+03A3)
               not set up for use with LaTeX.

See the LaTeX manual or LaTeX Companion for explanation.
Type  H <return>  for immediate help.
 ...                                              
                                                  
l.74 ...est (SYS\_TICK‚ÜíCORE: 2.86√ó10‚Åª‚Å∑√ó).}
                                                  
You may provide a definition with
\DeclareUnicodeCharacter 


! LaTeX Error: Unicode character ‚Åª (U+207B)
               not set up for use with LaTeX.

See the LaTeX manual or LaTeX Companion for explanation.
Type  H <return>  for immediate help.
 ...                                              
                                                  
l.74 ...est (SYS\_TICK‚ÜíCORE: 2.86√ó10‚Åª‚Å∑√ó).}
                                                  
You may provide a definition with
\DeclareUnicodeCharacter 


! LaTeX Error: Unicode character ‚Å∂ (U+2076)
               not set up for use with LaTeX.

See the LaTeX manual or LaTeX Companion for explanation.
Type  H <return>  for immediate help.
 ...                                              
                                                  
l.74 ...est (SYS\_TICK‚ÜíCORE: 2.86√ó10‚Åª‚Å∑√ó).}
                                                  
You may provide a definition with
\DeclareUnicodeCharacter 


! LaTeX Error: Unicode character ‚Å∂ (U+2076)
               not set up for use with LaTeX.

See the LaTeX manual or LaTeX Companion for explanation.
Type  H <return>  for immediate help.
 ...                                              
                                                  
l.74 ...est (SYS\_TICK‚ÜíCORE: 2.86√ó10‚Åª‚Å∑√ó).}
                                                  
You may provide a definition with
\DeclareUnicodeCharacter 


! LaTeX Error: Unicode character ‚Åª (U+207B)
               not set up for use with LaTeX.

See the LaTeX manual or LaTeX Companion for explanation.
Type  H <return>  for immediate help.
 ...                                              
                                                  
l.74 ...est (SYS\_TICK‚ÜíCORE: 2.86√ó10‚Åª‚Å∑√ó).}
                                                  
You may provide a definition with
\DeclareUnicodeCharacter 


! LaTeX Error: Unicode character ‚Å∑ (U+2077)
               not set up for use with LaTeX.

See the LaTeX manual or LaTeX Companion for explanation.
Type  H <return>  for immediate help.
 ...                                              
                                                  
l.74 ...est (SYS\_TICK‚ÜíCORE: 2.86√ó10‚Åª‚Å∑√ó).}
                                                  
You may provide a definition with
\DeclareUnicodeCharacter 

[92
pdfTeX warning (ext4): destination with the same identifier (name{figure.21}) h
as been already used, duplicate ignored
<argument> ...shipout:D \box_use:N \l_shipout_box 
                                                  \__shipout_drop_firstpage_...
l.106 
       <./figures/frequency_ratio_matrix_analysis.png>]
<figures/validation_summary_20251010_071710.png, id=1801, 1437.6912pt x 852.063
3pt>
File: figures/validation_summary_20251010_071710.png Graphic file (type png)
<use figures/validation_summary_20251010_071710.png>
Package pdftex.def Info: figures/validation_summary_20251010_071710.png  used o
n input line 129.
(pdftex.def)             Requested size: 452.9679pt x 268.45337pt.

Underfull \hbox (badness 4242) in paragraph at lines 130--130
[]\T1/cmr/m/n/12 Figure 22: []Stella-Lorraine Ob-ser-va-tory com-plete val-i-da
-tion suite (v2.0, run:
 []

[93
pdfTeX warning (ext4): destination with the same identifier (name{table.12}) ha
s been already used, duplicate ignored
<argument> ...shipout:D \box_use:N \l_shipout_box 
                                                  \__shipout_drop_firstpage_...
l.169 \end{equation}
                    
pdfTeX warning (ext4): destination with the same identifier (name{table.13}) ha
s been already used, duplicate ignored
<argument> ...shipout:D \box_use:N \l_shipout_box 
                                                  \__shipout_drop_firstpage_...
l.169 \end{equation}
                    ] [94
pdfTeX warning (ext4): destination with the same identifier (name{figure.22}) h
as been already used, duplicate ignored
<argument> ...shipout:D \box_use:N \l_shipout_box 
                                                  \__shipout_drop_firstpage_...
l.169 \end{equation}
                     <./figures/validation_summary_20251010_071710.png>]

! LaTeX Error: Unicode character œÑ (U+03C4)
               not set up for use with LaTeX.

See the LaTeX manual or LaTeX Companion for explanation.
Type  H <return>  for immediate help.
 ...                                              
                                                  
l.192 Pathway 4 (œÑ
                   -optimal) & $70.713$ & $0.0241$ & $2.28 \times 10^{-4}$ &...

You may provide a definition with
\DeclareUnicodeCharacter 


Overfull \hbox (139.38402pt too wide) in paragraph at lines 185--204
 [][] 
 []

[95
pdfTeX warning (ext4): destination with the same identifier (name{table.14}) ha
s been already used, duplicate ignored
<argument> ...shipout:D \box_use:N \l_shipout_box 
                                                  \__shipout_drop_firstpage_...
l.225 \textbf{Correct interpretation}
                                     : The pathways differ by $< 1$ std dev ...
] [96
pdfTeX warning (ext4): destination with the same identifier (name{table.15}) ha
s been already used, duplicate ignored
<argument> ...shipout:D \box_use:N \l_shipout_box 
                                                  \__shipout_drop_firstpage_...
l.285 \end{equation}
                    ]

! LaTeX Error: Unicode character Œº (U+03BC)
               not set up for use with LaTeX.

See the LaTeX manual or LaTeX Companion for explanation.
Type  H <return>  for immediate help.
 ...                                              
                                                  
l.298 10 & 1.2 s & $18.3 \pm 2.7$ Œº
                                    s & $6.6 \times 10^{4}$ & $18.1$ Œºs \\
You may provide a definition with
\DeclareUnicodeCharacter 


! LaTeX Error: Unicode character Œº (U+03BC)
               not set up for use with LaTeX.

See the LaTeX manual or LaTeX Companion for explanation.
Type  H <return>  for immediate help.
 ...                                              
                                                  
l.298 ....7$ Œºs & $6.6 \times 10^{4}$ & $18.1$ Œº
                                                  s \\
You may provide a definition with
\DeclareUnicodeCharacter 


! LaTeX Error: Unicode character Œº (U+03BC)
               not set up for use with LaTeX.

See the LaTeX manual or LaTeX Companion for explanation.
Type  H <return>  for immediate help.
 ...                                              
                                                  
l.299 15 & 5.1 min & $92.4 \pm 11.3$ Œº
                                       s & $3.3 \times 10^{6}$ & $89.7$ Œºs \\
You may provide a definition with
\DeclareUnicodeCharacter 


! LaTeX Error: Unicode character Œº (U+03BC)
               not set up for use with LaTeX.

See the LaTeX manual or LaTeX Companion for explanation.
Type  H <return>  for immediate help.
 ...                                              
                                                  
l.299 ....3$ Œºs & $3.3 \times 10^{6}$ & $89.7$ Œº
                                                  s \\
You may provide a definition with
\DeclareUnicodeCharacter 


! LaTeX Error: Unicode character Œº (U+03BC)
               not set up for use with LaTeX.

See the LaTeX manual or LaTeX Companion for explanation.
Type  H <return>  for immediate help.
 ...                                              
                                                  
l.300 20 & 20.1 hr & $287 \pm 34$ Œº
                                    s & $2.5 \times 10^{8}$ & $291$ Œºs \\
You may provide a definition with
\DeclareUnicodeCharacter 


! LaTeX Error: Unicode character Œº (U+03BC)
               not set up for use with LaTeX.

See the LaTeX manual or LaTeX Companion for explanation.
Type  H <return>  for immediate help.
 ...                                              
                                                  
l.300 ... 34$ Œºs & $2.5 \times 10^{8}$ & $291$ Œº
                                                  s \\
You may provide a definition with
\DeclareUnicodeCharacter 


! LaTeX Error: Unicode character Œº (U+03BC)
               not set up for use with LaTeX.

See the LaTeX manual or LaTeX Companion for explanation.
Type  H <return>  for immediate help.
 ...                                              
                                                  
l.301 25 & 198 days & $671 \pm 79$ Œº
                                     s & $2.6 \times 10^{10}$ & $684$ Œºs \\
You may provide a definition with
\DeclareUnicodeCharacter 


! LaTeX Error: Unicode character Œº (U+03BC)
               not set up for use with LaTeX.

See the LaTeX manual or LaTeX Companion for explanation.
Type  H <return>  for immediate help.
 ...                                              
                                                  
l.301 ...79$ Œºs & $2.6 \times 10^{10}$ & $684$ Œº
                                                  s \\
You may provide a definition with
\DeclareUnicodeCharacter 

<figures/strategic_disagreement_validation.png, id=1846, 1102.5993pt x 880.4895
pt>
File: figures/strategic_disagreement_validation.png Graphic file (type png)
<use figures/strategic_disagreement_validation.png>
Package pdftex.def Info: figures/strategic_disagreement_validation.png  used on
 input line 344.
(pdftex.def)             Requested size: 452.9679pt x 361.7151pt.
[97
pdfTeX warning (ext4): destination with the same identifier (name{table.16}) ha
s been already used, duplicate ignored
<argument> ...shipout:D \box_use:N \l_shipout_box 
                                                  \__shipout_drop_firstpage_...
l.367 
      ] [98
pdfTeX warning (ext4): destination with the same identifier (name{figure.23}) h
as been already used, duplicate ignored
<argument> ...shipout:D \box_use:N \l_shipout_box 
                                                  \__shipout_drop_firstpage_...
l.367 
       <./figures/strategic_disagreement_validation.png>] [99
pdfTeX warning (ext4): destination with the same identifier (name{table.17}) ha
s been already used, duplicate ignored
<argument> ...shipout:D \box_use:N \l_shipout_box 
                                                  \__shipout_drop_firstpage_...
l.412 \item \textbf
                   {All theoretical predictions validated within experimenta...
]) (sections/section-11.tex
<figures/trans_planckian_clock_analysis.png, id=1878, 1239.1896pt x 1168.365pt>

File: figures/trans_planckian_clock_analysis.png Graphic file (type png)
<use figures/trans_planckian_clock_analysis.png>
Package pdftex.def Info: figures/trans_planckian_clock_analysis.png  used on in
put line 7.
(pdftex.def)             Requested size: 452.9679pt x 427.08257pt.

Underfull \hbox (badness 1112) in paragraph at lines 8--8
\T1/cmr/m/n/12 (3.6$\OMS/cmsy/m/n/12 ^^B\OT1/cmr/m/n/12 10[]$\T1/cmr/m/n/12 ), 
femtosecond$\OMS/cmsy/m/n/12 !$\T1/cmr/m/n/12 attosecond (2.0$\OMS/cmsy/m/n/12 
^^B\OT1/cmr/m/n/12 10[]$\T1/cmr/m/n/12 ), attosecond$\OMS/cmsy/m/n/12 !$\T1/cmr
/m/n/12 zeptosecond (1.0$\OMS/cmsy/m/n/12 ^^B\OT1/cmr/m/n/12 10[]$\T1/cmr/m/n/1
2 ),
 []


LaTeX Warning: Float too large for page by 144.90846pt on input line 10.

[100] [101
pdfTeX warning (ext4): destination with the same identifier (name{figure.24}) h
as been already used, duplicate ignored
<argument> ...shipout:D \box_use:N \l_shipout_box 
                                                  \__shipout_drop_firstpage_...
l.56 \end{equation}
                    <./figures/trans_planckian_clock_analysis.png>]
Overfull \hbox (1.23392pt too wide) in paragraph at lines 92--105
 [][] 
 []

[102
pdfTeX warning (ext4): destination with the same identifier (name{table.18}) ha
s been already used, duplicate ignored
<argument> ...shipout:D \box_use:N \l_shipout_box 
                                                  \__shipout_drop_firstpage_...
l.109 \item \textbf
                   {Direct frequency measurement}: $\sim 94$ attoseconds]
Overfull \hbox (9.24567pt too wide) in paragraph at lines 165--166
[]\T1/cmr/m/n/12 Three LED wave-lengths cre-ate standing-wave pat-terns that sp
a-tially or-ga-nize molecules,
 []

[103] [104]
Overfull \hbox (0.54619pt too wide) in paragraph at lines 268--269
[]\T1/cmr/bx/n/12 S-entropy nav-i-ga-tion\T1/cmr/m/n/12 : Nav-i-gate in \T1/cmr
/m/it/12 entropy-information space \T1/cmr/m/n/12 (3 di-men-sions: knowl-
 []


Overfull \hbox (3.72964pt too wide) in paragraph at lines 275--276
[]\T1/cmr/m/n/12 This is \T1/cmr/bx/n/12 fun-da-men-tal di-men-sion re-duc-tion
\T1/cmr/m/n/12 , not ap-prox-i-ma-tion. The 3 S-coordinates
 []


Overfull \hbox (6.67427pt too wide) in paragraph at lines 281--282
[]\T1/cmr/m/n/12 Similarly, S-entropy nav-i-ga-tion re-duces $\OT1/cmr/m/n/12 6
 \OMS/cmsy/m/n/12 ^^B \OT1/cmr/m/n/12 10[]$ \T1/cmr/m/n/12 molec-u-lar co-or-di
-nates to 3 S-coordinates
 []

[105]

Package hyperref Warning: Token not allowed in a PDF string (Unicode):
(hyperref)                removing `math shift' on input line 295.


Package hyperref Warning: Token not allowed in a PDF string (Unicode):
(hyperref)                removing `superscript' on input line 295.


Package hyperref Warning: Token not allowed in a PDF string (Unicode):
(hyperref)                removing `\times' on input line 295.


Package hyperref Warning: Token not allowed in a PDF string (Unicode):
(hyperref)                removing `math shift' on input line 295.


Overfull \hbox (31.00465pt too wide) in paragraph at lines 308--321
 [][] 
 []

[106
pdfTeX warning (ext4): destination with the same identifier (name{table.19}) ha
s been already used, duplicate ignored
<argument> ...shipout:D \box_use:N \l_shipout_box 
                                                  \__shipout_drop_firstpage_...
l.342 "
       The observed beat frequencies between CPU and molecules could be coin...
]
! Missing $ inserted.
<inserted text> 
                $
l.387 
      
I've inserted a begin-math/end-math symbol since I think
you left one out. Proceed, with fingers crossed.


Overfull \hbox (14.5961pt too wide) in paragraph at lines 399--413
 [][] 
 []

[107]
Overfull \hbox (0.25914pt too wide) in paragraph at lines 417--417
[]\T1/cmr/bx/n/14.4 Criticism 9: "Categorical-Harmonic Cor-re-spon-dence is Tau
-
 []


Overfull \hbox (0.77242pt too wide) in paragraph at lines 453--454
[]\T1/cmr/m/n/12 This is \T1/cmr/bx/n/12 non-trivial cor-re-spon-dence\T1/cmr/m
/n/12 ^^Vit's con-ceiv-able that cat-e-gor-i-cal or-der-ing could
 []

[108
pdfTeX warning (ext4): destination with the same identifier (name{table.20}) ha
s been already used, duplicate ignored
<argument> ...shipout:D \box_use:N \l_shipout_box 
                                                  \__shipout_drop_firstpage_...
l.460 \end{itemize}
                   ] [109]
Overfull \hbox (14.83583pt too wide) in paragraph at lines 511--512
[]\T1/cmr/bx/n/12 Hardware cou-pling causal-ity\T1/cmr/m/n/12 : Ver-i-fied thro
ugh con-trolled ex-per-i-ments and Granger
 []


Overfull \hbox (0.73544pt too wide) in paragraph at lines 512--513
[]\T1/cmr/bx/n/12 Cost com-par-i-son\T1/cmr/m/n/12 : $150-$600 vs. $200K-$500K 
(con-ven-tional), $\OT1/cmr/m/n/12 300[]3000\OMS/cmsy/m/n/12 ^^B$ \T1/cmr/m/n/1
2 cheaper 
 []

) (sections/section-12.tex [110]

! LaTeX Error: Unicode character ‚úì (U+2713)
               not set up for use with LaTeX.

See the LaTeX manual or LaTeX Companion for explanation.
Type  H <return>  for immediate help.
 ...                                              
                                                  
l.56 ...ga_0$, so $|\mathcal{L}_0| = 1 = 3^0$. ‚úì
                                                  
You may provide a definition with
\DeclareUnicodeCharacter 

[111] [112] [113]
Overfull \hbox (6.2171pt too wide) in paragraph at lines 253--253
[]\T1/cmr/bx/n/14.4 Proof: BMD Fil-ter-ing Achieves $\OT1/cmr/m/n/14.4 10[]\OMS
/cmsy/m/n/14.4 ^^B$ \T1/cmr/bx/n/14.4 Prob-a-bil-ity En-hance-
 []


Package hyperref Warning: Token not allowed in a PDF string (Unicode):
(hyperref)                removing `math shift' on input line 253.


Package hyperref Warning: Token not allowed in a PDF string (Unicode):
(hyperref)                removing `superscript' on input line 253.


Package hyperref Warning: Token not allowed in a PDF string (Unicode):
(hyperref)                removing `\times' on input line 253.


Package hyperref Warning: Token not allowed in a PDF string (Unicode):
(hyperref)                removing `math shift' on input line 253.

[114]
Overfull \hbox (0.35652pt too wide) in paragraph at lines 321--321
[]\T1/cmr/bx/n/14.4 Proof: Heisen-berg Un-cer-tainty for Har-monic Mea-sure-men
ts 
 []

[115]
Overfull \hbox (14.2355pt too wide) in paragraph at lines 383--384
[][]\T1/cmr/bx/n/12 Theorem 12.7 \T1/cmr/m/n/12 (Molec-u-lar Huy-gens Syn-chro-
niza-tion)\T1/cmr/bx/n/12 . []\T1/cmr/m/it/12 Two molecules with cou-pling stre
ngth
 []

[116] [117] [118]) (sections/section-13.tex [119] [120] [121
pdfTeX warning (ext4): destination with the same identifier (name{table.21}) ha
s been already used, duplicate ignored
<argument> ...shipout:D \box_use:N \l_shipout_box 
                                                  \__shipout_drop_firstpage_...
l.133 \textbf{Reproducibility}
                              : Core results achievable on any modern comput...
] [122
pdfTeX warning (ext4): destination with the same identifier (name{table.22}) ha
s been already used, duplicate ignored
<argument> ...shipout:D \box_use:N \l_shipout_box 
                                                  \__shipout_drop_firstpage_...
l.184 
      ] [123] [124] [125] [126]
Overfull \hbox (5.6964pt too wide) in paragraph at lines 443--444
[]\T1/cmr/m/n/12 To: "Time is dis-crete com-ple-tion se-quence, al-lo-cate pre-
ci-sion adap-tively where needed." 
 []

[127]) (recursive-harmonic-network-graph.bbl) [128]
(recursive-harmonic-network-graph.aux)
 ***********
LaTeX2e <2023-11-01> patch level 1
L3 programming layer <2024-01-04>
 ***********
Package rerunfilecheck Info: File `recursive-harmonic-network-graph.out' has no
t changed.
(rerunfilecheck)             Checksum: 6B2FD8A9C25344B845BFE9059FE3AE52;35443.
 ) 
Here is how much of TeX's memory you used:
 23544 strings out of 474486
 436097 string characters out of 5743283
 1953542 words of memory out of 5000000
 44229 multiletter control sequences out of 15000+600000
 586362 words of font info for 107 fonts, out of 8000000 for 9000
 1141 hyphenation exceptions out of 8191
 84i,13n,93p,2746b,666s stack positions out of 10000i,1000n,20000p,200000b,200000s
 <C:\Users\kundai\AppData\Local\MiKTeX\fonts/pk/ljfour/jknappen/ec/dpi600\ecb
x0800.pk> <C:\Users\kundai\AppData\Local\MiKTeX\fonts/pk/ljfour/jknappen/ec/dpi
600\tcbx1200.pk> <C:\Users\kundai\AppData\Local\MiKTeX\fonts/pk/ljfour/jknappen
/ec/dpi600\tcti1200.pk> <C:\Users\kundai\AppData\Local\MiKTeX\fonts/pk/ljfour/j
knappen/ec/dpi600\ectt1200.pk> <C:\Users\kundai\AppData\Local\MiKTeX\fonts/pk/l
jfour/jknappen/ec/dpi600\ecrm1000.pk> <C:\Users\kundai\AppData\Local\MiKTeX\fon
ts/pk/ljfour/jknappen/ec/dpi600\ecrm0600.pk> <C:\Users\kundai\AppData\Local\MiK
TeX\fonts/pk/ljfour/jknappen/ec/dpi600\ecbi1200.pk> <C:\Users\kundai\AppData\Lo
cal\MiKTeX\fonts/pk/ljfour/jknappen/ec/dpi600\tcrm1200.pk> <C:\Users\kundai\App
Data\Local\MiKTeX\fonts/pk/ljfour/jknappen/ec/dpi600\ecti0600.pk> <C:\Users\kun
dai\AppData\Local\MiKTeX\fonts/pk/ljfour/jknappen/ec/dpi600\ecti0800.pk> <C:\Us
ers\kundai\AppData\Local\MiKTeX\fonts/pk/ljfour/jknappen/ec/dpi600\ecti1200.pk>
 <C:\Users\kundai\AppData\Local\MiKTeX\fonts/pk/ljfour/jknappen/ec/dpi600\ecbx1
200.pk> <C:\Users\kundai\AppData\Local\MiKTeX\fonts/pk/ljfour/jknappen/ec/dpi60
0\ecbx1440.pk> <C:\Users\kundai\AppData\Local\MiKTeX\fonts/pk/ljfour/jknappen/e
c/dpi600\ecbx1728.pk> <C:\Users\kundai\AppData\Local\MiKTeX\fonts/pk/ljfour/jkn
appen/ec/dpi600\ecrm1200.pk> <C:\Users\kundai\AppData\Local\MiKTeX\fonts/pk/ljf
our/jknappen/ec/dpi600\ecrm0800.pk> <C:\Users\kundai\AppData\Local\MiKTeX\fonts
/pk/ljfour/jknappen/ec/dpi600\ecrm1095.pk> <C:\Users\kundai\AppData\Local\MiKTe
X\fonts/pk/ljfour/jknappen/ec/dpi600\ecbx1095.pk> <C:\Users\kundai\AppData\Loca
l\MiKTeX\fonts/pk/ljfour/jknappen/ec/dpi600\ectt1440.pk> <C:\Users\kundai\AppDa
ta\Local\MiKTeX\fonts/pk/ljfour/jknappen/ec/dpi600\ecrm1440.pk> <C:\Users\kunda
i\AppData\Local\MiKTeX\fonts/pk/ljfour/jknappen/ec/dpi600\ecbx2074.pk><C:/Users
/kundai/AppData/Local/Programs/MiKTeX/fonts/type1/public/amsfonts/cm/cmbx12.pfb
><C:/Users/kundai/AppData/Local/Programs/MiKTeX/fonts/type1/public/amsfonts/cm/
cmbx8.pfb><C:/Users/kundai/AppData/Local/Programs/MiKTeX/fonts/type1/public/ams
fonts/cm/cmex10.pfb><C:/Users/kundai/AppData/Local/Programs/MiKTeX/fonts/type1/
public/amsfonts/cm/cmmi10.pfb><C:/Users/kundai/AppData/Local/Programs/MiKTeX/fo
nts/type1/public/amsfonts/cm/cmmi12.pfb><C:/Users/kundai/AppData/Local/Programs
/MiKTeX/fonts/type1/public/amsfonts/cm/cmmi6.pfb><C:/Users/kundai/AppData/Local
/Programs/MiKTeX/fonts/type1/public/amsfonts/cm/cmmi8.pfb><C:/Users/kundai/AppD
ata/Local/Programs/MiKTeX/fonts/type1/public/amsfonts/cm/cmr10.pfb><C:/Users/ku
ndai/AppData/Local/Programs/MiKTeX/fonts/type1/public/amsfonts/cm/cmr12.pfb><C:
/Users/kundai/AppData/Local/Programs/MiKTeX/fonts/type1/public/amsfonts/cm/cmr6
.pfb><C:/Users/kundai/AppData/Local/Programs/MiKTeX/fonts/type1/public/amsfonts
/cm/cmr8.pfb><C:/Users/kundai/AppData/Local/Programs/MiKTeX/fonts/type1/public/
amsfonts/cm/cmsy10.pfb><C:/Users/kundai/AppData/Local/Programs/MiKTeX/fonts/typ
e1/public/amsfonts/cm/cmsy6.pfb><C:/Users/kundai/AppData/Local/Programs/MiKTeX/
fonts/type1/public/amsfonts/cm/cmsy8.pfb><C:/Users/kundai/AppData/Local/Program
s/MiKTeX/fonts/type1/public/amsfonts/symbols/msam10.pfb><C:/Users/kundai/AppDat
a/Local/Programs/MiKTeX/fonts/type1/public/amsfonts/symbols/msbm10.pfb><C:/User
s/kundai/AppData/Local/Programs/MiKTeX/fonts/type1/public/amsfonts/symbols/msbm
7.pfb>
Output written on recursive-harmonic-network-graph.pdf (128 pages, 10977343 byt
es).
PDF statistics:
 3311 PDF objects out of 3580 (max. 8388607)
 1118 named destinations out of 1200 (max. 500000)
 1259 words of extra memory for PDF output out of 10000 (max. 10000000)

