\BOOKMARK [1][-]{section.1}{\376\377\000C\000a\000t\000e\000g\000o\000r\000i\000c\000a\000l\000-\000H\000a\000r\000m\000o\000n\000i\000c\000\040\000C\000o\000r\000r\000e\000s\000p\000o\000n\000d\000e\000n\000c\000e\000:\000\040\000T\000i\000m\000e\000\040\000a\000s\000\040\000C\000a\000t\000e\000g\000o\000r\000i\000c\000a\000l\000\040\000C\000o\000m\000p\000l\000e\000t\000i\000o\000n}{}% 1
\BOOKMARK [2][-]{subsection.1.1}{\376\377\000T\000h\000e\000\040\000F\000u\000n\000d\000a\000m\000e\000n\000t\000a\000l\000\040\000T\000r\000a\000n\000s\000f\000o\000r\000m\000a\000t\000i\000o\000n}{section.1}% 2
\BOOKMARK [2][-]{subsection.1.2}{\376\377\000W\000h\000y\000\040\000A\000t\000t\000o\000s\000e\000c\000o\000n\000d\000\040\000U\000n\000i\000f\000o\000r\000m\000i\000t\000y\000\040\000B\000e\000c\000o\000m\000e\000s\000\040\000I\000r\000r\000e\000l\000e\000v\000a\000n\000t}{section.1}% 3
\BOOKMARK [2][-]{subsection.1.3}{\376\377\000C\000o\000n\000n\000e\000c\000t\000i\000o\000n\000\040\000t\000o\000\040\000C\000a\000t\000e\000g\000o\000r\000i\000c\000a\000l\000\040\000T\000o\000p\000o\000l\000o\000g\000y}{section.1}% 4
\BOOKMARK [2][-]{subsection.1.4}{\376\377\000T\000i\000m\000e\000\040\000M\000e\000a\000s\000u\000r\000e\000m\000e\000n\000t\000\040\000a\000s\000\040\000C\000a\000t\000e\000g\000o\000r\000i\000c\000a\000l\000\040\000E\000v\000e\000n\000t\000\040\000S\000e\000q\000u\000e\000n\000c\000e}{section.1}% 5
\BOOKMARK [2][-]{subsection.1.5}{\376\377\000A\000d\000a\000p\000t\000i\000v\000e\000\040\000T\000e\000m\000p\000o\000r\000a\000l\000\040\000R\000e\000s\000o\000l\000u\000t\000i\000o\000n}{section.1}% 6
\BOOKMARK [2][-]{subsection.1.6}{\376\377\000C\000o\000m\000p\000a\000r\000i\000s\000o\000n\000:\000\040\000C\000o\000n\000t\000i\000n\000u\000o\000u\000s\000\040\000v\000s\000.\000\040\000C\000a\000t\000e\000g\000o\000r\000i\000c\000a\000l\000\040\000T\000i\000m\000e}{section.1}% 7
\BOOKMARK [2][-]{subsection.1.7}{\376\377\000P\000h\000y\000s\000i\000c\000a\000l\000\040\000I\000n\000t\000e\000r\000p\000r\000e\000t\000a\000t\000i\000o\000n\000:\000\040\000W\000h\000a\000t\000\040\000D\000o\000e\000s\000\040\000"\000R\000e\000a\000d\000i\000n\000g\000\040\000T\000i\000m\000e\000"\000\040\000M\000e\000a\000n\000?}{section.1}% 8
\BOOKMARK [2][-]{subsection.1.8}{\376\377\000A\000n\000a\000l\000o\000g\000y\000:\000\040\000R\000e\000a\000d\000i\000n\000g\000\040\000a\000\040\000B\000o\000o\000k}{section.1}% 9
\BOOKMARK [2][-]{subsection.1.9}{\376\377\000I\000m\000p\000l\000e\000m\000e\000n\000t\000a\000t\000i\000o\000n\000:\000\040\000C\000a\000t\000e\000g\000o\000r\000i\000c\000a\000l\000\040\000T\000i\000m\000e\000\040\000M\000e\000a\000s\000u\000r\000e\000m\000e\000n\000t\000\040\000A\000l\000g\000o\000r\000i\000t\000h\000m}{section.1}% 10
\BOOKMARK [2][-]{subsection.1.10}{\376\377\000K\000e\000y\000\040\000R\000e\000s\000u\000l\000t\000s\000\040\000S\000u\000m\000m\000a\000r\000y}{section.1}% 11
\BOOKMARK [1][-]{section.2}{\376\377\000B\000i\000o\000l\000o\000g\000i\000c\000a\000l\000\040\000M\000a\000x\000w\000e\000l\000l\000\040\000D\000e\000m\000o\000n\000\040\000F\000i\000l\000t\000e\000r\000i\000n\000g}{}% 12
\BOOKMARK [2][-]{subsection.2.1}{\376\377\000T\000h\000e\000\040\000P\000r\000o\000b\000l\000e\000m\000:\000\040\000H\000a\000r\000m\000o\000n\000i\000c\000\040\000D\000e\000g\000e\000n\000e\000r\000a\000c\000y}{section.2}% 13
\BOOKMARK [2][-]{subsection.2.2}{\376\377\000Q\000u\000a\000n\000t\000i\000f\000y\000i\000n\000g\000\040\000P\000h\000a\000s\000e\000-\000L\000o\000c\000k\000\040\000D\000e\000g\000e\000n\000e\000r\000a\000c\000y}{section.2}% 14
\BOOKMARK [2][-]{subsection.2.3}{\376\377\000T\000h\000e\000\040\000B\000M\000D\000\040\000S\000o\000l\000u\000t\000i\000o\000n\000:\000\040\000S\000e\000l\000e\000c\000t\000i\000n\000g\000\040\000S\000u\000f\000f\000i\000c\000i\000e\000n\000t\000\040\000C\000o\000n\000f\000i\000g\000u\000r\000a\000t\000i\000o\000n\000s}{section.2}% 15
\BOOKMARK [2][-]{subsection.2.4}{\376\377\000B\000M\000D\000-\000H\000a\000r\000m\000o\000n\000i\000c\000\040\000E\000q\000u\000i\000v\000a\000l\000e\000n\000c\000e}{section.2}% 16
\BOOKMARK [2][-]{subsection.2.5}{\376\377\000I\000n\000f\000o\000r\000m\000a\000t\000i\000o\000n\000\040\000C\000a\000t\000a\000l\000y\000s\000i\000s\000\040\000M\000e\000c\000h\000a\000n\000i\000s\000m}{section.2}% 17
\BOOKMARK [2][-]{subsection.2.6}{\376\377\000P\000r\000a\000c\000t\000i\000c\000a\000l\000\040\000B\000M\000D\000\040\000F\000i\000l\000t\000e\000r\000i\000n\000g\000\040\000A\000l\000g\000o\000r\000i\000t\000h\000m}{section.2}% 18
\BOOKMARK [2][-]{subsection.2.7}{\376\377\000C\000o\000m\000p\000a\000r\000i\000s\000o\000n\000:\000\040\000R\000a\000n\000d\000o\000m\000\040\000v\000s\000.\000\040\000B\000M\000D\000\040\000S\000e\000l\000e\000c\000t\000i\000o\000n}{section.2}% 19
\BOOKMARK [2][-]{subsection.2.8}{\376\377\000K\000e\000y\000\040\000R\000e\000s\000u\000l\000t\000s\000\040\000S\000u\000m\000m\000a\000r\000y}{section.2}% 20
\BOOKMARK [1][-]{section.3}{\376\377\000S\000-\000E\000n\000t\000r\000o\000p\000y\000\040\000N\000a\000v\000i\000g\000a\000t\000i\000o\000n\000\040\000f\000o\000r\000\040\000H\000a\000r\000m\000o\000n\000i\000c\000\040\000S\000e\000l\000e\000c\000t\000i\000o\000n}{}% 21
\BOOKMARK [2][-]{subsection.3.1}{\376\377\000T\000r\000i\000-\000D\000i\000m\000e\000n\000s\000i\000o\000n\000a\000l\000\040\000S\000-\000S\000p\000a\000c\000e}{section.3}% 22
\BOOKMARK [2][-]{subsection.3.2}{\376\377\000S\000-\000N\000a\000v\000i\000g\000a\000t\000i\000o\000n\000\040\000D\000e\000t\000e\000r\000m\000i\000n\000e\000s\000\040\000H\000a\000r\000m\000o\000n\000i\000c\000\040\000S\000e\000l\000e\000c\000t\000i\000o\000n}{section.3}% 23
\BOOKMARK [2][-]{subsection.3.3}{\376\377\000A\000d\000a\000p\000t\000i\000v\000e\000\040\000P\000r\000e\000c\000i\000s\000i\000o\000n\000\040\000T\000h\000r\000o\000u\000g\000h\000\040\000S\000-\000T\000r\000a\000j\000e\000c\000t\000o\000r\000y\000\040\000M\000o\000d\000u\000l\000a\000t\000i\000o\000n}{section.3}% 24
\BOOKMARK [2][-]{subsection.3.4}{\376\377\000S\000-\000D\000i\000s\000t\000a\000n\000c\000e\000\040\000M\000e\000t\000r\000i\000c}{section.3}% 25
\BOOKMARK [2][-]{subsection.3.5}{\376\377\000M\000i\000r\000a\000c\000u\000l\000o\000u\000s\000\040\000M\000e\000a\000s\000u\000r\000e\000m\000e\000n\000t\000\040\000T\000h\000r\000o\000u\000g\000h\000\040\000S\000-\000N\000a\000v\000i\000g\000a\000t\000i\000o\000n}{section.3}% 26
\BOOKMARK [2][-]{subsection.3.6}{\376\377\000M\000i\000r\000a\000c\000u\000l\000o\000u\000s\000\040\000I\000n\000t\000e\000r\000m\000e\000d\000i\000a\000t\000e\000\040\000S\000t\000a\000t\000e\000s}{section.3}% 27
\BOOKMARK [2][-]{subsection.3.7}{\376\377\000P\000r\000a\000c\000t\000i\000c\000a\000l\000\040\000M\000i\000r\000a\000c\000u\000l\000o\000u\000s\000\040\000N\000a\000v\000i\000g\000a\000t\000i\000o\000n\000\040\000P\000r\000o\000t\000o\000c\000o\000l}{section.3}% 28
\BOOKMARK [2][-]{subsection.3.8}{\376\377\000C\000o\000m\000p\000a\000r\000i\000s\000o\000n\000:\000\040\000M\000i\000r\000a\000c\000u\000l\000o\000u\000s\000\040\000v\000s\000.\000\040\000P\000h\000y\000s\000i\000c\000a\000l\000\040\000N\000a\000v\000i\000g\000a\000t\000i\000o\000n}{section.3}% 29
\BOOKMARK [2][-]{subsection.3.9}{\376\377\000K\000e\000y\000\040\000R\000e\000s\000u\000l\000t\000s\000\040\000S\000u\000m\000m\000a\000r\000y}{section.3}% 30
\BOOKMARK [1][-]{section.4}{\376\377\000C\000a\000t\000e\000g\000o\000r\000i\000c\000a\000l\000\040\000E\000x\000c\000l\000u\000s\000i\000o\000n\000:\000\040\000F\000r\000o\000m\000\040\000E\000x\000p\000o\000n\000e\000n\000t\000i\000a\000l\000\040\000t\000o\000\040\000P\000o\000l\000y\000n\000o\000m\000i\000a\000l\000\040\000C\000o\000m\000p\000l\000e\000x\000i\000t\000y}{}% 31
\BOOKMARK [2][-]{subsection.4.1}{\376\377\000T\000h\000e\000\040\000E\000x\000p\000o\000n\000e\000n\000t\000i\000a\000l\000\040\000P\000r\000o\000b\000l\000e\000m\000:\000\040\000H\000a\000r\000m\000o\000n\000i\000c\000\040\000T\000r\000e\000e\000\040\000S\000t\000r\000u\000c\000t\000u\000r\000e}{section.4}% 32
\BOOKMARK [2][-]{subsection.4.2}{\376\377\000C\000o\000m\000p\000u\000t\000a\000t\000i\000o\000n\000a\000l\000\040\000I\000n\000t\000r\000a\000c\000t\000a\000b\000i\000l\000i\000t\000y}{section.4}% 33
\BOOKMARK [2][-]{subsection.4.3}{\376\377\000T\000h\000e\000\040\000P\000o\000l\000y\000n\000o\000m\000i\000a\000l\000\040\000S\000o\000l\000u\000t\000i\000o\000n\000:\000\040\000C\000a\000t\000e\000g\000o\000r\000i\000c\000a\000l\000\040\000N\000e\000t\000w\000o\000r\000k}{section.4}% 34
\BOOKMARK [2][-]{subsection.4.4}{\376\377\000C\000o\000m\000p\000u\000t\000a\000t\000i\000o\000n\000a\000l\000\040\000S\000p\000e\000e\000d\000u\000p\000\040\000A\000n\000a\000l\000y\000s\000i\000s}{section.4}% 35
\BOOKMARK [2][-]{subsection.4.5}{\376\377\000S\000c\000a\000l\000i\000n\000g\000\040\000A\000n\000a\000l\000y\000s\000i\000s}{section.4}% 36
\BOOKMARK [2][-]{subsection.4.6}{\376\377\000P\000r\000a\000c\000t\000i\000c\000a\000l\000\040\000A\000l\000g\000o\000r\000i\000t\000h\000m\000:\000\040\000C\000a\000t\000e\000g\000o\000r\000i\000c\000a\000l\000\040\000N\000e\000t\000w\000o\000r\000k\000\040\000C\000o\000n\000s\000t\000r\000u\000c\000t\000i\000o\000n}{section.4}% 37
\BOOKMARK [2][-]{subsection.4.7}{\376\377\000T\000r\000e\000e\000\040\000v\000s\000.\000\040\000N\000e\000t\000w\000o\000r\000k\000:\000\040\000S\000t\000r\000u\000c\000t\000u\000r\000a\000l\000\040\000C\000o\000m\000p\000a\000r\000i\000s\000o\000n}{section.4}% 38
\BOOKMARK [2][-]{subsection.4.8}{\376\377\000W\000h\000y\000\040\000P\000o\000l\000y\000n\000o\000m\000i\000a\000l\000\040\000S\000c\000a\000l\000i\000n\000g\000\040\000E\000m\000e\000r\000g\000e\000s}{section.4}% 39
\BOOKMARK [2][-]{subsection.4.9}{\376\377\000K\000e\000y\000\040\000R\000e\000s\000u\000l\000t\000s\000\040\000S\000u\000m\000m\000a\000r\000y}{section.4}% 40
\BOOKMARK [1][-]{section.5}{\376\377\000H\000a\000r\000d\000w\000a\000r\000e\000\040\000O\000s\000c\000i\000l\000l\000a\000t\000i\000o\000n\000\040\000H\000a\000r\000v\000e\000s\000t\000i\000n\000g\000:\000\040\000C\000o\000m\000p\000l\000e\000t\000e\000\040\000I\000m\000p\000l\000e\000m\000e\000n\000t\000a\000t\000i\000o\000n}{}% 41
\BOOKMARK [2][-]{subsection.5.1}{\376\377\000A\000l\000g\000o\000r\000i\000t\000h\000m\000\040\000O\000v\000e\000r\000v\000i\000e\000w}{section.5}% 42
\BOOKMARK [2][-]{subsection.5.2}{\376\377\000P\000h\000a\000s\000e\000\040\0001\000:\000\040\000H\000a\000r\000d\000w\000a\000r\000e\000\040\000S\000y\000s\000t\000e\000m\000\040\000I\000n\000i\000t\000i\000a\000l\000i\000z\000a\000t\000i\000o\000n}{section.5}% 43
\BOOKMARK [2][-]{subsection.5.3}{\376\377\000P\000h\000a\000s\000e\000\040\0002\000:\000\040\000L\000E\000D\000\040\000M\000o\000l\000e\000c\000u\000l\000a\000r\000\040\000E\000x\000c\000i\000t\000a\000t\000i\000o\000n}{section.5}% 44
\BOOKMARK [2][-]{subsection.5.4}{\376\377\000P\000h\000a\000s\000e\000\040\0003\000:\000\040\000B\000e\000a\000t\000\040\000F\000r\000e\000q\000u\000e\000n\000c\000y\000\040\000D\000e\000t\000e\000c\000t\000i\000o\000n}{section.5}% 45
\BOOKMARK [2][-]{subsection.5.5}{\376\377\000P\000h\000a\000s\000e\000\040\0004\000:\000\040\000S\000-\000E\000n\000t\000r\000o\000p\000y\000\040\000G\000e\000o\000d\000e\000s\000i\000c\000\040\000N\000a\000v\000i\000g\000a\000t\000i\000o\000n}{section.5}% 46
\BOOKMARK [2][-]{subsection.5.6}{\376\377\000C\000o\000m\000p\000l\000e\000t\000e\000\040\000I\000n\000t\000e\000g\000r\000a\000t\000e\000d\000\040\000S\000y\000s\000t\000e\000m}{section.5}% 47
\BOOKMARK [2][-]{subsection.5.7}{\376\377\000P\000e\000r\000f\000o\000r\000m\000a\000n\000c\000e\000\040\000M\000e\000t\000r\000i\000c\000s}{section.5}% 48
\BOOKMARK [2][-]{subsection.5.8}{\376\377\000K\000e\000y\000\040\000R\000e\000s\000u\000l\000t\000s\000\040\000S\000u\000m\000m\000a\000r\000y}{section.5}% 49
\BOOKMARK [1][-]{section.6}{\376\377\000M\000u\000l\000t\000i\000-\000D\000o\000m\000a\000i\000n\000\040\000S\000-\000E\000n\000t\000r\000o\000p\000y\000\040\000F\000o\000u\000r\000i\000e\000r\000\040\000T\000r\000a\000n\000s\000f\000o\000r\000m\000\040\000\050\000M\000D\000-\000S\000E\000F\000T\000\051}{}% 50
\BOOKMARK [2][-]{subsection.6.1}{\376\377\000T\000h\000e\000\040\000F\000o\000u\000r\000\040\000D\000o\000m\000a\000i\000n\000s}{section.6}% 51
\BOOKMARK [2][-]{subsection.6.2}{\376\377\000W\000h\000y\000\040\000F\000o\000u\000r\000\040\000D\000o\000m\000a\000i\000n\000s\000\040\000E\000x\000i\000s\000t}{section.6}% 52
\BOOKMARK [2][-]{subsection.6.3}{\376\377\000S\000-\000E\000n\000t\000r\000o\000p\000y\000\040\000D\000o\000m\000a\000i\000n\000:\000\040\000D\000e\000t\000a\000i\000l\000e\000d\000\040\000D\000e\000r\000i\000v\000a\000t\000i\000o\000n}{section.6}% 53
\BOOKMARK [2][-]{subsection.6.4}{\376\377\000C\000o\000n\000v\000e\000r\000g\000e\000n\000c\000e\000\040\000D\000o\000m\000a\000i\000n\000:\000\040\000D\000e\000t\000a\000i\000l\000e\000d\000\040\000D\000e\000r\000i\000v\000a\000t\000i\000o\000n}{section.6}% 54
\BOOKMARK [2][-]{subsection.6.5}{\376\377\000I\000n\000f\000o\000r\000m\000a\000t\000i\000o\000n\000\040\000D\000o\000m\000a\000i\000n\000:\000\040\000D\000e\000t\000a\000i\000l\000e\000d\000\040\000D\000e\000r\000i\000v\000a\000t\000i\000o\000n}{section.6}% 55
\BOOKMARK [2][-]{subsection.6.6}{\376\377\000C\000o\000m\000b\000i\000n\000e\000d\000\040\000M\000u\000l\000t\000i\000-\000D\000o\000m\000a\000i\000n\000\040\000P\000r\000e\000c\000i\000s\000i\000o\000n}{section.6}% 56
\BOOKMARK [2][-]{subsection.6.7}{\376\377\000T\000r\000a\000n\000s\000-\000P\000l\000a\000n\000c\000k\000i\000a\000n\000\040\000T\000e\000m\000p\000o\000r\000a\000l\000\040\000E\000q\000u\000i\000v\000a\000l\000e\000n\000c\000e}{section.6}% 57
\BOOKMARK [2][-]{subsection.6.8}{\376\377\000P\000r\000a\000c\000t\000i\000c\000a\000l\000\040\000M\000D\000-\000S\000E\000F\000T\000\040\000I\000m\000p\000l\000e\000m\000e\000n\000t\000a\000t\000i\000o\000n}{section.6}% 58
\BOOKMARK [2][-]{subsection.6.9}{\376\377\000K\000e\000y\000\040\000R\000e\000s\000u\000l\000t\000s\000\040\000S\000u\000m\000m\000a\000r\000y}{section.6}% 59
\BOOKMARK [1][-]{section.7}{\376\377\000R\000e\000c\000u\000r\000s\000i\000v\000e\000\040\000O\000b\000s\000e\000r\000v\000a\000t\000i\000o\000n\000:\000\040\000M\000o\000l\000e\000c\000u\000l\000e\000s\000\040\000O\000b\000s\000e\000r\000v\000i\000n\000g\000\040\000M\000o\000l\000e\000c\000u\000l\000e\000s}{}% 60
\BOOKMARK [2][-]{subsection.7.1}{\376\377\000T\000h\000e\000\040\000F\000u\000n\000d\000a\000m\000e\000n\000t\000a\000l\000\040\000I\000d\000e\000n\000t\000i\000t\000y}{section.7}% 61
\BOOKMARK [2][-]{subsection.7.2}{\376\377\000R\000e\000c\000u\000r\000s\000i\000v\000e\000\040\000O\000b\000s\000e\000r\000v\000a\000t\000i\000o\000n\000\040\000H\000i\000e\000r\000a\000r\000c\000h\000y}{section.7}% 62
\BOOKMARK [2][-]{subsection.7.3}{\376\377\000I\000n\000f\000o\000r\000m\000a\000t\000i\000o\000n\000\040\000F\000l\000o\000w\000\040\000i\000n\000\040\000R\000e\000c\000u\000r\000s\000i\000v\000e\000\040\000O\000b\000s\000e\000r\000v\000a\000t\000i\000o\000n}{section.7}% 63
\BOOKMARK [2][-]{subsection.7.4}{\376\377\000S\000e\000l\000f\000-\000C\000o\000n\000s\000i\000s\000t\000e\000n\000c\000y\000\040\000o\000f\000\040\000R\000e\000c\000u\000r\000s\000i\000v\000e\000\040\000O\000b\000s\000e\000r\000v\000a\000t\000i\000o\000n}{section.7}% 64
\BOOKMARK [2][-]{subsection.7.5}{\376\377\000H\000u\000y\000g\000e\000n\000s\000\040\000S\000y\000n\000c\000h\000r\000o\000n\000i\000z\000a\000t\000i\000o\000n\000\040\000i\000n\000\040\000M\000o\000l\000e\000c\000u\000l\000a\000r\000\040\000N\000e\000t\000w\000o\000r\000k\000s}{section.7}% 65
\BOOKMARK [2][-]{subsection.7.6}{\376\377\000P\000r\000a\000c\000t\000i\000c\000a\000l\000\040\000I\000m\000p\000l\000i\000c\000a\000t\000i\000o\000n\000s\000\040\000o\000f\000\040\000R\000e\000c\000u\000r\000s\000i\000v\000e\000\040\000O\000b\000s\000e\000r\000v\000a\000t\000i\000o\000n}{section.7}% 66
\BOOKMARK [2][-]{subsection.7.7}{\376\377\000K\000e\000y\000\040\000R\000e\000s\000u\000l\000t\000s\000\040\000S\000u\000m\000m\000a\000r\000y}{section.7}% 67
\BOOKMARK [1][-]{section.8}{\376\377\000H\000a\000r\000m\000o\000n\000i\000c\000\040\000N\000e\000t\000w\000o\000r\000k\000\040\000G\000r\000a\000p\000h\000:\000\040\000S\000t\000r\000u\000c\000t\000u\000r\000e\000\040\000a\000n\000d\000\040\000N\000a\000v\000i\000g\000a\000t\000i\000o\000n}{}% 68
\BOOKMARK [2][-]{subsection.8.1}{\376\377\000G\000r\000a\000p\000h\000\040\000C\000o\000n\000s\000t\000r\000u\000c\000t\000i\000o\000n}{section.8}% 69
\BOOKMARK [2][-]{subsection.8.2}{\376\377\000G\000r\000a\000p\000h\000\040\000P\000r\000o\000p\000e\000r\000t\000i\000e\000s\000\040\000a\000n\000d\000\040\000I\000n\000v\000a\000r\000i\000a\000n\000t\000s}{section.8}% 70
\BOOKMARK [2][-]{subsection.8.3}{\376\377\000S\000h\000o\000r\000t\000e\000s\000t\000\040\000P\000a\000t\000h\000\040\000N\000a\000v\000i\000g\000a\000t\000i\000o\000n}{section.8}% 71
\BOOKMARK [2][-]{subsection.8.4}{\376\377\000M\000u\000l\000t\000i\000-\000P\000a\000t\000h\000\040\000I\000n\000t\000e\000g\000r\000a\000t\000i\000o\000n}{section.8}% 72
\BOOKMARK [2][-]{subsection.8.5}{\376\377\000G\000r\000a\000p\000h\000\040\000M\000e\000t\000r\000i\000c\000s\000\040\000a\000n\000d\000\040\000A\000n\000a\000l\000y\000s\000i\000s}{section.8}% 73
\BOOKMARK [2][-]{subsection.8.6}{\376\377\000N\000e\000t\000w\000o\000r\000k\000\040\000R\000e\000s\000i\000l\000i\000e\000n\000c\000e\000\040\000a\000n\000d\000\040\000R\000o\000b\000u\000s\000t\000n\000e\000s\000s}{section.8}% 74
\BOOKMARK [2][-]{subsection.8.7}{\376\377\000D\000y\000n\000a\000m\000i\000c\000\040\000N\000e\000t\000w\000o\000r\000k\000\040\000E\000v\000o\000l\000u\000t\000i\000o\000n}{section.8}% 75
\BOOKMARK [2][-]{subsection.8.8}{\376\377\000C\000o\000m\000p\000a\000r\000i\000s\000o\000n\000:\000\040\000T\000r\000e\000e\000\040\000v\000s\000.\000\040\000N\000e\000t\000w\000o\000r\000k\000\040\000N\000a\000v\000i\000g\000a\000t\000i\000o\000n}{section.8}% 76
\BOOKMARK [2][-]{subsection.8.9}{\376\377\000V\000i\000s\000u\000a\000l\000i\000z\000a\000t\000i\000o\000n\000\040\000a\000n\000d\000\040\000P\000r\000a\000c\000t\000i\000c\000a\000l\000\040\000I\000m\000p\000l\000e\000m\000e\000n\000t\000a\000t\000i\000o\000n}{section.8}% 77
\BOOKMARK [2][-]{subsection.8.10}{\376\377\000K\000e\000y\000\040\000R\000e\000s\000u\000l\000t\000s\000\040\000S\000u\000m\000m\000a\000r\000y}{section.8}% 78
\BOOKMARK [1][-]{section.9}{\376\377\000Q\000u\000a\000n\000t\000u\000m\000\040\000V\000i\000b\000r\000a\000t\000i\000o\000n\000a\000l\000\040\000A\000n\000a\000l\000y\000s\000i\000s}{}% 79
\BOOKMARK [2][-]{subsection.9.1}{\376\377\000Q\000u\000a\000n\000t\000u\000m\000\040\000H\000a\000r\000m\000o\000n\000i\000c\000\040\000O\000s\000c\000i\000l\000l\000a\000t\000o\000r\000\040\000F\000u\000n\000d\000a\000m\000e\000n\000t\000a\000l\000s}{section.9}% 80
\BOOKMARK [2][-]{subsection.9.2}{\376\377\000H\000e\000i\000s\000e\000n\000b\000e\000r\000g\000\040\000U\000n\000c\000e\000r\000t\000a\000i\000n\000t\000y\000\040\000P\000r\000i\000n\000c\000i\000p\000l\000e\000\040\000f\000o\000r\000\040\000V\000i\000b\000r\000a\000t\000i\000o\000n\000s}{section.9}% 81
\BOOKMARK [2][-]{subsection.9.3}{\376\377\000T\000h\000e\000r\000m\000a\000l\000\040\000P\000o\000p\000u\000l\000a\000t\000i\000o\000n\000\040\000o\000f\000\040\000V\000i\000b\000r\000a\000t\000i\000o\000n\000a\000l\000\040\000S\000t\000a\000t\000e\000s}{section.9}% 82
\BOOKMARK [2][-]{subsection.9.4}{\376\377\000L\000E\000D\000-\000E\000n\000h\000a\000n\000c\000e\000d\000\040\000V\000i\000b\000r\000a\000t\000i\000o\000n\000a\000l\000\040\000C\000o\000h\000e\000r\000e\000n\000c\000e}{section.9}% 83
\BOOKMARK [2][-]{subsection.9.5}{\376\377\000A\000n\000h\000a\000r\000m\000o\000n\000i\000c\000\040\000C\000o\000r\000r\000e\000c\000t\000i\000o\000n\000s}{section.9}% 84
\BOOKMARK [2][-]{subsection.9.6}{\376\377\000R\000o\000t\000a\000t\000i\000o\000n\000-\000V\000i\000b\000r\000a\000t\000i\000o\000n\000\040\000C\000o\000u\000p\000l\000i\000n\000g}{section.9}% 85
\BOOKMARK [2][-]{subsection.9.7}{\376\377\000S\000e\000l\000e\000c\000t\000i\000o\000n\000\040\000R\000u\000l\000e\000s\000\040\000a\000n\000d\000\040\000T\000r\000a\000n\000s\000i\000t\000i\000o\000n\000\040\000P\000r\000o\000b\000a\000b\000i\000l\000i\000t\000i\000e\000s}{section.9}% 86
\BOOKMARK [2][-]{subsection.9.8}{\376\377\000P\000r\000a\000c\000t\000i\000c\000a\000l\000\040\000Q\000u\000a\000n\000t\000u\000m\000\040\000L\000i\000m\000i\000t\000s\000\040\000f\000o\000r\000\040\000M\000e\000a\000s\000u\000r\000e\000m\000e\000n\000t\000s}{section.9}% 87
\BOOKMARK [2][-]{subsection.9.9}{\376\377\000K\000e\000y\000\040\000R\000e\000s\000u\000l\000t\000s\000\040\000S\000u\000m\000m\000a\000r\000y}{section.9}% 88
\BOOKMARK [1][-]{section.10}{\376\377\000E\000x\000p\000e\000r\000i\000m\000e\000n\000t\000a\000l\000\040\000R\000e\000s\000u\000l\000t\000s\000\040\000a\000n\000d\000\040\000V\000a\000l\000i\000d\000a\000t\000i\000o\000n}{}% 89
\BOOKMARK [2][-]{subsection.10.1}{\376\377\000E\000x\000p\000e\000r\000i\000m\000e\000n\000t\000a\000l\000\040\000S\000e\000t\000u\000p}{section.10}% 90
\BOOKMARK [2][-]{subsection.10.2}{\376\377\000E\000x\000p\000e\000r\000i\000m\000e\000n\000t\000\040\0001\000:\000\040\000H\000a\000r\000d\000w\000a\000r\000e\000\040\000C\000l\000o\000c\000k\000\040\000S\000y\000n\000c\000h\000r\000o\000n\000i\000z\000a\000t\000i\000o\000n}{section.10}% 91
\BOOKMARK [2][-]{subsection.10.3}{\376\377\000E\000x\000p\000e\000r\000i\000m\000e\000n\000t\000\040\0002\000:\000\040\000L\000E\000D\000\040\000C\000o\000h\000e\000r\000e\000n\000c\000e\000\040\000E\000n\000h\000a\000n\000c\000e\000m\000e\000n\000t}{section.10}% 92
\BOOKMARK [2][-]{subsection.10.4}{\376\377\000E\000x\000p\000e\000r\000i\000m\000e\000n\000t\000\040\0003\000:\000\040\000S\000-\000E\000n\000t\000r\000o\000p\000y\000\040\000N\000a\000v\000i\000g\000a\000t\000i\000o\000n\000\040\000P\000e\000r\000f\000o\000r\000m\000a\000n\000c\000e}{section.10}% 93
\BOOKMARK [2][-]{subsection.10.5}{\376\377\000E\000x\000p\000e\000r\000i\000m\000e\000n\000t\000\040\0004\000:\000\040\000B\000M\000D\000\040\000E\000q\000u\000i\000v\000a\000l\000e\000n\000c\000e\000\040\000V\000a\000l\000i\000d\000a\000t\000i\000o\000n}{section.10}% 94
\BOOKMARK [2][-]{subsection.10.6}{\376\377\000E\000x\000p\000e\000r\000i\000m\000e\000n\000t\000\040\0005\000:\000\040\000M\000u\000l\000t\000i\000-\000D\000o\000m\000a\000i\000n\000\040\000P\000r\000e\000c\000i\000s\000i\000o\000n\000\040\000E\000n\000h\000a\000n\000c\000e\000m\000e\000n\000t}{section.10}% 95
\BOOKMARK [2][-]{subsection.10.7}{\376\377\000E\000x\000p\000e\000r\000i\000m\000e\000n\000t\000\040\0006\000:\000\040\000C\000o\000m\000p\000u\000t\000a\000t\000i\000o\000n\000a\000l\000\040\000C\000o\000m\000p\000l\000e\000x\000i\000t\000y\000\040\000S\000c\000a\000l\000i\000n\000g}{section.10}% 96
\BOOKMARK [2][-]{subsection.10.8}{\376\377\000E\000x\000p\000e\000r\000i\000m\000e\000n\000t\000\040\0007\000:\000\040\000C\000o\000n\000v\000e\000r\000g\000e\000n\000c\000e\000\040\000a\000n\000d\000\040\000S\000t\000a\000b\000i\000l\000i\000t\000y}{section.10}% 97
\BOOKMARK [2][-]{subsection.10.9}{\376\377\000K\000e\000y\000\040\000E\000x\000p\000e\000r\000i\000m\000e\000n\000t\000a\000l\000\040\000F\000i\000n\000d\000i\000n\000g\000s\000\040\000S\000u\000m\000m\000a\000r\000y}{section.10}% 98
\BOOKMARK [1][-]{section.11}{\376\377\000D\000i\000s\000c\000u\000s\000s\000i\000o\000n\000:\000\040\000A\000d\000d\000r\000e\000s\000s\000i\000n\000g\000\040\000A\000n\000t\000i\000c\000i\000p\000a\000t\000e\000d\000\040\000C\000r\000i\000t\000i\000c\000i\000s\000m\000s}{}% 99
\BOOKMARK [2][-]{subsection.11.1}{\376\377\000C\000r\000i\000t\000i\000c\000i\000s\000m\000\040\0001\000:\000\040\000"\000T\000r\000a\000n\000s\000-\000P\000l\000a\000n\000c\000k\000i\000a\000n\000\040\000R\000e\000s\000o\000l\000u\000t\000i\000o\000n\000\040\000V\000i\000o\000l\000a\000t\000e\000s\000\040\000Q\000u\000a\000n\000t\000u\000m\000\040\000M\000e\000c\000h\000a\000n\000i\000c\000s\000"}{section.11}% 100
\BOOKMARK [2][-]{subsection.11.2}{\376\377\000C\000r\000i\000t\000i\000c\000i\000s\000m\000\040\0002\000:\000\040\000"\000M\000o\000l\000e\000c\000u\000l\000a\000r\000\040\000H\000a\000r\000m\000o\000n\000i\000c\000s\000\040\000C\000a\000n\000n\000o\000t\000\040\000R\000e\000a\000c\000h\000\040\000N\000e\000c\000e\000s\000s\000a\000r\000y\000\040\000F\000r\000e\000q\000u\000e\000n\000c\000i\000e\000s\000"}{section.11}% 101
\BOOKMARK [2][-]{subsection.11.3}{\376\377\000C\000r\000i\000t\000i\000c\000i\000s\000m\000\040\0003\000:\000\040\000"\000L\000E\000D\000\040\000C\000a\000n\000n\000o\000t\000\040\000E\000n\000h\000a\000n\000c\000e\000\040\000M\000o\000l\000e\000c\000u\000l\000a\000r\000\040\000C\000o\000h\000e\000r\000e\000n\000c\000e\000\040\000S\000i\000g\000n\000i\000f\000i\000c\000a\000n\000t\000l\000y\000"}{section.11}% 102
\BOOKMARK [2][-]{subsection.11.4}{\376\377\000C\000r\000i\000t\000i\000c\000i\000s\000m\000\040\0004\000:\000\040\000"\000B\000M\000D\000\040\000F\000i\000l\000t\000e\000r\000i\000n\000g\000\040\000i\000s\000\040\000J\000u\000s\000t\000\040\000H\000e\000u\000r\000i\000s\000t\000i\000c\000\040\000O\000p\000t\000i\000m\000i\000z\000a\000t\000i\000o\000n\000,\000\040\000N\000o\000t\000\040\000F\000u\000n\000d\000a\000m\000e\000n\000t\000a\000l\000"}{section.11}% 103
\BOOKMARK [2][-]{subsection.11.5}{\376\377\000C\000r\000i\000t\000i\000c\000i\000s\000m\000\040\0005\000:\000\040\000"\000S\000-\000E\000n\000t\000r\000o\000p\000y\000\040\000N\000a\000v\000i\000g\000a\000t\000i\000o\000n\000\040\000i\000s\000\040\000J\000u\000s\000t\000\040\000G\000r\000a\000d\000i\000e\000n\000t\000\040\000D\000e\000s\000c\000e\000n\000t\000"}{section.11}% 104
\BOOKMARK [2][-]{subsection.11.6}{\376\377\000C\000r\000i\000t\000i\000c\000i\000s\000m\000\040\0006\000:\000\040\000"\000C\000l\000a\000i\000m\000e\000d\000\040\0001\0000\0001\0000\000\040\000S\000p\000e\000e\000d\000u\000p\000\040\000i\000s\000\040\000E\000x\000a\000g\000g\000e\000r\000a\000t\000e\000d\000"}{section.11}% 105
\BOOKMARK [2][-]{subsection.11.7}{\376\377\000C\000r\000i\000t\000i\000c\000i\000s\000m\000\040\0007\000:\000\040\000"\000H\000a\000r\000d\000w\000a\000r\000e\000\040\000C\000l\000o\000c\000k\000\040\000S\000y\000n\000c\000h\000r\000o\000n\000i\000z\000a\000t\000i\000o\000n\000\040\000i\000s\000\040\000C\000o\000r\000r\000e\000l\000a\000t\000i\000o\000n\000,\000\040\000N\000o\000t\000\040\000C\000a\000u\000s\000a\000t\000i\000o\000n\000"}{section.11}% 106
\BOOKMARK [2][-]{subsection.11.8}{\376\377\000C\000r\000i\000t\000i\000c\000i\000s\000m\000\040\0008\000:\000\040\000"\000Z\000e\000r\000o\000\040\000E\000q\000u\000i\000p\000m\000e\000n\000t\000\040\000C\000o\000s\000t\000\040\000i\000s\000\040\000M\000i\000s\000l\000e\000a\000d\000i\000n\000g\000"}{section.11}% 107
\BOOKMARK [2][-]{subsection.11.9}{\376\377\000C\000r\000i\000t\000i\000c\000i\000s\000m\000\040\0009\000:\000\040\000"\000C\000a\000t\000e\000g\000o\000r\000i\000c\000a\000l\000-\000H\000a\000r\000m\000o\000n\000i\000c\000\040\000C\000o\000r\000r\000e\000s\000p\000o\000n\000d\000e\000n\000c\000e\000\040\000i\000s\000\040\000T\000a\000u\000t\000o\000l\000o\000g\000i\000c\000a\000l\000"}{section.11}% 108
\BOOKMARK [2][-]{subsection.11.10}{\376\377\000C\000r\000i\000t\000i\000c\000i\000s\000m\000\040\0001\0000\000:\000\040\000"\000R\000e\000s\000u\000l\000t\000s\000\040\000a\000r\000e\000\040\000N\000o\000t\000\040\000R\000e\000p\000r\000o\000d\000u\000c\000i\000b\000l\000e\000\040\000W\000i\000t\000h\000o\000u\000t\000\040\000S\000p\000e\000c\000i\000a\000l\000i\000z\000e\000d\000\040\000E\000q\000u\000i\000p\000m\000e\000n\000t\000"}{section.11}% 109
\BOOKMARK [2][-]{subsection.11.11}{\376\377\000K\000e\000y\000\040\000P\000o\000i\000n\000t\000s\000\040\000f\000r\000o\000m\000\040\000D\000i\000s\000c\000u\000s\000s\000i\000o\000n}{section.11}% 110
\BOOKMARK [1][-]{section.12}{\376\377\000C\000o\000m\000p\000l\000e\000t\000e\000\040\000M\000a\000t\000h\000e\000m\000a\000t\000i\000c\000a\000l\000\040\000F\000o\000u\000n\000d\000a\000t\000i\000o\000n\000s\000\040\000a\000n\000d\000\040\000P\000r\000o\000o\000f\000s}{}% 111
\BOOKMARK [2][-]{subsection.12.1}{\376\377\000P\000r\000o\000o\000f\000:\000\040\000C\000a\000t\000e\000g\000o\000r\000i\000c\000a\000l\000\040\000C\000o\000m\000p\000l\000e\000t\000i\000o\000n\000\040\000F\000o\000r\000m\000s\000\040\000P\000a\000r\000t\000i\000a\000l\000l\000y\000\040\000O\000r\000d\000e\000r\000e\000d\000\040\000S\000e\000t}{section.12}% 112
\BOOKMARK [2][-]{subsection.12.2}{\376\377\000P\000r\000o\000o\000f\000:\000\040\000H\000a\000r\000m\000o\000n\000i\000c\000\040\000T\000r\000e\000e\000\040\000H\000a\000s\000\040\000E\000x\000p\000o\000n\000e\000n\000t\000i\000a\000l\000\040\000G\000r\000o\000w\000t\000h}{section.12}% 113
\BOOKMARK [2][-]{subsection.12.3}{\376\377\000P\000r\000o\000o\000f\000:\000\040\000S\000-\000S\000p\000a\000c\000e\000\040\000G\000e\000o\000d\000e\000s\000i\000c\000\040\000M\000i\000n\000i\000m\000i\000z\000e\000s\000\040\000C\000a\000t\000e\000g\000o\000r\000i\000c\000a\000l\000\040\000C\000o\000m\000p\000l\000e\000x\000i\000t\000y}{section.12}% 114
\BOOKMARK [2][-]{subsection.12.4}{\376\377\000P\000r\000o\000o\000f\000:\000\040\000M\000u\000l\000t\000i\000-\000D\000o\000m\000a\000i\000n\000\040\000P\000r\000e\000c\000i\000s\000i\000o\000n\000s\000\040\000C\000o\000m\000b\000i\000n\000e\000\040\000i\000n\000\040\000Q\000u\000a\000d\000r\000a\000t\000u\000r\000e}{section.12}% 115
\BOOKMARK [2][-]{subsection.12.5}{\376\377\000P\000r\000o\000o\000f\000:\000\040\000B\000M\000D\000\040\000F\000i\000l\000t\000e\000r\000i\000n\000g\000\040\000A\000c\000h\000i\000e\000v\000e\000s\000\040\0001\0000\0006\000-\0001\0002\000\040\000P\000r\000o\000b\000a\000b\000i\000l\000i\000t\000y\000\040\000E\000n\000h\000a\000n\000c\000e\000m\000e\000n\000t}{section.12}% 116
\BOOKMARK [2][-]{subsection.12.6}{\376\377\000P\000r\000o\000o\000f\000:\000\040\000H\000e\000i\000s\000e\000n\000b\000e\000r\000g\000\040\000U\000n\000c\000e\000r\000t\000a\000i\000n\000t\000y\000\040\000f\000o\000r\000\040\000H\000a\000r\000m\000o\000n\000i\000c\000\040\000M\000e\000a\000s\000u\000r\000e\000m\000e\000n\000t\000s}{section.12}% 117
\BOOKMARK [2][-]{subsection.12.7}{\376\377\000P\000r\000o\000o\000f\000:\000\040\000H\000u\000y\000g\000e\000n\000s\000\040\000S\000y\000n\000c\000h\000r\000o\000n\000i\000z\000a\000t\000i\000o\000n\000\040\000T\000i\000m\000e}{section.12}% 118
\BOOKMARK [2][-]{subsection.12.8}{\376\377\000P\000r\000o\000o\000f\000:\000\040\000N\000e\000t\000w\000o\000r\000k\000\040\000E\000x\000h\000i\000b\000i\000t\000s\000\040\000S\000m\000a\000l\000l\000-\000W\000o\000r\000l\000d\000\040\000P\000r\000o\000p\000e\000r\000t\000y}{section.12}% 119
\BOOKMARK [2][-]{subsection.12.9}{\376\377\000P\000r\000o\000o\000f\000:\000\040\000I\000n\000f\000o\000r\000m\000a\000t\000i\000o\000n\000\040\000D\000o\000m\000a\000i\000n\000\040\000P\000r\000o\000v\000i\000d\000e\000s\000\040\000D\000o\000m\000i\000n\000a\000n\000t\000\040\000P\000r\000e\000c\000i\000s\000i\000o\000n}{section.12}% 120
\BOOKMARK [2][-]{subsection.12.10}{\376\377\000S\000u\000m\000m\000a\000r\000y\000\040\000o\000f\000\040\000P\000r\000o\000v\000e\000n\000\040\000T\000h\000e\000o\000r\000e\000m\000s}{section.12}% 121
\BOOKMARK [1][-]{section.13}{\376\377\000C\000o\000n\000c\000l\000u\000s\000i\000o\000n\000s}{}% 122
\BOOKMARK [2][-]{subsection.13.1}{\376\377\000P\000r\000i\000n\000c\000i\000p\000a\000l\000\040\000A\000c\000h\000i\000e\000v\000e\000m\000e\000n\000t\000s}{section.13}% 123
\BOOKMARK [3][-]{subsubsection.13.1.1}{\376\377\000T\000h\000e\000o\000r\000e\000t\000i\000c\000a\000l\000\040\000F\000o\000u\000n\000d\000a\000t\000i\000o\000n\000s}{subsection.13.1}% 124
\BOOKMARK [3][-]{subsubsection.13.1.2}{\376\377\000E\000x\000p\000e\000r\000i\000m\000e\000n\000t\000a\000l\000\040\000V\000a\000l\000i\000d\000a\000t\000i\000o\000n}{subsection.13.1}% 125
\BOOKMARK [3][-]{subsubsection.13.1.3}{\376\377\000T\000e\000m\000p\000o\000r\000a\000l\000\040\000R\000e\000s\000o\000l\000u\000t\000i\000o\000n\000\040\000C\000l\000a\000r\000i\000f\000i\000c\000a\000t\000i\000o\000n}{subsection.13.1}% 126
\BOOKMARK [2][-]{subsection.13.2}{\376\377\000B\000r\000o\000a\000d\000e\000r\000\040\000I\000m\000p\000l\000i\000c\000a\000t\000i\000o\000n\000s}{section.13}% 127
\BOOKMARK [3][-]{subsubsection.13.2.1}{\376\377\000C\000o\000m\000p\000u\000t\000a\000t\000i\000o\000n\000a\000l\000\040\000S\000c\000i\000e\000n\000c\000e}{subsection.13.2}% 128
\BOOKMARK [3][-]{subsubsection.13.2.2}{\376\377\000Q\000u\000a\000n\000t\000u\000m\000\040\000I\000n\000f\000o\000r\000m\000a\000t\000i\000o\000n}{subsection.13.2}% 129
\BOOKMARK [3][-]{subsubsection.13.2.3}{\376\377\000T\000h\000e\000r\000m\000o\000d\000y\000n\000a\000m\000i\000c\000s\000\040\000a\000n\000d\000\040\000I\000n\000f\000o\000r\000m\000a\000t\000i\000o\000n}{subsection.13.2}% 130
\BOOKMARK [3][-]{subsubsection.13.2.4}{\376\377\000M\000e\000a\000s\000u\000r\000e\000m\000e\000n\000t\000\040\000T\000h\000e\000o\000r\000y}{subsection.13.2}% 131
\BOOKMARK [2][-]{subsection.13.3}{\376\377\000L\000i\000m\000i\000t\000a\000t\000i\000o\000n\000s\000\040\000a\000n\000d\000\040\000C\000a\000v\000e\000a\000t\000s}{section.13}% 132
\BOOKMARK [3][-]{subsubsection.13.3.1}{\376\377\000T\000e\000m\000p\000e\000r\000a\000t\000u\000r\000e\000\040\000S\000e\000n\000s\000i\000t\000i\000v\000i\000t\000y}{subsection.13.3}% 133
\BOOKMARK [3][-]{subsubsection.13.3.2}{\376\377\000G\000a\000s\000\040\000P\000u\000r\000i\000t\000y\000\040\000R\000e\000q\000u\000i\000r\000e\000m\000e\000n\000t\000s}{subsection.13.3}% 134
\BOOKMARK [3][-]{subsubsection.13.3.3}{\376\377\000L\000E\000D\000\040\000C\000o\000h\000e\000r\000e\000n\000c\000e\000\040\000L\000i\000m\000i\000t\000s}{subsection.13.3}% 135
\BOOKMARK [3][-]{subsubsection.13.3.4}{\376\377\000H\000a\000r\000m\000o\000n\000i\000c\000\040\000A\000c\000c\000e\000s\000s\000i\000b\000i\000l\000i\000t\000y}{subsection.13.3}% 136
\BOOKMARK [3][-]{subsubsection.13.3.5}{\376\377\000C\000a\000t\000e\000g\000o\000r\000i\000c\000a\000l\000\040\000N\000e\000t\000w\000o\000r\000k\000\040\000C\000o\000n\000s\000t\000r\000u\000c\000t\000i\000o\000n\000\040\000T\000i\000m\000e}{subsection.13.3}% 137
\BOOKMARK [2][-]{subsection.13.4}{\376\377\000F\000u\000t\000u\000r\000e\000\040\000R\000e\000s\000e\000a\000r\000c\000h\000\040\000D\000i\000r\000e\000c\000t\000i\000o\000n\000s}{section.13}% 138
\BOOKMARK [3][-]{subsubsection.13.4.1}{\376\377\000N\000e\000a\000r\000-\000T\000e\000r\000m\000\040\000\050\0001\000-\0003\000\040\000y\000e\000a\000r\000s\000\051}{subsection.13.4}% 139
\BOOKMARK [3][-]{subsubsection.13.4.2}{\376\377\000M\000e\000d\000i\000u\000m\000-\000T\000e\000r\000m\000\040\000\050\0003\000-\0005\000\040\000y\000e\000a\000r\000s\000\051}{subsection.13.4}% 140
\BOOKMARK [3][-]{subsubsection.13.4.3}{\376\377\000L\000o\000n\000g\000-\000T\000e\000r\000m\000\040\000\050\0005\000-\0001\0000\000\040\000y\000e\000a\000r\000s\000\051}{subsection.13.4}% 141
\BOOKMARK [2][-]{subsection.13.5}{\376\377\000C\000l\000o\000s\000i\000n\000g\000\040\000R\000e\000m\000a\000r\000k\000s}{section.13}% 142
