This is pdfTeX, Version 3.141592653-2.6-1.40.25 (MiKTeX 24.1) (preloaded format=pdflatex 2025.7.27)  9 NOV 2025 08:37
entering extended mode
 restricted \write18 enabled.
 %&-line parsing enabled.
**./categorical-resolution-gibbs-paradox.tex
(categorical-resolution-gibbs-paradox.tex
LaTeX2e <2023-11-01> patch level 1
L3 programming layer <2024-01-04>
(C:\Users\kundai\AppData\Local\Programs\MiKTeX\tex/latex/revtex\revtex4-2.cls
Document Class: revtex4-2 2022/06/05 4.2f (https://journals.aps.org/revtex/ for
 documentation)
 Copyright (c) 2019 American Physical Society.
 mailto:revtex@aps.org
 Licensed under the LPPL:
http://www.ctan.org/tex-archive/macros/latex/base/lppl.txt
 Arthur Ogawa <arthur_ogawa at sbcglobal dot net>
 Based on work by David Carlisle <david at dcarlisle.demon.co.uk>
 Version (4.2d--4.2f): Modified by Mark Doyle and Phelype Oleinik
 .
ltxutil[2022/06/05 4.2f utilities package (portions licensed from W. E. Baxter 
web at superscript.com)]
LaTeX Info: Redefining \@centercr on input line 356.
Class revtex4-2 Info: Repairing broken LaTeX eqnarray on input line 417.
\eqncolsep=\skip48
Class revtex4-2 Info: Repairing hyperref-unfriendly LaTeX definition of \mpfoot
note on input line 492.
Class revtex4-2 Info: Repairing broken LateX \@sect on input line 814.
\intertabularlinepenalty=\count187
\@tbpen=\count188
\@arstrutbox@hline=\box51
Class revtex4-2 Info: Repairing broken LaTeX \@xbitor on input line 1845.
Class revtex4-2 Info: Making \typeout \long on input line 2110.
ltxfront[2022/06/05 4.2f frontmatter package (AO,DPC,MD)]
\c@affil=\count189
\c@collab=\count190
\absbox=\box52
ltxgrid[2022/06/05 4.2f page grid package (portions licensed from W. E. Baxter 
web at superscript.com)]
\c@linecount=\count191
\output@latex=\toks17
\box@size@1=\box53
\box@size@2=\box54
\@protection@box=\box55
\@topmark@saved=\toks18
\footins@saved=\box56
\footins@recovered=\box57
\column@recovered=\box58
\pagesofar=\box59
\footsofar=\box60
\pagegrid@col=\count192
Class revtex4-2 Info: Overriding \@vspace, \@vspacer, \@no@pgbk, \@newline, and
 \\  on input line 5676.
\c@part=\count193
\c@section=\count194
\c@subsection=\count195
\c@subsubsection=\count196
\c@paragraph=\count197
\c@subparagraph=\count198
\abovecaptionskip=\skip49
\belowcaptionskip=\skip50
\c@figure=\count199
\fbox@1=\box61
\c@table=\count266
\fbox@2=\box62
\c@video=\count267
\fbox@4=\box63
\@bibdataout=\write3
\widetext@top=\box64
\widetext@bot=\box65

Class revtex4-2 Warning: No Society specified, using default society aps.

(C:\Users\kundai\AppData\Local\Programs\MiKTeX\tex/latex/revtex\aps4-2.rtx
File: aps4-2 2022/06/05 4.2f (https://journals.aps.org/revtex/ for documentatio
n)
Class revtex4-2 Info: RevTeX society APS selected on input line 40.
)
Class revtex4-2 Info: Selecting journal prb on input line 7671.
Class revtex4-2 Info: APS journal PRB selected on input line 7672.

(C:\Users\kundai\AppData\Local\Programs\MiKTeX\tex/latex/revtex\aps10pt4-2.rtx
File: aps10pt4-2 2022/06/05 4.2f (https://journals.aps.org/revtex/ for document
ation)
Class revtex4-2 Info: RevTeX pointsize 10pt selected on input line 39.
) (C:\Users\kundai\AppData\Local\Programs\MiKTeX\tex/latex/textcase\textcase.st
y
Package: textcase 2025/02/16 v1.05 Text only upper/lower case changing (DPC)
Package textcase Info: Defining Legacy names on input line 20.
) (C:\Users\kundai\AppData\Local\Programs\MiKTeX\tex/latex/url\url.sty
\Urlmuskip=\muskip16
Package: url 2013/09/16  ver 3.4  Verb mode for urls, etc.
)
(C:\Users\kundai\AppData\Local\Programs\MiKTeX\tex/latex/natbib\natbib.sty
Package: natbib 2010/09/13 8.31b (PWD, AO)
\bibhang=\skip51
\bibsep=\skip52
LaTeX Info: Redefining \cite on input line 694.
\c@NAT@ctr=\count268
)
Class revtex4-2 Info: Repairing natbib's \BibitemShut on input line 7676.

(C:\Users\kundai\AppData\Local\Programs\MiKTeX\tex/latex/revtex\revsymb4-2.sty
Package: revsymb4-2 2022/06/05 4.2f (https://journals.aps.org/revtex/ for docum
entation)
LaTeX Info: Redefining \REV@mathfrak on input line 128.
)) (C:\Users\kundai\AppData\Local\Programs\MiKTeX\tex/latex/amsmath\amsmath.sty
Package: amsmath 2023/05/13 v2.17o AMS math features
\@mathmargin=\skip53

For additional information on amsmath, use the `?' option.
(C:\Users\kundai\AppData\Local\Programs\MiKTeX\tex/latex/amsmath\amstext.sty
Package: amstext 2021/08/26 v2.01 AMS text

(C:\Users\kundai\AppData\Local\Programs\MiKTeX\tex/latex/amsmath\amsgen.sty
File: amsgen.sty 1999/11/30 v2.0 generic functions
\@emptytoks=\toks19
\ex@=\dimen140
)
LaTeX Info: Redefining \text on input line 28.
)
(C:\Users\kundai\AppData\Local\Programs\MiKTeX\tex/latex/amsmath\amsbsy.sty
Package: amsbsy 1999/11/29 v1.2d Bold Symbols
\pmbraise@=\dimen141
)
(C:\Users\kundai\AppData\Local\Programs\MiKTeX\tex/latex/amsmath\amsopn.sty
Package: amsopn 2022/04/08 v2.04 operator names
)
\inf@bad=\count269
LaTeX Info: Redefining \frac on input line 234.
\uproot@=\count270
\leftroot@=\count271
LaTeX Info: Redefining \overline on input line 399.
LaTeX Info: Redefining \colon on input line 410.
\classnum@=\count272
\DOTSCASE@=\count273
LaTeX Info: Redefining \ldots on input line 496.
LaTeX Info: Redefining \dots on input line 499.
LaTeX Info: Redefining \cdots on input line 620.
\Mathstrutbox@=\box66
\strutbox@=\box67
LaTeX Info: Redefining \big on input line 722.
LaTeX Info: Redefining \Big on input line 723.
LaTeX Info: Redefining \bigg on input line 724.
LaTeX Info: Redefining \Bigg on input line 725.
\big@size=\dimen142
LaTeX Font Info:    Redeclaring font encoding OML on input line 743.
LaTeX Font Info:    Redeclaring font encoding OMS on input line 744.
\macc@depth=\count274
LaTeX Info: Redefining \bmod on input line 905.
LaTeX Info: Redefining \pmod on input line 910.
LaTeX Info: Redefining \smash on input line 940.
LaTeX Info: Redefining \relbar on input line 970.
LaTeX Info: Redefining \Relbar on input line 971.
\c@MaxMatrixCols=\count275
\dotsspace@=\muskip17
\c@parentequation=\count276
\dspbrk@lvl=\count277
\tag@help=\toks20
\row@=\count278
\column@=\count279
\maxfields@=\count280
\andhelp@=\toks21
\eqnshift@=\dimen143
\alignsep@=\dimen144
\tagshift@=\dimen145
\tagwidth@=\dimen146
\totwidth@=\dimen147
\lineht@=\dimen148
\@envbody=\toks22
\multlinegap=\skip54
\multlinetaggap=\skip55
\mathdisplay@stack=\toks23
LaTeX Info: Redefining \[ on input line 2953.
LaTeX Info: Redefining \] on input line 2954.
)
(C:\Users\kundai\AppData\Local\Programs\MiKTeX\tex/latex/amsfonts\amssymb.sty
Package: amssymb 2013/01/14 v3.01 AMS font symbols

(C:\Users\kundai\AppData\Local\Programs\MiKTeX\tex/latex/amsfonts\amsfonts.sty
Package: amsfonts 2013/01/14 v3.01 Basic AMSFonts support
\symAMSa=\mathgroup4
\symAMSb=\mathgroup5
LaTeX Font Info:    Redeclaring math symbol \hbar on input line 98.
LaTeX Font Info:    Overwriting math alphabet `\mathfrak' in version `bold'
(Font)                  U/euf/m/n --> U/euf/b/n on input line 106.
LaTeX Info: Redefining \frak on input line 111.
LaTeX Info: Redefining \Bbb on input line 113.
)) (C:\Users\kundai\AppData\Local\Programs\MiKTeX\tex/latex/amscls\amsthm.sty
Package: amsthm 2020/05/29 v2.20.6
\thm@style=\toks24
\thm@bodyfont=\toks25
\thm@headfont=\toks26
\thm@notefont=\toks27
\thm@headpunct=\toks28
\thm@preskip=\skip56
\thm@postskip=\skip57
\thm@headsep=\skip58
\dth@everypar=\toks29
)
(C:\Users\kundai\AppData\Local\Programs\MiKTeX\tex/latex/graphics\graphicx.sty
Package: graphicx 2021/09/16 v1.2d Enhanced LaTeX Graphics (DPC,SPQR)

(C:\Users\kundai\AppData\Local\Programs\MiKTeX\tex/latex/graphics\keyval.sty
Package: keyval 2022/05/29 v1.15 key=value parser (DPC)
\KV@toks@=\toks30
)
(C:\Users\kundai\AppData\Local\Programs\MiKTeX\tex/latex/graphics\graphics.sty
Package: graphics 2022/03/10 v1.4e Standard LaTeX Graphics (DPC,SPQR)

(C:\Users\kundai\AppData\Local\Programs\MiKTeX\tex/latex/graphics\trig.sty
Package: trig 2021/08/11 v1.11 sin cos tan (DPC)
)
(C:\Users\kundai\AppData\Local\Programs\MiKTeX\tex/latex/graphics-cfg\graphics.
cfg
File: graphics.cfg 2016/06/04 v1.11 sample graphics configuration
)
Package graphics Info: Driver file: pdftex.def on input line 107.

(C:\Users\kundai\AppData\Local\Programs\MiKTeX\tex/latex/graphics-def\pdftex.de
f
File: pdftex.def 2022/09/22 v1.2b Graphics/color driver for pdftex
))
\Gin@req@height=\dimen149
\Gin@req@width=\dimen150
) (C:\Users\kundai\AppData\Local\Programs\MiKTeX\tex/latex/float\float.sty
Package: float 2001/11/08 v1.3d Float enhancements (AL)
\c@float@type=\count281
\float@exts=\toks31
\float@box=\box68
\@float@everytoks=\toks32
\@floatcapt=\box69
)
(C:\Users\kundai\AppData\Local\Programs\MiKTeX\tex/latex/booktabs\booktabs.sty
Package: booktabs 2020/01/12 v1.61803398 Publication quality tables
\heavyrulewidth=\dimen151
\lightrulewidth=\dimen152
\cmidrulewidth=\dimen153
\belowrulesep=\dimen154
\belowbottomsep=\dimen155
\aboverulesep=\dimen156
\abovetopsep=\dimen157
\cmidrulesep=\dimen158
\cmidrulekern=\dimen159
\defaultaddspace=\dimen160
\@cmidla=\count282
\@cmidlb=\count283
\@aboverulesep=\dimen161
\@belowrulesep=\dimen162
\@thisruleclass=\count284
\@lastruleclass=\count285
\@thisrulewidth=\dimen163
) (C:\Users\kundai\AppData\Local\Programs\MiKTeX\tex/latex/hyperref\hyperref.st
y
Package: hyperref 2023-11-26 v7.01g Hypertext links for LaTeX
(C:\Users\kundai\AppData\Local\Programs\MiKTeX\tex/generic/iftex\iftex.sty
Package: iftex 2022/02/03 v1.0f TeX engine tests
)
(C:\Users\kundai\AppData\Local\Programs\MiKTeX\tex/generic/infwarerr\infwarerr.
sty
Package: infwarerr 2019/12/03 v1.5 Providing info/warning/error messages (HO)
)
(C:\Users\kundai\AppData\Local\Programs\MiKTeX\tex/latex/kvsetkeys\kvsetkeys.st
y
Package: kvsetkeys 2022-10-05 v1.19 Key value parser (HO)
)
(C:\Users\kundai\AppData\Local\Programs\MiKTeX\tex/generic/kvdefinekeys\kvdefin
ekeys.sty
Package: kvdefinekeys 2019-12-19 v1.6 Define keys (HO)
)
(C:\Users\kundai\AppData\Local\Programs\MiKTeX\tex/generic/pdfescape\pdfescape.
sty
Package: pdfescape 2019/12/09 v1.15 Implements pdfTeX's escape features (HO)

(C:\Users\kundai\AppData\Local\Programs\MiKTeX\tex/generic/ltxcmds\ltxcmds.sty
Package: ltxcmds 2023-12-04 v1.26 LaTeX kernel commands for general use (HO)
)
(C:\Users\kundai\AppData\Local\Programs\MiKTeX\tex/generic/pdftexcmds\pdftexcmd
s.sty
Package: pdftexcmds 2020-06-27 v0.33 Utility functions of pdfTeX for LuaTeX (HO
)
Package pdftexcmds Info: \pdf@primitive is available.
Package pdftexcmds Info: \pdf@ifprimitive is available.
Package pdftexcmds Info: \pdfdraftmode found.
))
(C:\Users\kundai\AppData\Local\Programs\MiKTeX\tex/latex/hycolor\hycolor.sty
Package: hycolor 2020-01-27 v1.10 Color options for hyperref/bookmark (HO)
)
(C:\Users\kundai\AppData\Local\Programs\MiKTeX\tex/latex/letltxmacro\letltxmacr
o.sty
Package: letltxmacro 2019/12/03 v1.6 Let assignment for LaTeX macros (HO)
)
(C:\Users\kundai\AppData\Local\Programs\MiKTeX\tex/latex/auxhook\auxhook.sty
Package: auxhook 2019-12-17 v1.6 Hooks for auxiliary files (HO)
)
(C:\Users\kundai\AppData\Local\Programs\MiKTeX\tex/latex/hyperref\nameref.sty
Package: nameref 2023-11-26 v2.56 Cross-referencing by name of section

(C:\Users\kundai\AppData\Local\Programs\MiKTeX\tex/latex/refcount\refcount.sty
Package: refcount 2019/12/15 v3.6 Data extraction from label references (HO)
)
(C:\Users\kundai\AppData\Local\Programs\MiKTeX\tex/generic/gettitlestring\getti
tlestring.sty
Package: gettitlestring 2019/12/15 v1.6 Cleanup title references (HO)

(C:\Users\kundai\AppData\Local\Programs\MiKTeX\tex/latex/kvoptions\kvoptions.st
y
Package: kvoptions 2022-06-15 v3.15 Key value format for package options (HO)
))

Package nameref Warning: The definition of \label has changed! 
(nameref)                Check your packages! 
(nameref)                Replacing it with the kernel definition on input line 
149.

\c@section@level=\count286
)
(C:\Users\kundai\AppData\Local\Programs\MiKTeX\tex/latex/etoolbox\etoolbox.sty
Package: etoolbox 2020/10/05 v2.5k e-TeX tools for LaTeX (JAW)
\etb@tempcnta=\count287
)
\@linkdim=\dimen164
\Hy@linkcounter=\count288
\Hy@pagecounter=\count289
(C:\Users\kundai\AppData\Local\Programs\MiKTeX\tex/latex/hyperref\pd1enc.def
File: pd1enc.def 2023-11-26 v7.01g Hyperref: PDFDocEncoding definition (HO)
Now handling font encoding PD1 ...
... no UTF-8 mapping file for font encoding PD1
)
(C:\Users\kundai\AppData\Local\Programs\MiKTeX\tex/generic/intcalc\intcalc.sty
Package: intcalc 2019/12/15 v1.3 Expandable calculations with integers (HO)
)
\Hy@SavedSpaceFactor=\count290
(C:\Users\kundai\AppData\Local\Programs\MiKTeX\tex/latex/hyperref\puenc.def
File: puenc.def 2023-11-26 v7.01g Hyperref: PDF Unicode definition (HO)
Now handling font encoding PU ...
... no UTF-8 mapping file for font encoding PU
)
Package hyperref Info: Hyper figures OFF on input line 4181.
Package hyperref Info: Link nesting OFF on input line 4186.
Package hyperref Info: Hyper index ON on input line 4189.
Package hyperref Info: Plain pages OFF on input line 4196.
Package hyperref Info: Backreferencing OFF on input line 4201.
Package hyperref Info: Implicit mode ON; LaTeX internals redefined.
Package hyperref Info: Bookmarks ON on input line 4448.
LaTeX Info: Redefining \href on input line 4697.
\c@Hy@tempcnt=\count291
LaTeX Info: Redefining \url on input line 4786.
\XeTeXLinkMargin=\dimen165

(C:\Users\kundai\AppData\Local\Programs\MiKTeX\tex/generic/bitset\bitset.sty
Package: bitset 2019/12/09 v1.3 Handle bit-vector datatype (HO)

(C:\Users\kundai\AppData\Local\Programs\MiKTeX\tex/generic/bigintcalc\bigintcal
c.sty
Package: bigintcalc 2019/12/15 v1.5 Expandable calculations on big integers (HO
)
))
\Fld@menulength=\count292
\Field@Width=\dimen166
\Fld@charsize=\dimen167
Package hyperref Info: Hyper figures OFF on input line 6065.
Package hyperref Info: Link nesting OFF on input line 6070.
Package hyperref Info: Hyper index ON on input line 6073.
Package hyperref Info: backreferencing OFF on input line 6080.
Package hyperref Info: Link coloring OFF on input line 6085.
Package hyperref Info: Link coloring with OCG OFF on input line 6090.
Package hyperref Info: PDF/A mode OFF on input line 6095.

(C:\Users\kundai\AppData\Local\Programs\MiKTeX\tex/latex/base\atbegshi-ltx.sty
Package: atbegshi-ltx 2021/01/10 v1.0c Emulation of the original atbegshi
package with kernel methods
)
\Hy@abspage=\count293
\c@Item=\count294
\c@Hfootnote=\count295
)
Package hyperref Info: Driver (autodetected): hpdftex.
 (C:\Users\kundai\AppData\Local\Programs\MiKTeX\tex/latex/hyperref\hpdftex.def
File: hpdftex.def 2023-11-26 v7.01g Hyperref driver for pdfTeX

(C:\Users\kundai\AppData\Local\Programs\MiKTeX\tex/latex/base\atveryend-ltx.sty
Package: atveryend-ltx 2020/08/19 v1.0a Emulation of the original atveryend pac
kage
with kernel methods
)
\Fld@listcount=\count296
\c@bookmark@seq@number=\count297

(C:\Users\kundai\AppData\Local\Programs\MiKTeX\tex/latex/rerunfilecheck\rerunfi
lecheck.sty
Package: rerunfilecheck 2025-06-21 v1.11 Rerun checks for auxiliary files (HO)

(C:\Users\kundai\AppData\Local\Programs\MiKTeX\tex/generic/uniquecounter\unique
counter.sty
Package: uniquecounter 2019/12/15 v1.4 Provide unlimited unique counter (HO)
)
Package uniquecounter Info: New unique counter `rerunfilecheck' on input line 2
84.
)
\Hy@SectionHShift=\skip59
)
(C:\Users\kundai\AppData\Local\Programs\MiKTeX\tex/latex/physics\physics.sty
Package: physics 

(C:\Users\kundai\AppData\Local\Programs\MiKTeX\tex/latex/l3packages/xparse\xpar
se.sty
(C:\Users\kundai\AppData\Local\Programs\MiKTeX\tex/latex/l3kernel\expl3.sty
Package: expl3 2024-01-04 L3 programming layer (loader) 

(C:\Users\kundai\AppData\Local\Programs\MiKTeX\tex/latex/l3backend\l3backend-pd
ftex.def
File: l3backend-pdftex.def 2024-01-04 L3 backend support: PDF output (pdfTeX)
\l__color_backend_stack_int=\count298
\l__pdf_internal_box=\box70
))
Package: xparse 2023-10-10 L3 Experimental document command parser
))
(C:\Users\kundai\AppData\Local\Programs\MiKTeX\tex/latex/siunitx\siunitx.sty
Package: siunitx 2025-07-09 v3.4.14 A comprehensive (SI) units package
\l__siunitx_number_uncert_offset_int=\count299
\l__siunitx_number_exponent_fixed_int=\count300
\l__siunitx_number_min_decimal_int=\count301
\l__siunitx_number_min_integer_int=\count302
\l__siunitx_number_round_precision_int=\count303
\l__siunitx_number_lower_threshold_int=\count304
\l__siunitx_number_upper_threshold_int=\count305
\l__siunitx_number_group_first_int=\count306
\l__siunitx_number_group_size_int=\count307
\l__siunitx_number_group_minimum_int=\count308
\l__siunitx_angle_tmp_dim=\dimen168
\l__siunitx_angle_marker_box=\box71
\l__siunitx_angle_unit_box=\box72
\l__siunitx_compound_count_int=\count309

(C:\Users\kundai\AppData\Local\Programs\MiKTeX\tex/latex/translations\translati
ons.sty
Package: translations 2022/02/05 v1.12 internationalization of LaTeX2e packages
 (CN)
)
\l__siunitx_table_tmp_box=\box73
\l__siunitx_table_tmp_dim=\dimen169
\l__siunitx_table_column_width_dim=\dimen170
\l__siunitx_table_integer_box=\box74
\l__siunitx_table_decimal_box=\box75
\l__siunitx_table_uncert_box=\box76
\l__siunitx_table_before_box=\box77
\l__siunitx_table_after_box=\box78
\l__siunitx_table_before_dim=\dimen171
\l__siunitx_table_carry_dim=\dimen172
\l__siunitx_unit_tmp_int=\count310
\l__siunitx_unit_position_int=\count311
\l__siunitx_unit_total_int=\count312

(C:\Users\kundai\AppData\Local\Programs\MiKTeX\tex/latex/tools\array.sty
Package: array 2023/10/16 v2.5g Tabular extension package (FMi)
\col@sep=\dimen173
\ar@mcellbox=\box79
\extrarowheight=\dimen174
\NC@list=\toks33
\extratabsurround=\skip60
\backup@length=\skip61
\ar@cellbox=\box80
))
\c@theorem=\count313
Class revtex4-2 Info: Unrecognized array package. Please update this document c
lass! (Proceeding with fingers crossed.) on input line 22.


Class revtex4-2 Warning: Repair the float package.

Class revtex4-2 Info: cite was not loaded (OK!) on input line 22.
Class revtex4-2 Info: mcite was not loaded (OK!) on input line 22.
Class revtex4-2 Info: multicol was not loaded (OK!) on input line 22.
Package translations Info: No language package found. I am going to use `englis
h' as default language. on input line 22.
(C:\Users\kundai\AppData\Local\Programs\MiKTeX\tex/latex/graphics\color.sty
Package: color 2022/01/06 v1.3d Standard LaTeX Color (DPC)

(C:\Users\kundai\AppData\Local\Programs\MiKTeX\tex/latex/graphics-cfg\color.cfg
File: color.cfg 2016/01/02 v1.6 sample color configuration
)
Package color Info: Driver file: pdftex.def on input line 149.

(C:\Users\kundai\AppData\Local\Programs\MiKTeX\tex/latex/graphics\mathcolor.ltx
)) (categorical-resolution-gibbs-paradox.aux)
\openout1 = `categorical-resolution-gibbs-paradox.aux'.

LaTeX Font Info:    Checking defaults for OML/cmm/m/it on input line 22.
LaTeX Font Info:    ... okay on input line 22.
LaTeX Font Info:    Checking defaults for OMS/cmsy/m/n on input line 22.
LaTeX Font Info:    ... okay on input line 22.
LaTeX Font Info:    Checking defaults for OT1/cmr/m/n on input line 22.
LaTeX Font Info:    ... okay on input line 22.
LaTeX Font Info:    Checking defaults for T1/cmr/m/n on input line 22.
LaTeX Font Info:    ... okay on input line 22.
LaTeX Font Info:    Checking defaults for TS1/cmr/m/n on input line 22.
LaTeX Font Info:    ... okay on input line 22.
LaTeX Font Info:    Checking defaults for OMX/cmex/m/n on input line 22.
LaTeX Font Info:    ... okay on input line 22.
LaTeX Font Info:    Checking defaults for U/cmr/m/n on input line 22.
LaTeX Font Info:    ... okay on input line 22.
LaTeX Font Info:    Checking defaults for PD1/pdf/m/n on input line 22.
LaTeX Font Info:    ... okay on input line 22.
LaTeX Font Info:    Checking defaults for PU/pdf/m/n on input line 22.
LaTeX Font Info:    ... okay on input line 22.

(C:\Users\kundai\AppData\Local\Programs\MiKTeX\tex/context/base/mkii\supp-pdf.m
kii
[Loading MPS to PDF converter (version 2006.09.02).]
\scratchcounter=\count314
\scratchdimen=\dimen175
\scratchbox=\box81
\nofMPsegments=\count315
\nofMParguments=\count316
\everyMPshowfont=\toks34
\MPscratchCnt=\count317
\MPscratchDim=\dimen176
\MPnumerator=\count318
\makeMPintoPDFobject=\count319
\everyMPtoPDFconversion=\toks35
)
(C:\Users\kundai\AppData\Local\Programs\MiKTeX\tex/latex/epstopdf-pkg\epstopdf-
base.sty
Package: epstopdf-base 2020-01-24 v2.11 Base part for package epstopdf
Package epstopdf-base Info: Redefining graphics rule for `.eps' on input line 4
85.

(C:\Users\kundai\AppData\Local\Programs\MiKTeX\tex/latex/00miktex\epstopdf-sys.
cfg
File: epstopdf-sys.cfg 2021/03/18 v2.0 Configuration of epstopdf for MiKTeX
))
Package hyperref Info: Link coloring OFF on input line 22.
 (categorical-resolution-gibbs-paradox.out)
(categorical-resolution-gibbs-paradox.out)
\@outlinefile=\write4
\openout4 = `categorical-resolution-gibbs-paradox.out'.



Package siunitx Warning: Detected the "physics" package:
(siunitx)                omitting definition of \qty.
(siunitx)                
(siunitx)                If you want to use \qty with the siunitx definition,
(siunitx)                add 
(siunitx)                
(siunitx)                    \AtBeginDocument{\RenewCommandCopy\qty\SI}
(siunitx)                
(siunitx)                to your preamble.


(C:\Users\kundai\AppData\Local\Programs\MiKTeX\tex/latex/translations/dicts\tra
nslations-basic-dictionary-english.trsl
File: translations-basic-dictionary-english.trsl (english translation file `tra
nslations-basic-dictionary')
)
Package translations Info: loading dictionary `translations-basic-dictionary' f
or `english'. on input line 22.
Class revtex4-2 Info: Taking \maketitle back from hyperref on input line 22.
\openout3 = `categorical-resolution-gibbs-paradoxNotes.bib'.

LaTeX Font Info:    Trying to load font information for U+msa on input line 32.


(C:\Users\kundai\AppData\Local\Programs\MiKTeX\tex/latex/amsfonts\umsa.fd
File: umsa.fd 2013/01/14 v3.01 AMS symbols A
)
LaTeX Font Info:    Trying to load font information for U+msb on input line 32.


(C:\Users\kundai\AppData\Local\Programs\MiKTeX\tex/latex/amsfonts\umsb.fd
File: umsb.fd 2013/01/14 v3.01 AMS symbols B
)

Class revtex4-2 Warning: Assuming \noaffiliation for authors.


Class revtex4-2 Warning: If you want your keywords to appear in your output, us
e document class option showkeys.


Underfull \hbox (badness 3312) in paragraph at lines 47--48
\OT1/cmr/m/n/10 separation \OT1/cmr/m/it/10 must \OT1/cmr/m/n/10 in-crease en-t
ropy be-cause the re-
 []

[1{C:/Users/kundai/AppData/Local/MiKTeX/fonts/map/pdftex/pdftex.map}]
Underfull \hbox (badness 7344) in paragraph at lines 75--76
[]\OT1/cmr/bx/n/10 Paradox 2 (Re-versibil-ity)\OT1/cmr/m/n/10 : The pre-dic-tio
n
 []


Underfull \hbox (badness 1845) in paragraph at lines 84--85
\OML/cmm/m/it/10 C[]$ \OT1/cmr/m/n/10 is an el-e-ment of a com-ple-tion se-quen
ce $\OMS/cmsy/m/n/10 C \OT1/cmr/m/n/10 =
 []

[2]
<figures/rate_of_categorical_completion_20251109_065136.png, id=189, 1189.0824p
t x 1024.3068pt>
File: figures/rate_of_categorical_completion_20251109_065136.png Graphic file (
type png)
<use figures/rate_of_categorical_completion_20251109_065136.png>
Package pdftex.def Info: figures/rate_of_categorical_completion_20251109_065136
.png  used on input line 174.
(pdftex.def)             Requested size: 484.49844pt x 417.35835pt.

Underfull \hbox (badness 3547) in paragraph at lines 190--191
[][]\OT1/cmr/bx/n/10 Proposition 10 \OT1/cmr/m/n/10 (Edge Den-sity Scal-ing)\OT
1/cmr/bx/n/10 . []\OT1/cmr/m/it/10 For $\OML/cmm/m/it/10 N$
 []

[3] [4 <./figures/rate_of_categorical_completion_20251109_065136.png>]
<figures/mixing_process_20251109_070752.png, id=219, 1149.093pt x 701.7417pt>
File: figures/mixing_process_20251109_070752.png Graphic file (type png)
<use figures/mixing_process_20251109_070752.png>
Package pdftex.def Info: figures/mixing_process_20251109_070752.png  used on in
put line 224.
(pdftex.def)             Requested size: 484.49844pt x 295.88594pt.

Underfull \hbox (badness 4647) in paragraph at lines 246--248
\OT1/cmr/m/it/10 even when spa-tial con-fig-u-ra-tions $\OT1/cmr/m/n/10 (\OML/c
mm/m/it/10 q[]; p[]\OT1/cmr/m/n/10 ) \OMS/cmsy/m/n/10 ^^Y
 []


Underfull \hbox (badness 1122) in paragraph at lines 256--257
[]\OT1/cmr/m/n/10 The re-separated state re-tains resid-ual phase-lock
 []

<figures/reseperation_20251109_065105.png, id=226, 1291.224pt x 842.1864pt>
File: figures/reseperation_20251109_065105.png Graphic file (type png)
<use figures/reseperation_20251109_065105.png>
Package pdftex.def Info: figures/reseperation_20251109_065105.png  used on inpu
t line 274.
(pdftex.def)             Requested size: 484.49844pt x 315.99902pt.

! LaTeX Error: Unicode character ≠ (U+2260)
               not set up for use with LaTeX.

See the LaTeX manual or LaTeX Companion for explanation.
Type  H <return>  for immediate help.
 ...                                              
                                                  
l.275 ...is not statistical—it's deterministic.}
                                                  
You may provide a definition with
\DeclareUnicodeCharacter 


! LaTeX Error: Unicode character ≠ (U+2260)
               not set up for use with LaTeX.

See the LaTeX manual or LaTeX Companion for explanation.
Type  H <return>  for immediate help.
 ...                                              
                                                  
l.275 ...is not statistical—it's deterministic.}
                                                  
You may provide a definition with
\DeclareUnicodeCharacter 

[5] [6 <./figures/mixing_process_20251109_070752.png>] [7 <./figures/reseperati
on_20251109_065105.png>]
<figures/unpertubed_comparison_20251109_065121.png, id=254, 1075.6185pt x 894.7
026pt>
File: figures/unpertubed_comparison_20251109_065121.png Graphic file (type png)

<use figures/unpertubed_comparison_20251109_065121.png>
Package pdftex.def Info: figures/unpertubed_comparison_20251109_065121.png  use
d on input line 340.
(pdftex.def)             Requested size: 484.49844pt x 403.00836pt.


LaTeX Warning: Float too large for page by 39.25836pt on input line 343.

[8] [9 <./figures/unpertubed_comparison_20251109_065121.png>]
Underfull \hbox (badness 1057) in paragraph at lines 417--418
[]\OT1/cmr/bx/n/10 Careful mi-crostate count-ing\OT1/cmr/m/n/10 : Ap-plies Sack
ur-
 []


Underfull \hbox (badness 1019) in paragraph at lines 426--427
[]$\OML/cmm/m/it/10 S[]$ \OT1/cmr/m/n/10 is stan-dard Boltz-mann en-tropy from 
mi-
 []


Underfull \hbox (badness 1189) in paragraph at lines 426--427
\OT1/cmr/m/n/10 tropy from phase-lock den-sity. For most sys-tems,
 []

[10]
Underfull \hbox (badness 7888) in paragraph at lines 439--440
 []\OT1/cmr/bx/n/10 Mechanism\OT1/cmr/m/n/10 : En-tropy in-crease in mixing-
 []

(categorical-resolution-gibbs-paradox.bbl) [11]
(categorical-resolution-gibbs-paradox.aux)
 ***********
LaTeX2e <2023-11-01> patch level 1
L3 programming layer <2024-01-04>
 ***********
Package rerunfilecheck Info: File `categorical-resolution-gibbs-paradox.out' ha
s not changed.
(rerunfilecheck)             Checksum: 08EFDDF9DC4AB879EA5ED6DABC4C9333;6302.
 ) 
Here is how much of TeX's memory you used:
 16651 strings out of 474486
 314849 string characters out of 5743283
 1958542 words of memory out of 5000000
 38654 multiletter control sequences out of 15000+600000
 567695 words of font info for 72 fonts, out of 8000000 for 9000
 1141 hyphenation exceptions out of 8191
 79i,13n,93p,4446b,1233s stack positions out of 10000i,1000n,20000p,200000b,200000s
 <C:\Users\kundai\AppData\Local\MiKTeX\fonts/pk/ljfour/jknappen/ec/dpi600\tcr
m0900.pk> <C:\Users\kundai\AppData\Local\MiKTeX\fonts/pk/ljfour/jknappen/ec/dpi
600\tcrm1000.pk><C:/Users/kundai/AppData/Local/Programs/MiKTeX/fonts/type1/publ
ic/amsfonts/cm/cmbx10.pfb><C:/Users/kundai/AppData/Local/Programs/MiKTeX/fonts/
type1/public/amsfonts/cm/cmbx12.pfb><C:/Users/kundai/AppData/Local/Programs/MiK
TeX/fonts/type1/public/amsfonts/cm/cmbx9.pfb><C:/Users/kundai/AppData/Local/Pro
grams/MiKTeX/fonts/type1/public/amsfonts/cm/cmex10.pfb><C:/Users/kundai/AppData
/Local/Programs/MiKTeX/fonts/type1/public/amsfonts/cm/cmmi10.pfb><C:/Users/kund
ai/AppData/Local/Programs/MiKTeX/fonts/type1/public/amsfonts/cm/cmmi5.pfb><C:/U
sers/kundai/AppData/Local/Programs/MiKTeX/fonts/type1/public/amsfonts/cm/cmmi6.
pfb><C:/Users/kundai/AppData/Local/Programs/MiKTeX/fonts/type1/public/amsfonts/
cm/cmmi7.pfb><C:/Users/kundai/AppData/Local/Programs/MiKTeX/fonts/type1/public/
amsfonts/cm/cmmi9.pfb><C:/Users/kundai/AppData/Local/Programs/MiKTeX/fonts/type
1/public/amsfonts/cm/cmr10.pfb><C:/Users/kundai/AppData/Local/Programs/MiKTeX/f
onts/type1/public/amsfonts/cm/cmr5.pfb><C:/Users/kundai/AppData/Local/Programs/
MiKTeX/fonts/type1/public/amsfonts/cm/cmr6.pfb><C:/Users/kundai/AppData/Local/P
rograms/MiKTeX/fonts/type1/public/amsfonts/cm/cmr7.pfb><C:/Users/kundai/AppData
/Local/Programs/MiKTeX/fonts/type1/public/amsfonts/cm/cmr8.pfb><C:/Users/kundai
/AppData/Local/Programs/MiKTeX/fonts/type1/public/amsfonts/cm/cmr9.pfb><C:/User
s/kundai/AppData/Local/Programs/MiKTeX/fonts/type1/public/amsfonts/cm/cmsy10.pf
b><C:/Users/kundai/AppData/Local/Programs/MiKTeX/fonts/type1/public/amsfonts/cm
/cmsy6.pfb><C:/Users/kundai/AppData/Local/Programs/MiKTeX/fonts/type1/public/am
sfonts/cm/cmsy7.pfb><C:/Users/kundai/AppData/Local/Programs/MiKTeX/fonts/type1/
public/amsfonts/cm/cmsy9.pfb><C:/Users/kundai/AppData/Local/Programs/MiKTeX/fon
ts/type1/public/amsfonts/cm/cmti10.pfb><C:/Users/kundai/AppData/Local/Programs/
MiKTeX/fonts/type1/public/amsfonts/cm/cmti7.pfb><C:/Users/kundai/AppData/Local/
Programs/MiKTeX/fonts/type1/public/amsfonts/cm/cmti9.pfb><C:/Users/kundai/AppDa
ta/Local/Programs/MiKTeX/fonts/type1/public/amsfonts/symbols/msam10.pfb>
Output written on categorical-resolution-gibbs-paradox.pdf (11 pages, 4637410 b
ytes).
PDF statistics:
 424 PDF objects out of 1000 (max. 8388607)
 104 named destinations out of 1000 (max. 500000)
 245 words of extra memory for PDF output out of 10000 (max. 10000000)

