\BOOKMARK [0][-]{section*.2}{\376\377\000O\000n\000\040\000t\000h\000e\000\040\000C\000o\000n\000s\000e\000q\000u\000e\000n\000c\000e\000s\000\040\000o\000f\000\040\000C\000a\000t\000e\000g\000o\000r\000i\000c\000a\000l\000\040\000C\000o\000m\000p\000l\000e\000t\000i\000o\000n\000\040\000i\000n\000\040\000G\000a\000s\000\040\000D\000y\000n\000a\000m\000i\000c\000s\000:\000\040\000R\000e\000s\000o\000l\000u\000t\000i\000o\000n\000\040\000o\000f\000\040\000G\000i\000b\000b\000s\000'\000\040\000P\000a\000r\000a\000d\000o\000x\000\040\000T\000h\000r\000o\000u\000g\000h\000\040\000C\000a\000t\000e\000g\000o\000r\000i\000c\000a\000l\000\040\000S\000t\000a\000t\000e\000\040\000I\000r\000r\000e\000v\000e\000r\000s\000i\000b\000i\000l\000i\000t\000y}{}% 2
\BOOKMARK [1][-]{section*.1}{\376\377\000A\000b\000s\000t\000r\000a\000c\000t}{section*.2}% 1
\BOOKMARK [1][-]{section*.3}{\376\377\000I\000n\000t\000r\000o\000d\000u\000c\000t\000i\000o\000n}{section*.2}% 3
\BOOKMARK [1][-]{section*.4}{\376\377\000S\000t\000a\000t\000e\000m\000e\000n\000t\000\040\000o\000f\000\040\000t\000h\000e\000\040\000P\000a\000r\000a\000d\000o\000x}{section*.2}% 4
\BOOKMARK [2][-]{section*.5}{\376\377\000T\000h\000e\000\040\000C\000l\000a\000s\000s\000i\000c\000a\000l\000\040\000S\000e\000t\000u\000p}{section*.4}% 5
\BOOKMARK [2][-]{section*.6}{\376\377\000T\000h\000e\000\040\000P\000a\000r\000a\000d\000o\000x\000e\000s}{section*.4}% 6
\BOOKMARK [1][-]{section*.7}{\376\377\000C\000a\000t\000e\000g\000o\000r\000i\000c\000a\000l\000\040\000S\000t\000a\000t\000e\000\040\000F\000r\000a\000m\000e\000w\000o\000r\000k}{section*.2}% 7
\BOOKMARK [2][-]{section*.8}{\376\377\000C\000a\000t\000e\000g\000o\000r\000i\000c\000a\000l\000\040\000S\000t\000a\000t\000e\000s\000\040\000a\000n\000d\000\040\000O\000r\000d\000e\000r\000i\000n\000g}{section*.7}% 8
\BOOKMARK [2][-]{section*.9}{\376\377\000T\000w\000o\000\040\000R\000e\000f\000o\000r\000m\000u\000l\000a\000t\000i\000o\000n\000s\000\040\000o\000f\000\040\000E\000n\000t\000r\000o\000p\000y}{section*.7}% 9
\BOOKMARK [3][-]{section*.10}{\376\377\000R\000e\000f\000o\000r\000m\000u\000l\000a\000t\000i\000o\000n\000\040\0001\000:\000\040\000E\000n\000t\000r\000o\000p\000y\000\040\000a\000s\000\040\000O\000s\000c\000i\000l\000l\000a\000t\000o\000r\000y\000\040\000T\000e\000r\000m\000i\000n\000a\000t\000i\000o\000n}{section*.9}% 10
\BOOKMARK [3][-]{section*.11}{\376\377\000R\000e\000f\000o\000r\000m\000u\000l\000a\000t\000i\000o\000n\000\040\0002\000:\000\040\000E\000n\000t\000r\000o\000p\000y\000\040\000a\000s\000\040\000C\000a\000t\000e\000g\000o\000r\000i\000c\000a\000l\000\040\000C\000o\000m\000p\000l\000e\000t\000i\000o\000n\000\040\000R\000a\000t\000e}{section*.9}% 11
\BOOKMARK [2][-]{section*.12}{\376\377\000P\000h\000a\000s\000e\000-\000L\000o\000c\000k\000\040\000N\000e\000t\000w\000o\000r\000k\000s}{section*.7}% 12
\BOOKMARK [1][-]{section*.13}{\376\377\000R\000e\000s\000o\000l\000u\000t\000i\000o\000n\000\040\000o\000f\000\040\000G\000i\000b\000b\000s\000'\000\040\000P\000a\000r\000a\000d\000o\000x}{section*.2}% 13
\BOOKMARK [2][-]{section*.14}{\376\377\000M\000i\000x\000i\000n\000g\000-\000S\000e\000p\000a\000r\000a\000t\000i\000o\000n\000\040\000C\000y\000c\000l\000e\000\040\000A\000n\000a\000l\000y\000s\000i\000s}{section*.13}% 14
\BOOKMARK [2][-]{section*.15}{\376\377\000Q\000u\000a\000n\000t\000i\000f\000y\000i\000n\000g\000\040\000t\000h\000e\000\040\000E\000n\000t\000r\000o\000p\000y\000\040\000I\000n\000c\000r\000e\000a\000s\000e}{section*.13}% 15
\BOOKMARK [2][-]{section*.16}{\376\377\000T\000h\000e\000\040\000D\000i\000s\000c\000o\000n\000t\000i\000n\000u\000i\000t\000y\000\040\000R\000e\000s\000o\000l\000u\000t\000i\000o\000n}{section*.13}% 16
\BOOKMARK [2][-]{section*.17}{\376\377\000T\000h\000e\000\040\000F\000u\000n\000d\000a\000m\000e\000n\000t\000a\000l\000\040\000D\000i\000s\000t\000i\000n\000c\000t\000i\000o\000n\000:\000\040\000H\000i\000s\000t\000o\000r\000y\000\040\000M\000a\000t\000t\000e\000r\000s}{section*.13}% 17
\BOOKMARK [3][-]{section*.18}{\376\377\000C\000o\000m\000p\000l\000e\000t\000i\000o\000n\000\040\000R\000a\000t\000e\000\040\000P\000e\000r\000s\000p\000e\000c\000t\000i\000v\000e}{section*.17}% 18
\BOOKMARK [1][-]{section*.19}{\376\377\000E\000x\000p\000e\000r\000i\000m\000e\000n\000t\000a\000l\000\040\000P\000r\000e\000d\000i\000c\000t\000i\000o\000n\000s}{section*.2}% 19
\BOOKMARK [2][-]{section*.20}{\376\377\000P\000r\000e\000d\000i\000c\000t\000i\000o\000n\000\040\0001\000:\000\040\000I\000s\000o\000t\000h\000e\000r\000m\000a\000l\000\040\000E\000n\000t\000r\000o\000p\000y\000\040\000I\000n\000c\000r\000e\000a\000s\000e}{section*.19}% 20
\BOOKMARK [2][-]{section*.21}{\376\377\000P\000r\000e\000d\000i\000c\000t\000i\000o\000n\000\040\0002\000:\000\040\000P\000h\000a\000s\000e\000\040\000C\000o\000h\000e\000r\000e\000n\000c\000e\000\040\000T\000i\000m\000e\000\040\000S\000c\000a\000l\000i\000n\000g}{section*.19}% 21
\BOOKMARK [2][-]{section*.22}{\376\377\000P\000r\000e\000d\000i\000c\000t\000i\000o\000n\000\040\0003\000:\000\040\000R\000e\000s\000i\000d\000u\000a\000l\000\040\000P\000h\000a\000s\000e\000\040\000C\000o\000r\000r\000e\000l\000a\000t\000i\000o\000n\000s}{section*.19}% 22
\BOOKMARK [1][-]{section*.23}{\376\377\000D\000i\000s\000c\000u\000s\000s\000i\000o\000n}{section*.2}% 23
\BOOKMARK [2][-]{section*.24}{\376\377\000C\000o\000m\000p\000a\000r\000i\000s\000o\000n\000\040\000w\000i\000t\000h\000\040\000A\000l\000t\000e\000r\000n\000a\000t\000i\000v\000e\000\040\000A\000p\000p\000r\000o\000a\000c\000h\000e\000s}{section*.23}% 24
\BOOKMARK [2][-]{section*.25}{\376\377\000R\000e\000l\000a\000t\000i\000o\000n\000s\000h\000i\000p\000\040\000t\000o\000\040\000T\000h\000e\000r\000m\000o\000d\000y\000n\000a\000m\000i\000c\000\040\000F\000o\000u\000n\000d\000a\000t\000i\000o\000n\000s}{section*.23}% 25
\BOOKMARK [2][-]{section*.26}{\376\377\000I\000m\000p\000l\000i\000c\000a\000t\000i\000o\000n\000s\000\040\000f\000o\000r\000\040\000t\000h\000e\000\040\000S\000e\000c\000o\000n\000d\000\040\000L\000a\000w}{section*.23}% 26
\BOOKMARK [1][-]{section*.27}{\376\377\000C\000o\000n\000c\000l\000u\000s\000i\000o\000n\000s}{section*.2}% 27
\BOOKMARK [1][-]{section*.28}{\376\377\000R\000e\000f\000e\000r\000e\000n\000c\000e\000s}{section*.2}% 28
