\BOOKMARK [0][-]{part.1}{\376\377\000I\000\040\000P\000r\000e\000l\000i\000m\000i\000n\000a\000r\000i\000e\000s}{}% 1
\BOOKMARK [1][-]{section.1}{\376\377\000I\000n\000t\000r\000o\000d\000u\000c\000t\000i\000o\000n}{part.1}% 2
\BOOKMARK [2][-]{subsection.1.1}{\376\377\000T\000h\000e\000\040\000c\000r\000o\000s\000s\000-\000f\000r\000a\000m\000e\000w\000o\000r\000k\000\040\000p\000r\000o\000b\000l\000e\000m}{section.1}% 3
\BOOKMARK [2][-]{subsection.1.2}{\376\377\000W\000h\000y\000\040\000b\000i\000s\000i\000m\000u\000l\000a\000t\000i\000o\000n}{section.1}% 4
\BOOKMARK [2][-]{subsection.1.3}{\376\377\000O\000v\000e\000r\000v\000i\000e\000w\000\040\000o\000f\000\040\000m\000a\000i\000n\000\040\000r\000e\000s\000u\000l\000t\000s}{section.1}% 5
\BOOKMARK [1][-]{section.2}{\376\377\000L\000a\000b\000e\000l\000e\000d\000\040\000T\000r\000a\000n\000s\000i\000t\000i\000o\000n\000\040\000S\000y\000s\000t\000e\000m\000s}{part.1}% 6
\BOOKMARK [2][-]{subsection.2.1}{\376\377\000D\000e\000f\000i\000n\000i\000t\000i\000o\000n}{section.2}% 7
\BOOKMARK [2][-]{subsection.2.2}{\376\377\000C\000o\000n\000f\000i\000g\000u\000r\000a\000t\000i\000o\000n\000s\000\040\000a\000s\000\040\000c\000o\000m\000p\000u\000t\000a\000t\000i\000o\000n\000\040\000s\000t\000a\000t\000e\000s}{section.2}% 8
\BOOKMARK [2][-]{subsection.2.3}{\376\377\000O\000b\000s\000e\000r\000v\000a\000b\000l\000e\000\040\000f\000u\000n\000c\000t\000i\000o\000n\000s}{section.2}% 9
\BOOKMARK [2][-]{subsection.2.4}{\376\377\000T\000r\000a\000j\000e\000c\000t\000o\000r\000i\000e\000s\000\040\000a\000n\000d\000\040\000c\000o\000m\000p\000u\000t\000a\000t\000i\000o\000n\000s}{section.2}% 10
\BOOKMARK [2][-]{subsection.2.5}{\376\377\000E\000q\000u\000a\000t\000i\000o\000n\000\040\000i\000d\000e\000n\000t\000i\000t\000y}{section.2}% 11
\BOOKMARK [0][-]{part.2}{\376\377\000I\000I\000\040\000B\000i\000s\000i\000m\000u\000l\000a\000t\000i\000o\000n}{}% 12
\BOOKMARK [1][-]{section.3}{\376\377\000O\000p\000e\000r\000a\000t\000i\000o\000n\000a\000l\000\040\000B\000i\000s\000i\000m\000u\000l\000a\000t\000i\000o\000n}{part.2}% 13
\BOOKMARK [2][-]{subsection.3.1}{\376\377\000D\000e\000f\000i\000n\000i\000t\000i\000o\000n}{section.3}% 14
\BOOKMARK [2][-]{subsection.3.2}{\376\377\000S\000o\000u\000n\000d\000n\000e\000s\000s\000\040\000f\000o\000r\000\040\000e\000q\000u\000a\000t\000i\000o\000n\000\040\000i\000d\000e\000n\000t\000i\000t\000y}{section.3}% 15
\BOOKMARK [2][-]{subsection.3.3}{\376\377\000B\000i\000s\000i\000m\000i\000l\000a\000r\000i\000t\000y\000\040\000i\000s\000\040\000t\000h\000e\000\040\000l\000a\000r\000g\000e\000s\000t\000\040\000b\000i\000s\000i\000m\000u\000l\000a\000t\000i\000o\000n}{section.3}% 16
\BOOKMARK [0][-]{part.3}{\376\377\000I\000I\000I\000\040\000C\000o\000i\000n\000d\000u\000c\000t\000i\000o\000n\000\040\000a\000n\000d\000\040\000C\000o\000m\000p\000o\000s\000i\000t\000i\000o\000n\000a\000l\000i\000t\000y}{}% 17
\BOOKMARK [1][-]{section.4}{\376\377\000C\000o\000i\000n\000d\000u\000c\000t\000i\000v\000e\000\040\000R\000e\000a\000s\000o\000n\000i\000n\000g}{part.3}% 18
\BOOKMARK [2][-]{subsection.4.1}{\376\377\000T\000h\000e\000\040\000p\000r\000o\000o\000f\000\040\000p\000r\000i\000n\000c\000i\000p\000l\000e}{section.4}% 19
\BOOKMARK [2][-]{subsection.4.2}{\376\377\000U\000p\000-\000t\000o\000\040\000b\000i\000s\000i\000m\000u\000l\000a\000t\000i\000o\000n}{section.4}% 20
\BOOKMARK [1][-]{section.5}{\376\377\000C\000o\000m\000p\000o\000s\000i\000t\000i\000o\000n\000a\000l\000i\000t\000y}{part.3}% 21
\BOOKMARK [2][-]{subsection.5.1}{\376\377\000S\000e\000q\000u\000e\000n\000t\000i\000a\000l\000\040\000c\000o\000m\000p\000o\000s\000i\000t\000i\000o\000n}{section.5}% 22
\BOOKMARK [2][-]{subsection.5.2}{\376\377\000C\000l\000o\000s\000u\000r\000e\000\040\000u\000n\000d\000e\000r\000\040\000c\000o\000n\000t\000e\000x\000t\000s}{section.5}% 23
\BOOKMARK [0][-]{part.4}{\376\377\000I\000V\000\040\000D\000e\000c\000i\000d\000a\000b\000i\000l\000i\000t\000y\000\040\000a\000n\000d\000\040\000A\000l\000g\000o\000r\000i\000t\000h\000m\000s}{}% 24
\BOOKMARK [1][-]{section.6}{\376\377\000D\000e\000c\000i\000d\000a\000b\000i\000l\000i\000t\000y\000\040\000v\000i\000a\000\040\000P\000a\000r\000t\000i\000t\000i\000o\000n\000\040\000R\000e\000f\000i\000n\000e\000m\000e\000n\000t}{part.4}% 25
\BOOKMARK [2][-]{subsection.6.1}{\376\377\000T\000h\000e\000\040\000d\000e\000c\000i\000s\000i\000o\000n\000\040\000p\000r\000o\000b\000l\000e\000m}{section.6}% 26
\BOOKMARK [2][-]{subsection.6.2}{\376\377\000A\000l\000g\000o\000r\000i\000t\000h\000m}{section.6}% 27
\BOOKMARK [1][-]{section.7}{\376\377\000D\000e\000t\000e\000r\000m\000i\000n\000i\000s\000m\000\040\000C\000o\000i\000n\000c\000i\000d\000e\000n\000c\000e}{part.4}% 28
\BOOKMARK [2][-]{subsection.7.1}{\376\377\000D\000e\000t\000e\000r\000m\000i\000n\000i\000s\000t\000i\000c\000\040\000s\000y\000s\000t\000e\000m\000s}{section.7}% 29
\BOOKMARK [0][-]{part.5}{\376\377\000V\000\040\000W\000o\000r\000k\000e\000d\000\040\000E\000x\000a\000m\000p\000l\000e\000s}{}% 30
\BOOKMARK [1][-]{section.8}{\376\377\000T\000w\000o\000\040\000O\000p\000e\000r\000a\000t\000i\000o\000n\000a\000l\000\040\000S\000e\000m\000a\000n\000t\000i\000c\000s\000\040\000f\000o\000r\000\040\000A\000r\000i\000t\000h\000m\000e\000t\000i\000c}{part.5}% 31
\BOOKMARK [2][-]{subsection.8.1}{\376\377\000B\000i\000g\000-\000s\000t\000e\000p\000\040\000s\000e\000m\000a\000n\000t\000i\000c\000s}{section.8}% 32
\BOOKMARK [2][-]{subsection.8.2}{\376\377\000S\000m\000a\000l\000l\000-\000s\000t\000e\000p\000\040\000s\000e\000m\000a\000n\000t\000i\000c\000s}{section.8}% 33
\BOOKMARK [2][-]{subsection.8.3}{\376\377\000B\000i\000s\000i\000m\000u\000l\000a\000t\000i\000o\000n}{section.8}% 34
\BOOKMARK [1][-]{section.9}{\376\377\000T\000w\000o\000\040\000I\000m\000p\000l\000e\000m\000e\000n\000t\000a\000t\000i\000o\000n\000s\000\040\000o\000f\000\040\000a\000\040\000Q\000u\000e\000u\000e}{part.5}% 35
\BOOKMARK [2][-]{subsection.9.1}{\376\377\000L\000i\000n\000k\000e\000d\000-\000l\000i\000s\000t\000\040\000q\000u\000e\000u\000e}{section.9}% 36
\BOOKMARK [2][-]{subsection.9.2}{\376\377\000P\000a\000i\000r\000e\000d\000-\000s\000t\000a\000c\000k\000\040\000q\000u\000e\000u\000e}{section.9}% 37
\BOOKMARK [2][-]{subsection.9.3}{\376\377\000B\000i\000s\000i\000m\000u\000l\000a\000t\000i\000o\000n}{section.9}% 38
\BOOKMARK [1][-]{section.10}{\376\377\000T\000w\000o\000\040\000C\000o\000m\000p\000u\000t\000a\000t\000i\000o\000n\000s\000\040\000o\000f\000\040\000t\000h\000e\000\040\000F\000a\000c\000t\000o\000r\000i\000a\000l}{part.5}% 39
\BOOKMARK [2][-]{subsection.10.1}{\376\377\000R\000e\000c\000u\000r\000s\000i\000v\000e\000\040\000f\000a\000c\000t\000o\000r\000i\000a\000l}{section.10}% 40
\BOOKMARK [2][-]{subsection.10.2}{\376\377\000I\000t\000e\000r\000a\000t\000i\000v\000e\000\040\000f\000a\000c\000t\000o\000r\000i\000a\000l}{section.10}% 41
\BOOKMARK [2][-]{subsection.10.3}{\376\377\000B\000i\000s\000i\000m\000u\000l\000a\000t\000i\000o\000n}{section.10}% 42
\BOOKMARK [1][-]{section.11}{\376\377\000T\000w\000o\000\040\000F\000i\000n\000i\000t\000e\000-\000S\000t\000a\000t\000e\000\040\000A\000u\000t\000o\000m\000a\000t\000a\000\040\000f\000o\000r\000\040\000t\000h\000e\000\040\000S\000a\000m\000e\000\040\000L\000a\000n\000g\000u\000a\000g\000e}{part.5}% 43
\BOOKMARK [0][-]{part.6}{\376\377\000V\000I\000\040\000D\000i\000s\000c\000u\000s\000s\000i\000o\000n}{}% 44
\BOOKMARK [1][-]{section.12}{\376\377\000C\000o\000m\000p\000a\000r\000i\000s\000o\000n\000\040\000w\000i\000t\000h\000\040\000O\000t\000h\000e\000r\000\040\000E\000q\000u\000i\000v\000a\000l\000e\000n\000c\000e\000\040\000N\000o\000t\000i\000o\000n\000s}{part.6}% 45
\BOOKMARK [2][-]{subsection.12.1}{\376\377\000D\000e\000n\000o\000t\000a\000t\000i\000o\000n\000a\000l\000\040\000e\000q\000u\000i\000v\000a\000l\000e\000n\000c\000e}{section.12}% 46
\BOOKMARK [2][-]{subsection.12.2}{\376\377\000T\000r\000a\000c\000e\000\040\000e\000q\000u\000i\000v\000a\000l\000e\000n\000c\000e}{section.12}% 47
\BOOKMARK [2][-]{subsection.12.3}{\376\377\000O\000b\000s\000e\000r\000v\000a\000t\000i\000o\000n\000a\000l\000\040\000e\000q\000u\000i\000v\000a\000l\000e\000n\000c\000e}{section.12}% 48
\BOOKMARK [2][-]{subsection.12.4}{\376\377\000E\000x\000t\000e\000n\000s\000i\000o\000n\000a\000l\000\040\000e\000q\000u\000i\000v\000a\000l\000e\000n\000c\000e}{section.12}% 49
\BOOKMARK [1][-]{section.13}{\376\377\000L\000i\000m\000i\000t\000a\000t\000i\000o\000n\000s\000\040\000a\000n\000d\000\040\000O\000p\000e\000n\000\040\000Q\000u\000e\000s\000t\000i\000o\000n\000s}{part.6}% 50
\BOOKMARK [2][-]{subsection.13.1}{\376\377\000I\000n\000f\000i\000n\000i\000t\000e\000\040\000c\000o\000n\000f\000i\000g\000u\000r\000a\000t\000i\000o\000n\000\040\000s\000p\000a\000c\000e\000s}{section.13}% 51
\BOOKMARK [2][-]{subsection.13.2}{\376\377\000C\000h\000o\000i\000c\000e\000\040\000o\000f\000\040\000o\000b\000s\000e\000r\000v\000a\000t\000i\000o\000n\000\040\000f\000u\000n\000c\000t\000i\000o\000n}{section.13}% 52
\BOOKMARK [2][-]{subsection.13.3}{\376\377\000P\000r\000o\000b\000a\000b\000i\000l\000i\000s\000t\000i\000c\000\040\000a\000n\000d\000\040\000q\000u\000a\000n\000t\000i\000t\000a\000t\000i\000v\000e\000\040\000e\000x\000t\000e\000n\000s\000i\000o\000n\000s}{section.13}% 53
\BOOKMARK [2][-]{subsection.13.4}{\376\377\000H\000i\000g\000h\000e\000r\000-\000o\000r\000d\000e\000r\000\040\000s\000y\000s\000t\000e\000m\000s}{section.13}% 54
\BOOKMARK [1][-]{section.14}{\376\377\000C\000o\000n\000c\000l\000u\000s\000i\000o\000n}{part.6}% 55
