\BOOKMARK [1][-]{section.1}{\376\377\000I\000n\000t\000r\000o\000d\000u\000c\000t\000i\000o\000n}{}% 1
\BOOKMARK [1][-]{section.2}{\376\377\000O\000s\000c\000i\000l\000l\000a\000t\000o\000r\000-\000P\000r\000o\000c\000e\000s\000s\000o\000r\000\040\000D\000u\000a\000l\000i\000t\000y}{}% 2
\BOOKMARK [2][-]{subsection.2.1}{\376\377\000F\000u\000n\000d\000a\000m\000e\000n\000t\000a\000l\000\040\000E\000q\000u\000i\000v\000a\000l\000e\000n\000c\000e}{section.2}% 3
\BOOKMARK [2][-]{subsection.2.2}{\376\377\000C\000o\000m\000p\000u\000t\000a\000t\000i\000o\000n\000a\000l\000\040\000S\000t\000a\000t\000e\000\040\000S\000p\000a\000c\000e}{section.2}% 4
\BOOKMARK [2][-]{subsection.2.3}{\376\377\000E\000n\000t\000r\000o\000p\000y\000-\000E\000n\000d\000p\000o\000i\000n\000t\000\040\000R\000e\000f\000o\000r\000m\000u\000l\000a\000t\000i\000o\000n}{section.2}% 5
\BOOKMARK [2][-]{subsection.2.4}{\376\377\000Z\000e\000r\000o\000-\000C\000o\000m\000p\000u\000t\000a\000t\000i\000o\000n\000\040\000N\000a\000v\000i\000g\000a\000t\000i\000o\000n}{section.2}% 6
\BOOKMARK [2][-]{subsection.2.5}{\376\377\000E\000x\000p\000e\000r\000i\000m\000e\000n\000t\000a\000l\000\040\000V\000a\000l\000i\000d\000a\000t\000i\000o\000n}{section.2}% 7
\BOOKMARK [1][-]{section.3}{\376\377\000B\000i\000o\000l\000o\000g\000i\000c\000a\000l\000\040\000S\000e\000m\000i\000c\000o\000n\000d\000u\000c\000t\000o\000r\000\040\000S\000u\000b\000s\000t\000r\000a\000t\000e}{}% 8
\BOOKMARK [2][-]{subsection.3.1}{\376\377\000O\000s\000c\000i\000l\000l\000a\000t\000o\000r\000y\000\040\000C\000a\000r\000r\000i\000e\000r\000\040\000M\000o\000d\000e\000l}{section.3}% 9
\BOOKMARK [3][-]{subsubsection.3.1.1}{\376\377\000P\000-\000T\000y\000p\000e\000\040\000C\000a\000r\000r\000i\000e\000r\000s\000:\000\040\000O\000s\000c\000i\000l\000l\000a\000t\000o\000r\000y\000\040\000H\000o\000l\000e\000s}{subsection.3.1}% 10
\BOOKMARK [3][-]{subsubsection.3.1.2}{\376\377\000N\000-\000T\000y\000p\000e\000\040\000C\000a\000r\000r\000i\000e\000r\000s\000:\000\040\000M\000o\000l\000e\000c\000u\000l\000a\000r\000\040\000O\000s\000c\000i\000l\000l\000a\000t\000o\000r\000s}{subsection.3.1}% 11
\BOOKMARK [2][-]{subsection.3.2}{\376\377\000T\000r\000a\000n\000s\000p\000o\000r\000t\000\040\000P\000r\000o\000p\000e\000r\000t\000i\000e\000s}{section.3}% 12
\BOOKMARK [3][-]{subsubsection.3.2.1}{\376\377\000M\000o\000b\000i\000l\000i\000t\000y}{subsection.3.2}% 13
\BOOKMARK [3][-]{subsubsection.3.2.2}{\376\377\000C\000o\000n\000d\000u\000c\000t\000i\000v\000i\000t\000y}{subsection.3.2}% 14
\BOOKMARK [2][-]{subsection.3.3}{\376\377\000P\000-\000N\000\040\000J\000u\000n\000c\000t\000i\000o\000n\000\040\000F\000o\000r\000m\000a\000t\000i\000o\000n}{section.3}% 15
\BOOKMARK [3][-]{subsubsection.3.3.1}{\376\377\000J\000u\000n\000c\000t\000i\000o\000n\000\040\000S\000t\000r\000u\000c\000t\000u\000r\000e}{subsection.3.3}% 16
\BOOKMARK [3][-]{subsubsection.3.3.2}{\376\377\000B\000u\000i\000l\000t\000-\000i\000n\000\040\000P\000o\000t\000e\000n\000t\000i\000a\000l}{subsection.3.3}% 17
\BOOKMARK [3][-]{subsubsection.3.3.3}{\376\377\000C\000u\000r\000r\000e\000n\000t\000-\000V\000o\000l\000t\000a\000g\000e\000\040\000C\000h\000a\000r\000a\000c\000t\000e\000r\000i\000s\000t\000i\000c}{subsection.3.3}% 18
\BOOKMARK [2][-]{subsection.3.4}{\376\377\000C\000a\000r\000r\000i\000e\000r\000-\000H\000o\000l\000e\000\040\000R\000e\000c\000o\000m\000b\000i\000n\000a\000t\000i\000o\000n}{section.3}% 19
\BOOKMARK [1][-]{section.4}{\376\377\000Q\000u\000a\000n\000t\000u\000m\000\040\000L\000o\000g\000i\000c\000\040\000G\000a\000t\000e\000s\000\040\000i\000n\000\040\000B\000i\000o\000l\000o\000g\000i\000c\000a\000l\000\040\000M\000e\000m\000b\000r\000a\000n\000e\000s}{}% 20
\BOOKMARK [2][-]{subsection.4.1}{\376\377\000O\000s\000c\000i\000l\000l\000a\000t\000o\000r\000y\000\040\000Q\000u\000b\000i\000t\000\040\000R\000e\000p\000r\000e\000s\000e\000n\000t\000a\000t\000i\000o\000n}{section.4}% 21
\BOOKMARK [2][-]{subsection.4.2}{\376\377\000B\000i\000o\000l\000o\000g\000i\000c\000a\000l\000\040\000C\000l\000o\000c\000k\000\040\000F\000r\000e\000q\000u\000e\000n\000c\000y}{section.4}% 22
\BOOKMARK [2][-]{subsection.4.3}{\376\377\000C\000o\000h\000e\000r\000e\000n\000c\000e\000\040\000P\000r\000o\000p\000e\000r\000t\000i\000e\000s}{section.4}% 23
\BOOKMARK [3][-]{subsubsection.4.3.1}{\376\377\000C\000o\000h\000e\000r\000e\000n\000c\000e\000\040\000T\000i\000m\000e}{subsection.4.3}% 24
\BOOKMARK [3][-]{subsubsection.4.3.2}{\376\377\000F\000i\000d\000e\000l\000i\000t\000y}{subsection.4.3}% 25
\BOOKMARK [3][-]{subsubsection.4.3.3}{\376\377\000A\000T\000P\000\040\000C\000o\000n\000s\000u\000m\000p\000t\000i\000o\000n}{subsection.4.3}% 26
\BOOKMARK [2][-]{subsection.4.4}{\376\377\000U\000n\000i\000v\000e\000r\000s\000a\000l\000\040\000G\000a\000t\000e\000\040\000S\000e\000t}{section.4}% 27
\BOOKMARK [3][-]{subsubsection.4.4.1}{\376\377\000H\000a\000d\000a\000m\000a\000r\000d\000\040\000G\000a\000t\000e}{subsection.4.4}% 28
\BOOKMARK [3][-]{subsubsection.4.4.2}{\376\377\000P\000h\000a\000s\000e\000\040\000G\000a\000t\000e}{subsection.4.4}% 29
\BOOKMARK [3][-]{subsubsection.4.4.3}{\376\377\000C\000N\000O\000T\000\040\000G\000a\000t\000e}{subsection.4.4}% 30
\BOOKMARK [3][-]{subsubsection.4.4.4}{\376\377\000T\000\040\000G\000a\000t\000e}{subsection.4.4}% 31
\BOOKMARK [2][-]{subsection.4.5}{\376\377\000G\000a\000t\000e\000\040\000F\000i\000d\000e\000l\000i\000t\000y\000\040\000M\000e\000a\000s\000u\000r\000e\000m\000e\000n\000t\000s}{section.4}% 32
\BOOKMARK [1][-]{section.5}{\376\377\000A\000r\000i\000t\000h\000m\000e\000t\000i\000c\000\040\000L\000o\000g\000i\000c\000\040\000U\000n\000i\000t\000\040\000A\000r\000c\000h\000i\000t\000e\000c\000t\000u\000r\000e}{}% 33
\BOOKMARK [2][-]{subsection.5.1}{\376\377\000B\000M\000D\000\040\000T\000r\000a\000n\000s\000i\000s\000t\000o\000r}{section.5}% 34
\BOOKMARK [3][-]{subsubsection.5.1.1}{\376\377\000S\000t\000r\000u\000c\000t\000u\000r\000e\000\040\000a\000n\000d\000\040\000O\000p\000e\000r\000a\000t\000i\000o\000n}{subsection.5.1}% 35
\BOOKMARK [3][-]{subsubsection.5.1.2}{\376\377\000S\000w\000i\000t\000c\000h\000i\000n\000g\000\040\000C\000h\000a\000r\000a\000c\000t\000e\000r\000i\000s\000t\000i\000c\000s}{subsection.5.1}% 36
\BOOKMARK [3][-]{subsubsection.5.1.3}{\376\377\000I\000n\000f\000o\000r\000m\000a\000t\000i\000o\000n\000\040\000C\000a\000t\000a\000l\000y\000s\000i\000s}{subsection.5.1}% 37
\BOOKMARK [2][-]{subsection.5.2}{\376\377\000T\000r\000i\000-\000D\000i\000m\000e\000n\000s\000i\000o\000n\000a\000l\000\040\000L\000o\000g\000i\000c\000\040\000G\000a\000t\000e\000s}{section.5}% 38
\BOOKMARK [3][-]{subsubsection.5.2.1}{\376\377\000G\000a\000t\000e\000\040\000D\000e\000f\000i\000n\000i\000t\000i\000o\000n}{subsection.5.2}% 39
\BOOKMARK [3][-]{subsubsection.5.2.2}{\376\377\000A\000N\000D\000\040\000G\000a\000t\000e}{subsection.5.2}% 40
\BOOKMARK [3][-]{subsubsection.5.2.3}{\376\377\000O\000R\000\040\000G\000a\000t\000e}{subsection.5.2}% 41
\BOOKMARK [3][-]{subsubsection.5.2.4}{\376\377\000X\000O\000R\000\040\000G\000a\000t\000e}{subsection.5.2}% 42
\BOOKMARK [2][-]{subsection.5.3}{\376\377\000A\000L\000U\000\040\000O\000p\000e\000r\000a\000t\000i\000o\000n\000s}{section.5}% 43
\BOOKMARK [3][-]{subsubsection.5.3.1}{\376\377\000A\000d\000d\000i\000t\000i\000o\000n}{subsection.5.3}% 44
\BOOKMARK [3][-]{subsubsection.5.3.2}{\376\377\000M\000u\000l\000t\000i\000p\000l\000i\000c\000a\000t\000i\000o\000n}{subsection.5.3}% 45
\BOOKMARK [3][-]{subsubsection.5.3.3}{\376\377\000P\000h\000a\000s\000e\000\040\000S\000h\000i\000f\000t}{subsection.5.3}% 46
\BOOKMARK [3][-]{subsubsection.5.3.4}{\376\377\000F\000r\000e\000q\000u\000e\000n\000c\000y\000\040\000M\000o\000d\000u\000l\000a\000t\000i\000o\000n}{subsection.5.3}% 47
\BOOKMARK [2][-]{subsection.5.4}{\376\377\000A\000L\000U\000\040\000P\000e\000r\000f\000o\000r\000m\000a\000n\000c\000e}{section.5}% 48
\BOOKMARK [1][-]{section.6}{\376\377\000V\000i\000r\000t\000u\000a\000l\000\040\000F\000o\000u\000n\000d\000r\000y\000\040\000A\000r\000c\000h\000i\000t\000e\000c\000t\000u\000r\000e}{}% 49
\BOOKMARK [2][-]{subsection.6.1}{\376\377\000C\000o\000n\000c\000e\000p\000t\000\040\000a\000n\000d\000\040\000P\000r\000i\000n\000c\000i\000p\000l\000e\000s}{section.6}% 50
\BOOKMARK [3][-]{subsubsection.6.1.1}{\376\377\000V\000i\000r\000t\000u\000a\000l\000\040\000P\000r\000o\000c\000e\000s\000s\000o\000r\000\040\000D\000e\000f\000i\000n\000i\000t\000i\000o\000n}{subsection.6.1}% 51
\BOOKMARK [3][-]{subsubsection.6.1.2}{\376\377\000P\000r\000o\000c\000e\000s\000s\000o\000r\000\040\000T\000y\000p\000e\000s}{subsection.6.1}% 52
\BOOKMARK [2][-]{subsection.6.2}{\376\377\000F\000e\000m\000t\000o\000s\000e\000c\000o\000n\000d\000\040\000L\000i\000f\000e\000c\000y\000c\000l\000e}{section.6}% 53
\BOOKMARK [3][-]{subsubsection.6.2.1}{\376\377\000L\000i\000f\000e\000c\000y\000c\000l\000e\000\040\000P\000h\000a\000s\000e\000s}{subsection.6.2}% 54
\BOOKMARK [3][-]{subsubsection.6.2.2}{\376\377\000C\000r\000e\000a\000t\000i\000o\000n\000\040\000R\000a\000t\000e}{subsection.6.2}% 55
\BOOKMARK [2][-]{subsection.6.3}{\376\377\000U\000n\000l\000i\000m\000i\000t\000e\000d\000\040\000P\000a\000r\000a\000l\000l\000e\000l\000i\000z\000a\000t\000i\000o\000n}{section.6}% 56
\BOOKMARK [3][-]{subsubsection.6.3.1}{\376\377\000T\000o\000t\000a\000l\000\040\000P\000r\000o\000c\000e\000s\000s\000i\000n\000g\000\040\000P\000o\000w\000e\000r}{subsection.6.3}% 57
\BOOKMARK [3][-]{subsubsection.6.3.2}{\376\377\000S\000p\000e\000c\000t\000r\000a\000l\000\040\000D\000e\000n\000s\000i\000t\000y}{subsection.6.3}% 58
\BOOKMARK [2][-]{subsection.6.4}{\376\377\000T\000a\000s\000k\000-\000S\000p\000e\000c\000i\000f\000i\000c\000\040\000A\000r\000c\000h\000i\000t\000e\000c\000t\000u\000r\000e}{section.6}% 59
\BOOKMARK [3][-]{subsubsection.6.4.1}{\376\377\000T\000e\000m\000p\000l\000a\000t\000e\000\040\000L\000i\000b\000r\000a\000r\000y}{subsection.6.4}% 60
\BOOKMARK [3][-]{subsubsection.6.4.2}{\376\377\000D\000y\000n\000a\000m\000i\000c\000\040\000R\000e\000c\000o\000n\000f\000i\000g\000u\000r\000a\000t\000i\000o\000n}{subsection.6.4}% 61
\BOOKMARK [2][-]{subsection.6.5}{\376\377\000R\000e\000s\000o\000u\000r\000c\000e\000\040\000M\000a\000n\000a\000g\000e\000m\000e\000n\000t}{section.6}% 62
\BOOKMARK [3][-]{subsubsection.6.5.1}{\376\377\000F\000r\000e\000q\000u\000e\000n\000c\000y\000\040\000A\000l\000l\000o\000c\000a\000t\000i\000o\000n}{subsection.6.5}% 63
\BOOKMARK [3][-]{subsubsection.6.5.2}{\376\377\000L\000o\000a\000d\000\040\000B\000a\000l\000a\000n\000c\000i\000n\000g}{subsection.6.5}% 64
\BOOKMARK [2][-]{subsection.6.6}{\376\377\000E\000n\000e\000r\000g\000y\000\040\000E\000f\000f\000i\000c\000i\000e\000n\000c\000y}{section.6}% 65
\BOOKMARK [3][-]{subsubsection.6.6.1}{\376\377\000C\000r\000e\000a\000t\000i\000o\000n\000\040\000E\000n\000e\000r\000g\000y}{subsection.6.6}% 66
\BOOKMARK [3][-]{subsubsection.6.6.2}{\376\377\000E\000n\000e\000r\000g\000y\000\040\000R\000e\000c\000o\000v\000e\000r\000y}{subsection.6.6}% 67
\BOOKMARK [1][-]{section.7}{\376\377\000P\000r\000o\000c\000e\000s\000s\000o\000r\000\040\000A\000c\000c\000e\000l\000e\000r\000a\000t\000i\000o\000n\000\040\000a\000n\000d\000\040\000D\000e\000c\000a\000y\000\040\000D\000y\000n\000a\000m\000i\000c\000s}{}% 68
\BOOKMARK [2][-]{subsection.7.1}{\376\377\000F\000r\000e\000q\000u\000e\000n\000c\000y\000-\000M\000e\000d\000i\000a\000t\000e\000d\000\040\000P\000r\000o\000c\000e\000s\000s\000i\000n\000g\000\040\000R\000a\000t\000e}{section.7}% 69
\BOOKMARK [3][-]{subsubsection.7.1.1}{\376\377\000A\000c\000c\000e\000l\000e\000r\000a\000t\000i\000o\000n\000\040\000D\000e\000f\000i\000n\000i\000t\000i\000o\000n}{subsection.7.1}% 70
\BOOKMARK [2][-]{subsection.7.2}{\376\377\000A\000c\000c\000e\000l\000e\000r\000a\000t\000i\000o\000n\000\040\000M\000e\000c\000h\000a\000n\000i\000s\000m\000s}{section.7}% 71
\BOOKMARK [3][-]{subsubsection.7.2.1}{\376\377\000E\000n\000e\000r\000g\000y\000\040\000I\000n\000j\000e\000c\000t\000i\000o\000n}{subsection.7.2}% 72
\BOOKMARK [3][-]{subsubsection.7.2.2}{\376\377\000P\000a\000r\000a\000m\000e\000t\000r\000i\000c\000\040\000P\000u\000m\000p\000i\000n\000g}{subsection.7.2}% 73
\BOOKMARK [3][-]{subsubsection.7.2.3}{\376\377\000R\000e\000s\000o\000n\000a\000n\000c\000e\000\040\000C\000a\000s\000c\000a\000d\000e}{subsection.7.2}% 74
\BOOKMARK [2][-]{subsection.7.3}{\376\377\000M\000a\000x\000i\000m\000u\000m\000\040\000A\000c\000c\000e\000l\000e\000r\000a\000t\000i\000o\000n}{section.7}% 75
\BOOKMARK [3][-]{subsubsection.7.3.1}{\376\377\000S\000u\000b\000s\000t\000r\000a\000t\000e\000\040\000L\000i\000m\000i\000t}{subsection.7.3}% 76
\BOOKMARK [3][-]{subsubsection.7.3.2}{\376\377\000A\000d\000i\000a\000b\000a\000t\000i\000c\000\040\000L\000i\000m\000i\000t}{subsection.7.3}% 77
\BOOKMARK [2][-]{subsection.7.4}{\376\377\000D\000e\000c\000a\000y\000\040\000D\000y\000n\000a\000m\000i\000c\000s}{section.7}% 78
\BOOKMARK [3][-]{subsubsection.7.4.1}{\376\377\000E\000x\000p\000o\000n\000e\000n\000t\000i\000a\000l\000\040\000D\000e\000c\000a\000y}{subsection.7.4}% 79
\BOOKMARK [3][-]{subsubsection.7.4.2}{\376\377\000P\000r\000o\000c\000e\000s\000s\000i\000n\000g\000\040\000R\000a\000t\000e\000\040\000D\000e\000c\000a\000y}{subsection.7.4}% 80
\BOOKMARK [3][-]{subsubsection.7.4.3}{\376\377\000E\000n\000e\000r\000g\000y\000\040\000D\000i\000s\000s\000i\000p\000a\000t\000i\000o\000n}{subsection.7.4}% 81
\BOOKMARK [2][-]{subsection.7.5}{\376\377\000S\000t\000e\000a\000d\000y\000-\000S\000t\000a\000t\000e\000\040\000O\000p\000e\000r\000a\000t\000i\000o\000n}{section.7}% 82
\BOOKMARK [3][-]{subsubsection.7.5.1}{\376\377\000B\000a\000l\000a\000n\000c\000e\000\040\000C\000o\000n\000d\000i\000t\000i\000o\000n}{subsection.7.5}% 83
\BOOKMARK [3][-]{subsubsection.7.5.2}{\376\377\000M\000i\000n\000i\000m\000u\000m\000\040\000P\000o\000w\000e\000r}{subsection.7.5}% 84
\BOOKMARK [2][-]{subsection.7.6}{\376\377\000T\000r\000a\000n\000s\000i\000e\000n\000t\000\040\000R\000e\000s\000p\000o\000n\000s\000e}{section.7}% 85
\BOOKMARK [3][-]{subsubsection.7.6.1}{\376\377\000S\000t\000e\000p\000\040\000R\000e\000s\000p\000o\000n\000s\000e}{subsection.7.6}% 86
\BOOKMARK [3][-]{subsubsection.7.6.2}{\376\377\000S\000e\000t\000t\000l\000i\000n\000g\000\040\000T\000i\000m\000e}{subsection.7.6}% 87
\BOOKMARK [2][-]{subsection.7.7}{\376\377\000E\000x\000p\000e\000r\000i\000m\000e\000n\000t\000a\000l\000\040\000V\000a\000l\000i\000d\000a\000t\000i\000o\000n}{section.7}% 88
\BOOKMARK [1][-]{section.8}{\376\377\000D\000i\000s\000c\000u\000s\000s\000i\000o\000n\000\040\000a\000n\000d\000\040\000C\000o\000n\000c\000l\000u\000s\000i\000o\000n\000s}{}% 89
