\BOOKMARK [0][-]{part.1}{\376\377\000I\000\040\000P\000r\000e\000l\000i\000m\000i\000n\000a\000r\000i\000e\000s}{}% 1
\BOOKMARK [1][-]{section.1}{\376\377\000I\000n\000t\000r\000o\000d\000u\000c\000t\000i\000o\000n}{part.1}% 2
\BOOKMARK [2][-]{subsection.1.1}{\376\377\000T\000h\000e\000\040\000r\000e\000c\000u\000r\000r\000e\000n\000c\000e\000\040\000o\000f\000\040\000a\000\040\000c\000l\000o\000s\000e\000d\000\040\000f\000o\000r\000m}{section.1}% 3
\BOOKMARK [2][-]{subsection.1.2}{\376\377\000W\000h\000y\000\040\000a\000\040\000s\000i\000n\000g\000l\000e\000\040\000p\000r\000i\000m\000i\000t\000i\000v\000e}{section.1}% 4
\BOOKMARK [2][-]{subsection.1.3}{\376\377\000O\000v\000e\000r\000v\000i\000e\000w\000\040\000o\000f\000\040\000m\000a\000i\000n\000\040\000r\000e\000s\000u\000l\000t\000s}{section.1}% 5
\BOOKMARK [1][-]{section.2}{\376\377\000T\000h\000e\000\040\000T\000h\000r\000e\000e\000\040\000A\000x\000i\000o\000m\000s}{part.1}% 6
\BOOKMARK [1][-]{section.3}{\376\377\000C\000a\000t\000e\000g\000o\000r\000i\000c\000a\000l\000\040\000D\000e\000c\000i\000s\000i\000o\000n\000\040\000S\000y\000s\000t\000e\000m\000s}{part.1}% 7
\BOOKMARK [2][-]{subsection.3.1}{\376\377\000T\000h\000e\000\040\000s\000y\000s\000t\000e\000m}{section.3}% 8
\BOOKMARK [2][-]{subsection.3.2}{\376\377\000T\000h\000e\000\040\000l\000a\000g\000\040\000m\000a\000t\000r\000i\000x}{section.3}% 9
\BOOKMARK [2][-]{subsection.3.3}{\376\377\000T\000h\000e\000\040\000c\000o\000u\000p\000l\000i\000n\000g\000\040\000m\000a\000t\000r\000i\000x}{section.3}% 10
\BOOKMARK [2][-]{subsection.3.4}{\376\377\000T\000h\000e\000\040\000t\000h\000r\000o\000u\000g\000h\000p\000u\000t\000\040\000c\000o\000e\000f\000f\000i\000c\000i\000e\000n\000t}{section.3}% 11
\BOOKMARK [0][-]{part.2}{\376\377\000I\000I\000\040\000T\000h\000e\000\040\000U\000n\000i\000v\000e\000r\000s\000a\000l\000\040\000D\000e\000c\000o\000m\000p\000o\000s\000i\000t\000i\000o\000n}{}% 12
\BOOKMARK [1][-]{section.4}{\376\377\000T\000h\000e\000\040\000U\000n\000i\000v\000e\000r\000s\000a\000l\000\040\000D\000e\000c\000o\000m\000p\000o\000s\000i\000t\000i\000o\000n\000\040\000T\000h\000e\000o\000r\000e\000m}{part.2}% 13
\BOOKMARK [2][-]{subsection.4.1}{\376\377\000S\000t\000a\000t\000e\000m\000e\000n\000t\000\040\000a\000n\000d\000\040\000p\000r\000o\000o\000f}{section.4}% 14
\BOOKMARK [2][-]{subsection.4.2}{\376\377\000I\000n\000d\000e\000p\000e\000n\000d\000e\000n\000c\000e\000\040\000o\000f\000\040\000t\000h\000e\000\040\000s\000y\000s\000t\000e\000m\000'\000s\000\040\000i\000n\000t\000e\000r\000p\000r\000e\000t\000a\000t\000i\000o\000n}{section.4}% 15
\BOOKMARK [1][-]{section.5}{\376\377\000T\000h\000e\000\040\000S\000p\000e\000c\000i\000a\000l\000i\000s\000a\000t\000i\000o\000n\000\040\000T\000h\000e\000o\000r\000e\000m}{part.2}% 16
\BOOKMARK [0][-]{part.3}{\376\377\000I\000I\000I\000\040\000T\000h\000e\000\040\000R\000u\000n\000t\000i\000m\000e\000\040\000P\000r\000i\000m\000i\000t\000i\000v\000e}{}% 17
\BOOKMARK [1][-]{section.6}{\376\377\000D\000e\000c\000i\000d\000a\000b\000i\000l\000i\000t\000y\000\040\000a\000n\000d\000\040\000A\000l\000g\000o\000r\000i\000t\000h\000m\000i\000c\000\040\000P\000r\000o\000p\000e\000r\000t\000i\000e\000s}{part.3}% 18
\BOOKMARK [2][-]{subsection.6.1}{\376\377\000T\000h\000e\000\040\000c\000o\000m\000p\000u\000t\000e\000\040\000a\000l\000g\000o\000r\000i\000t\000h\000m}{section.6}% 19
\BOOKMARK [2][-]{subsection.6.2}{\376\377\000F\000l\000o\000a\000t\000i\000n\000g\000-\000p\000o\000i\000n\000t\000\040\000c\000o\000n\000s\000i\000d\000e\000r\000a\000t\000i\000o\000n\000s}{section.6}% 20
\BOOKMARK [1][-]{section.7}{\376\377\000C\000o\000m\000p\000o\000s\000i\000t\000i\000o\000n\000a\000l\000i\000t\000y}{part.3}% 21
\BOOKMARK [2][-]{subsection.7.1}{\376\377\000M\000u\000l\000t\000i\000-\000s\000y\000s\000t\000e\000m\000\040\000a\000g\000g\000r\000e\000g\000a\000t\000i\000o\000n}{section.7}% 22
\BOOKMARK [0][-]{part.4}{\376\377\000I\000V\000\040\000S\000t\000r\000u\000c\000t\000u\000r\000a\000l\000\040\000P\000h\000e\000n\000o\000m\000e\000n\000a}{}% 23
\BOOKMARK [1][-]{section.8}{\376\377\000C\000a\000c\000h\000e\000\040\000E\000x\000t\000i\000n\000c\000t\000i\000o\000n\000:\000\040\000R\000a\000n\000k\000\040\000C\000o\000l\000l\000a\000p\000s\000e\000\040\000U\000n\000d\000e\000r\000\040\000C\000o\000n\000s\000t\000a\000n\000t\000\040\000D\000e\000c\000i\000s\000i\000o\000n\000\040\000C\000l\000a\000s\000s\000e\000s}{part.4}% 24
\BOOKMARK [1][-]{section.9}{\376\377\000T\000h\000e\000\040\000L\000a\000g\000\040\000L\000o\000w\000e\000r\000\040\000B\000o\000u\000n\000d}{part.4}% 25
\BOOKMARK [0][-]{part.5}{\376\377\000V\000\040\000D\000i\000s\000c\000u\000s\000s\000i\000o\000n}{}% 26
\BOOKMARK [1][-]{section.10}{\376\377\000C\000o\000m\000p\000a\000r\000i\000s\000o\000n\000\040\000w\000i\000t\000h\000\040\000D\000o\000m\000a\000i\000n\000-\000S\000p\000e\000c\000i\000f\000i\000c\000\040\000T\000r\000e\000a\000t\000m\000e\000n\000t\000s}{part.5}% 27
\BOOKMARK [2][-]{subsection.10.1}{\376\377\000Q\000u\000e\000u\000e\000i\000n\000g\000\040\000t\000h\000e\000o\000r\000y}{section.10}% 28
\BOOKMARK [2][-]{subsection.10.2}{\376\377\000D\000r\000u\000d\000e\000\040\000t\000h\000e\000o\000r\000y\000\040\000o\000f\000\040\000e\000l\000e\000c\000t\000r\000o\000n\000i\000c\000\040\000c\000o\000n\000d\000u\000c\000t\000i\000v\000i\000t\000y}{section.10}% 29
\BOOKMARK [2][-]{subsection.10.3}{\376\377\000C\000h\000a\000p\000m\000a\000n\040\023\000E\000n\000s\000k\000o\000g\000\040\000a\000n\000d\000\040\000k\000i\000n\000e\000t\000i\000c\000\040\000t\000h\000e\000o\000r\000y}{section.10}% 30
\BOOKMARK [2][-]{subsection.10.4}{\376\377\000E\000i\000n\000s\000t\000e\000i\000n\040\023\000S\000m\000o\000l\000u\000c\000h\000o\000w\000s\000k\000i\000\040\000d\000i\000f\000f\000u\000s\000i\000o\000n}{section.10}% 31
\BOOKMARK [2][-]{subsection.10.5}{\376\377\000L\000o\000r\000e\000n\000z\040\023\000L\000o\000r\000e\000n\000t\000z\000\040\000r\000e\000f\000r\000a\000c\000t\000i\000o\000n}{section.10}% 32
\BOOKMARK [2][-]{subsection.10.6}{\376\377\000M\000a\000s\000o\000n\040\023\000M\000c\000D\000a\000n\000i\000e\000l\000\040\000i\000o\000n\000\040\000m\000o\000b\000i\000l\000i\000t\000y}{section.10}% 33
\BOOKMARK [1][-]{section.11}{\376\377\000I\000m\000p\000l\000e\000m\000e\000n\000t\000a\000t\000i\000o\000n\000\040\000a\000s\000\040\000a\000\040\000K\000e\000r\000n\000e\000l\000\040\000S\000u\000b\000s\000y\000s\000t\000e\000m}{part.5}% 34
\BOOKMARK [1][-]{section.12}{\376\377\000L\000i\000m\000i\000t\000a\000t\000i\000o\000n\000s\000\040\000a\000n\000d\000\040\000O\000p\000e\000n\000\040\000Q\000u\000e\000s\000t\000i\000o\000n\000s}{part.5}% 35
\BOOKMARK [2][-]{subsection.12.1}{\376\377\000B\000o\000u\000n\000d\000e\000d\000\040\000c\000l\000a\000s\000s\000\040\000c\000o\000u\000n\000t}{section.12}% 36
\BOOKMARK [2][-]{subsection.12.2}{\376\377\000D\000e\000t\000e\000r\000m\000i\000n\000a\000t\000i\000o\000n\000\040\000o\000f\000\040\000N}{section.12}% 37
\BOOKMARK [2][-]{subsection.12.3}{\376\377\000T\000i\000m\000e\000-\000v\000a\000r\000y\000i\000n\000g\000\040\000\040\000a\000n\000d\000\040\000g}{section.12}% 38
\BOOKMARK [2][-]{subsection.12.4}{\376\377\000S\000y\000m\000m\000e\000t\000r\000y\000-\000b\000r\000e\000a\000k\000i\000n\000g\000\040\000s\000y\000s\000t\000e\000m\000s}{section.12}% 39
\BOOKMARK [1][-]{section.13}{\376\377\000C\000o\000n\000c\000l\000u\000s\000i\000o\000n}{part.5}% 40
