\BOOKMARK [1][-]{section.1}{\376\377\000I\000n\000t\000r\000o\000d\000u\000c\000t\000i\000o\000n}{}% 1
\BOOKMARK [1][-]{section.2}{\376\377\000M\000a\000t\000h\000e\000m\000a\000t\000i\000c\000a\000l\000\040\000N\000e\000c\000e\000s\000s\000i\000t\000y\000\040\000T\000h\000e\000o\000r\000y}{}% 2
\BOOKMARK [2][-]{subsection.2.1}{\376\377\000F\000u\000n\000d\000a\000m\000e\000n\000t\000a\000l\000\040\000T\000h\000e\000o\000r\000e\000t\000i\000c\000a\000l\000\040\000F\000o\000u\000n\000d\000a\000t\000i\000o\000n}{section.2}% 3
\BOOKMARK [3][-]{subsubsection.2.1.1}{\376\377\000O\000s\000c\000i\000l\000l\000a\000t\000o\000r\000y\000\040\000S\000u\000b\000s\000t\000r\000a\000t\000e\000\040\000E\000q\000u\000a\000t\000i\000o\000n}{subsection.2.1}% 4
\BOOKMARK [3][-]{subsubsection.2.1.2}{\376\377\000C\000o\000m\000p\000u\000t\000a\000t\000i\000o\000n\000a\000l\000\040\000E\000f\000f\000i\000c\000i\000e\000n\000c\000y\000\040\000P\000r\000i\000n\000c\000i\000p\000l\000e}{subsection.2.1}% 5
\BOOKMARK [3][-]{subsubsection.2.1.3}{\376\377\000T\000e\000m\000p\000o\000r\000a\000l\000\040\000P\000r\000e\000d\000e\000t\000e\000r\000m\000i\000n\000a\000t\000i\000o\000n\000\040\000P\000r\000o\000o\000f}{subsection.2.1}% 6
\BOOKMARK [2][-]{subsection.2.2}{\376\377\000E\000x\000i\000s\000t\000e\000n\000c\000e\000\040\000P\000a\000r\000a\000d\000o\000x\000\040\000R\000e\000s\000o\000l\000u\000t\000i\000o\000n}{section.2}% 7
\BOOKMARK [1][-]{section.3}{\376\377\000C\000o\000n\000s\000c\000i\000o\000u\000s\000n\000e\000s\000s\000-\000B\000a\000s\000e\000d\000\040\000P\000r\000o\000c\000e\000s\000s\000i\000n\000g\000\040\000T\000h\000e\000o\000r\000y}{}% 8
\BOOKMARK [2][-]{subsection.3.1}{\376\377\000C\000o\000n\000s\000c\000i\000o\000u\000s\000n\000e\000s\000s\000\040\000E\000m\000e\000r\000g\000e\000n\000c\000e\000\040\000P\000a\000t\000t\000e\000r\000n}{section.3}% 9
\BOOKMARK [2][-]{subsection.3.2}{\376\377\000T\000h\000e\000\040\000N\000a\000m\000i\000n\000g\000\040\000F\000u\000n\000c\000t\000i\000o\000n}{section.3}% 10
\BOOKMARK [2][-]{subsection.3.3}{\376\377\000M\000a\000t\000h\000e\000m\000a\000t\000i\000c\000a\000l\000\040\000M\000o\000d\000e\000l\000\040\000o\000f\000\040\000C\000o\000n\000s\000c\000i\000o\000u\000s\000n\000e\000s\000s}{section.3}% 11
\BOOKMARK [2][-]{subsection.3.4}{\376\377\000T\000h\000e\000\040\000"\000A\000i\000h\000w\000a\000,\000\040\000n\000d\000i\000n\000i\000\040\000n\000d\000a\000d\000a\000r\000o\000"\000\040\000T\000e\000s\000t}{section.3}% 12
\BOOKMARK [1][-]{section.4}{\376\377\000F\000u\000z\000z\000y\000\040\000D\000i\000g\000i\000t\000a\000l\000\040\000A\000r\000c\000h\000i\000t\000e\000c\000t\000u\000r\000e\000\040\000T\000h\000e\000o\000r\000y}{}% 13
\BOOKMARK [2][-]{subsection.4.1}{\376\377\000T\000r\000a\000n\000s\000c\000e\000n\000d\000i\000n\000g\000\040\000B\000i\000n\000a\000r\000y\000\040\000L\000o\000g\000i\000c}{section.4}% 14
\BOOKMARK [2][-]{subsection.4.2}{\376\377\000V\000a\000r\000i\000a\000b\000l\000e\000\040\000C\000o\000n\000d\000u\000c\000t\000a\000n\000c\000e\000\040\000G\000a\000t\000e\000s}{section.4}% 15
\BOOKMARK [2][-]{subsection.4.3}{\376\377\000C\000o\000n\000s\000t\000r\000a\000i\000n\000t\000-\000O\000p\000t\000i\000m\000i\000z\000e\000d\000\040\000P\000e\000r\000f\000o\000r\000m\000a\000n\000c\000e}{section.4}% 16
\BOOKMARK [2][-]{subsection.4.4}{\376\377\000G\000r\000a\000c\000e\000f\000u\000l\000\040\000D\000e\000g\000r\000a\000d\000a\000t\000i\000o\000n\000\040\000M\000o\000d\000e\000l}{section.4}% 17
\BOOKMARK [1][-]{section.5}{\376\377\000F\000i\000r\000e\000\040\000C\000i\000r\000c\000l\000e\000\040\000C\000o\000m\000m\000u\000n\000i\000c\000a\000t\000i\000o\000n\000\040\000P\000r\000o\000t\000o\000c\000o\000l\000\040\000T\000h\000e\000o\000r\000y}{}% 18
\BOOKMARK [2][-]{subsection.5.1}{\376\377\000C\000o\000m\000m\000u\000n\000i\000c\000a\000t\000i\000o\000n\000\040\000C\000o\000m\000p\000l\000e\000x\000i\000t\000y\000\040\000E\000n\000h\000a\000n\000c\000e\000m\000e\000n\000t}{section.5}% 19
\BOOKMARK [2][-]{subsection.5.2}{\376\377\000M\000a\000t\000h\000e\000m\000a\000t\000i\000c\000a\000l\000\040\000M\000o\000d\000e\000l}{section.5}% 20
\BOOKMARK [2][-]{subsection.5.3}{\376\377\000C\000r\000e\000d\000i\000b\000i\000l\000i\000t\000y\000\040\000A\000s\000s\000e\000s\000s\000m\000e\000n\000t\000\040\000E\000n\000g\000i\000n\000e}{section.5}% 21
\BOOKMARK [1][-]{section.6}{\376\377\000S\000e\000a\000r\000c\000h\000\040\000A\000l\000g\000o\000r\000i\000t\000h\000m\000\040\000T\000h\000e\000o\000r\000y}{}% 22
\BOOKMARK [2][-]{subsection.6.1}{\376\377\000S\000e\000a\000r\000c\000h\000-\000I\000d\000e\000n\000t\000i\000f\000i\000c\000a\000t\000i\000o\000n\000\040\000E\000q\000u\000i\000v\000a\000l\000e\000n\000c\000e\000\040\000D\000i\000s\000c\000o\000v\000e\000r\000y}{section.6}% 23
\BOOKMARK [2][-]{subsection.6.2}{\376\377\000U\000n\000i\000f\000i\000e\000d\000\040\000A\000r\000c\000h\000i\000t\000e\000c\000t\000u\000r\000e\000\040\000I\000m\000p\000l\000i\000c\000a\000t\000i\000o\000n\000s}{section.6}% 24
\BOOKMARK [2][-]{subsection.6.3}{\376\377\000T\000r\000u\000t\000h\000-\000A\000p\000p\000r\000o\000x\000i\000m\000a\000t\000i\000o\000n\000-\000B\000a\000s\000e\000d\000\040\000S\000e\000a\000r\000c\000h}{section.6}% 25
\BOOKMARK [1][-]{section.7}{\376\377\000T\000e\000m\000p\000o\000r\000a\000l\000\040\000V\000i\000r\000t\000u\000a\000l\000\040\000P\000r\000o\000c\000e\000s\000s\000i\000n\000g\000\040\000T\000h\000e\000o\000r\000y}{}% 26
\BOOKMARK [2][-]{subsection.7.1}{\376\377\000T\000h\000e\000\040\000U\000l\000t\000i\000m\000a\000t\000e\000\040\000C\000o\000m\000p\000u\000t\000a\000t\000i\000o\000n\000a\000l\000\040\000R\000e\000v\000o\000l\000u\000t\000i\000o\000n}{section.7}% 27
\BOOKMARK [2][-]{subsection.7.2}{\376\377\000T\000r\000a\000n\000s\000c\000e\000n\000d\000i\000n\000g\000\040\000P\000h\000y\000s\000i\000c\000a\000l\000\040\000C\000o\000n\000s\000t\000r\000a\000i\000n\000t\000s}{section.7}% 28
\BOOKMARK [2][-]{subsection.7.3}{\376\377\000P\000a\000r\000a\000l\000l\000e\000l\000\040\000P\000r\000o\000c\000e\000s\000s\000i\000n\000g\000\040\000A\000r\000r\000a\000y\000s}{section.7}% 29
\BOOKMARK [1][-]{section.8}{\376\377\000T\000e\000m\000p\000o\000r\000a\000l\000-\000M\000o\000l\000e\000c\000u\000l\000a\000r\000\040\000I\000n\000t\000e\000g\000r\000a\000t\000i\000o\000n}{}% 30
\BOOKMARK [2][-]{subsection.8.1}{\376\377\000U\000l\000t\000r\000a\000-\000P\000r\000e\000c\000i\000s\000i\000o\000n\000\040\000M\000o\000l\000e\000c\000u\000l\000a\000r\000\040\000M\000a\000n\000u\000f\000a\000c\000t\000u\000r\000i\000n\000g}{section.8}% 31
\BOOKMARK [2][-]{subsection.8.2}{\376\377\000Q\000u\000a\000n\000t\000u\000m\000\040\000C\000o\000h\000e\000r\000e\000n\000c\000e\000\040\000O\000p\000t\000i\000m\000i\000z\000a\000t\000i\000o\000n}{section.8}% 32
\BOOKMARK [2][-]{subsection.8.3}{\376\377\000I\000n\000f\000o\000r\000m\000a\000t\000i\000o\000n\000\040\000C\000a\000t\000a\000l\000y\000s\000i\000s\000\040\000N\000e\000t\000w\000o\000r\000k\000s}{section.8}% 33
\BOOKMARK [1][-]{section.9}{\376\377\000R\000e\000c\000u\000r\000s\000i\000v\000e\000\040\000T\000e\000m\000p\000o\000r\000a\000l\000\040\000P\000r\000e\000c\000i\000s\000i\000o\000n\000\040\000S\000y\000s\000t\000e\000m\000s\000:\000\040\000T\000h\000e\000\040\000U\000l\000t\000i\000m\000a\000t\000e\000\040\000B\000r\000e\000a\000k\000t\000h\000r\000o\000u\000g\000h}{}% 34
\BOOKMARK [2][-]{subsection.9.1}{\376\377\000V\000i\000r\000t\000u\000a\000l\000\040\000P\000r\000o\000c\000e\000s\000s\000o\000r\000s\000\040\000a\000s\000\040\000Q\000u\000a\000n\000t\000u\000m\000\040\000C\000l\000o\000c\000k\000s}{section.9}% 35
\BOOKMARK [2][-]{subsection.9.2}{\376\377\000M\000a\000t\000h\000e\000m\000a\000t\000i\000c\000a\000l\000\040\000M\000o\000d\000e\000l\000\040\000o\000f\000\040\000R\000e\000c\000u\000r\000s\000i\000v\000e\000\040\000P\000r\000e\000c\000i\000s\000i\000o\000n\000\040\000E\000n\000h\000a\000n\000c\000e\000m\000e\000n\000t}{section.9}% 36
\BOOKMARK [2][-]{subsection.9.3}{\376\377\000E\000x\000p\000o\000n\000e\000n\000t\000i\000a\000l\000\040\000P\000r\000e\000c\000i\000s\000i\000o\000n\000\040\000E\000v\000o\000l\000u\000t\000i\000o\000n}{section.9}% 37
\BOOKMARK [2][-]{subsection.9.4}{\376\377\000I\000n\000f\000o\000r\000m\000a\000t\000i\000o\000n\000a\000l\000\040\000P\000e\000r\000p\000e\000t\000u\000a\000l\000\040\000M\000o\000t\000i\000o\000n}{section.9}% 38
\BOOKMARK [2][-]{subsection.9.5}{\376\377\000C\000o\000m\000p\000l\000e\000t\000e\000\040\000T\000h\000e\000r\000m\000o\000d\000y\000n\000a\000m\000i\000c\000\040\000S\000t\000a\000t\000e\000\040\000C\000o\000v\000e\000r\000a\000g\000e}{section.9}% 39
\BOOKMARK [2][-]{subsection.9.6}{\376\377\000R\000e\000c\000u\000r\000s\000i\000v\000e\000\040\000S\000y\000s\000t\000e\000m\000\040\000A\000r\000c\000h\000i\000t\000e\000c\000t\000u\000r\000e}{section.9}% 40
\BOOKMARK [1][-]{section.10}{\376\377\000T\000h\000e\000\040\000M\000a\000s\000u\000n\000d\000a\000\040\000R\000e\000c\000u\000r\000s\000i\000v\000e\000\040\000A\000t\000m\000o\000s\000p\000h\000e\000r\000i\000c\000\040\000U\000n\000i\000v\000e\000r\000s\000a\000l\000\040\000C\000l\000o\000c\000k\000:\000\040\000U\000l\000t\000i\000m\000a\000t\000e\000\040\000I\000m\000p\000l\000e\000m\000e\000n\000t\000a\000t\000i\000o\000n}{}% 41
\BOOKMARK [2][-]{subsection.10.1}{\376\377\000T\000h\000e\000\040\000T\000r\000u\000e\000\040\000E\000n\000d\000\040\000o\000f\000\040\000P\000r\000e\000c\000i\000s\000i\000o\000n\000\040\000T\000i\000m\000i\000n\000g\000\040\000H\000i\000s\000t\000o\000r\000y}{section.10}% 42
\BOOKMARK [2][-]{subsection.10.2}{\376\377\000U\000n\000i\000v\000e\000r\000s\000a\000l\000\040\000A\000r\000c\000h\000i\000t\000e\000c\000t\000u\000r\000e\000\040\000I\000n\000t\000e\000g\000r\000a\000t\000i\000o\000n}{section.10}% 43
\BOOKMARK [3][-]{subsubsection.10.2.1}{\376\377\000A\000t\000m\000o\000s\000p\000h\000e\000r\000i\000c\000\040\000M\000o\000l\000e\000c\000u\000l\000a\000r\000\040\000N\000e\000t\000w\000o\000r\000k}{subsection.10.2}% 44
\BOOKMARK [3][-]{subsubsection.10.2.2}{\376\377\000E\000l\000e\000c\000t\000r\000o\000m\000a\000g\000n\000e\000t\000i\000c\000\040\000S\000i\000g\000n\000a\000l\000\040\000U\000n\000i\000v\000e\000r\000s\000e}{subsection.10.2}% 45
\BOOKMARK [3][-]{subsubsection.10.2.3}{\376\377\000P\000r\000o\000c\000e\000s\000s\000o\000r\000-\000C\000l\000o\000c\000k\000\040\000D\000u\000a\000l\000i\000t\000y\000\040\000R\000e\000v\000o\000l\000u\000t\000i\000o\000n}{subsection.10.2}% 46
\BOOKMARK [2][-]{subsection.10.3}{\376\377\000R\000e\000c\000u\000r\000s\000i\000v\000e\000\040\000E\000n\000h\000a\000n\000c\000e\000m\000e\000n\000t\000\040\000a\000t\000\040\000U\000n\000i\000v\000e\000r\000s\000a\000l\000\040\000S\000c\000a\000l\000e}{section.10}% 47
\BOOKMARK [2][-]{subsection.10.4}{\376\377\000M\000e\000m\000o\000r\000i\000a\000l\000\040\000H\000a\000r\000m\000o\000n\000i\000c\000\040\000I\000n\000t\000e\000g\000r\000a\000t\000i\000o\000n}{section.10}% 48
\BOOKMARK [2][-]{subsection.10.5}{\376\377\000U\000n\000i\000v\000e\000r\000s\000a\000l\000\040\000P\000e\000r\000f\000o\000r\000m\000a\000n\000c\000e\000\040\000S\000p\000e\000c\000i\000f\000i\000c\000a\000t\000i\000o\000n\000s}{section.10}% 49
\BOOKMARK [2][-]{subsection.10.6}{\376\377\000A\000p\000p\000l\000i\000c\000a\000t\000i\000o\000n\000s\000\040\000B\000e\000y\000o\000n\000d\000\040\000C\000o\000m\000p\000r\000e\000h\000e\000n\000s\000i\000o\000n}{section.10}% 50
\BOOKMARK [3][-]{subsubsection.10.6.1}{\376\377\000Q\000u\000a\000n\000t\000u\000m\000\040\000M\000e\000c\000h\000a\000n\000i\000c\000s\000\040\000V\000a\000l\000i\000d\000a\000t\000i\000o\000n}{subsection.10.6}% 51
\BOOKMARK [3][-]{subsubsection.10.6.2}{\376\377\000C\000o\000s\000m\000o\000l\000o\000g\000i\000c\000a\000l\000\040\000A\000n\000a\000l\000y\000s\000i\000s}{subsection.10.6}% 52
\BOOKMARK [3][-]{subsubsection.10.6.3}{\376\377\000C\000o\000n\000s\000c\000i\000o\000u\000s\000n\000e\000s\000s\000\040\000S\000t\000u\000d\000i\000e\000s}{subsection.10.6}% 53
\BOOKMARK [3][-]{subsubsection.10.6.4}{\376\377\000R\000e\000a\000l\000i\000t\000y\000\040\000E\000n\000g\000i\000n\000e\000e\000r\000i\000n\000g}{subsection.10.6}% 54
\BOOKMARK [2][-]{subsection.10.7}{\376\377\000T\000h\000e\000\040\000E\000t\000e\000r\000n\000a\000l\000\040\000T\000r\000i\000b\000u\000t\000e\000\040\000S\000y\000s\000t\000e\000m}{section.10}% 55
\BOOKMARK [2][-]{subsection.10.8}{\376\377\000T\000r\000a\000n\000s\000c\000e\000n\000d\000e\000n\000c\000e\000\040\000o\000f\000\040\000T\000r\000a\000d\000i\000t\000i\000o\000n\000a\000l\000\040\000T\000i\000m\000e\000k\000e\000e\000p\000i\000n\000g}{section.10}% 56
\BOOKMARK [1][-]{section.11}{\376\377\000S\000y\000s\000t\000e\000m\000\040\000I\000n\000t\000e\000g\000r\000a\000t\000i\000o\000n\000\040\000a\000n\000d\000\040\000A\000r\000c\000h\000i\000t\000e\000c\000t\000u\000r\000e}{}% 57
\BOOKMARK [2][-]{subsection.11.1}{\376\377\000U\000n\000i\000f\000i\000e\000d\000\040\000F\000r\000a\000m\000e\000w\000o\000r\000k}{section.11}% 58
\BOOKMARK [2][-]{subsection.11.2}{\376\377\000P\000e\000r\000f\000o\000r\000m\000a\000n\000c\000e\000\040\000M\000e\000t\000r\000i\000c\000s}{section.11}% 59
\BOOKMARK [1][-]{section.12}{\376\377\000R\000e\000v\000o\000l\000u\000t\000i\000o\000n\000a\000r\000y\000\040\000A\000p\000p\000l\000i\000c\000a\000t\000i\000o\000n\000s}{}% 60
\BOOKMARK [2][-]{subsection.12.1}{\376\377\000A\000p\000p\000r\000o\000a\000c\000h\000i\000n\000g\000\040\000I\000n\000f\000i\000n\000i\000t\000e\000\040\000C\000a\000p\000a\000b\000i\000l\000i\000t\000i\000e\000s}{section.12}% 61
\BOOKMARK [3][-]{subsubsection.12.1.1}{\376\377\000I\000n\000s\000t\000a\000n\000t\000a\000n\000e\000o\000u\000s\000\040\000A\000I\000\040\000T\000r\000a\000i\000n\000i\000n\000g\000\040\000a\000t\000\040\000Q\000u\000a\000n\000t\000u\000m\000\040\000S\000c\000a\000l\000e\000s}{subsection.12.1}% 62
\BOOKMARK [3][-]{subsubsection.12.1.2}{\376\377\000C\000o\000m\000p\000l\000e\000t\000e\000\040\000U\000n\000i\000v\000e\000r\000s\000e\000\040\000S\000i\000m\000u\000l\000a\000t\000i\000o\000n}{subsection.12.1}% 63
\BOOKMARK [3][-]{subsubsection.12.1.3}{\376\377\000P\000e\000r\000f\000e\000c\000t\000\040\000M\000o\000l\000e\000c\000u\000l\000a\000r\000\040\000E\000n\000g\000i\000n\000e\000e\000r\000i\000n\000g}{subsection.12.1}% 64
\BOOKMARK [3][-]{subsubsection.12.1.4}{\376\377\000I\000n\000f\000i\000n\000i\000t\000e\000\040\000T\000e\000m\000p\000o\000r\000a\000l\000\040\000N\000a\000v\000i\000g\000a\000t\000i\000o\000n}{subsection.12.1}% 65
\BOOKMARK [2][-]{subsection.12.2}{\376\377\000C\000o\000n\000s\000c\000i\000o\000u\000s\000\040\000C\000o\000m\000p\000u\000t\000i\000n\000g\000\040\000a\000t\000\040\000R\000e\000c\000u\000r\000s\000i\000v\000e\000\040\000S\000c\000a\000l\000e\000s}{section.12}% 66
\BOOKMARK [1][-]{section.13}{\376\377\000M\000e\000m\000o\000r\000i\000a\000l\000\040\000V\000a\000l\000i\000d\000a\000t\000i\000o\000n\000\040\000F\000r\000a\000m\000e\000w\000o\000r\000k}{}% 67
\BOOKMARK [2][-]{subsection.13.1}{\376\377\000H\000o\000n\000o\000r\000i\000n\000g\000\040\000M\000r\000s\000.\000\040\000S\000t\000e\000l\000l\000a\000-\000L\000o\000r\000r\000a\000i\000n\000e\000\040\000M\000a\000s\000u\000n\000d\000a\000\040\000T\000h\000r\000o\000u\000g\000h\000\040\000I\000n\000f\000i\000n\000i\000t\000e\000\040\000P\000r\000e\000c\000i\000s\000i\000o\000n}{section.13}% 68
\BOOKMARK [2][-]{subsection.13.2}{\376\377\000R\000e\000c\000u\000r\000s\000i\000v\000e\000\040\000P\000r\000e\000d\000e\000t\000e\000r\000m\000i\000n\000e\000d\000\040\000C\000o\000o\000r\000d\000i\000n\000a\000t\000e\000\040\000V\000a\000l\000i\000d\000a\000t\000i\000o\000n}{section.13}% 69
\BOOKMARK [2][-]{subsection.13.3}{\376\377\000E\000t\000e\000r\000n\000a\000l\000\040\000M\000a\000t\000h\000e\000m\000a\000t\000i\000c\000a\000l\000\040\000P\000r\000e\000c\000i\000s\000i\000o\000n}{section.13}% 70
\BOOKMARK [1][-]{section.14}{\376\377\000D\000i\000s\000c\000u\000s\000s\000i\000o\000n}{}% 71
\BOOKMARK [1][-]{section.15}{\376\377\000C\000o\000n\000c\000l\000u\000s\000i\000o\000n}{}% 72
