\BOOKMARK [1][-]{section.1}{\376\377\000I\000n\000t\000r\000o\000d\000u\000c\000t\000i\000o\000n}{}% 1
\BOOKMARK [2][-]{subsection.1.1}{\376\377\000T\000h\000e\000o\000r\000e\000t\000i\000c\000a\000l\000\040\000M\000o\000t\000i\000v\000a\000t\000i\000o\000n}{section.1}% 2
\BOOKMARK [2][-]{subsection.1.2}{\376\377\000F\000r\000a\000m\000e\000w\000o\000r\000k\000\040\000O\000v\000e\000r\000v\000i\000e\000w}{section.1}% 3
\BOOKMARK [1][-]{section.2}{\376\377\000P\000h\000o\000t\000o\000n\000\040\000R\000e\000f\000e\000r\000e\000n\000c\000e\000\040\000F\000r\000a\000m\000e\000\040\000A\000n\000a\000l\000y\000s\000i\000s}{}% 4
\BOOKMARK [2][-]{subsection.2.1}{\376\377\000R\000e\000l\000a\000t\000i\000v\000i\000s\000t\000i\000c\000\040\000S\000i\000m\000u\000l\000t\000a\000n\000e\000i\000t\000y\000\040\000C\000o\000n\000d\000i\000t\000i\000o\000n\000s}{section.2}% 5
\BOOKMARK [2][-]{subsection.2.2}{\376\377\000S\000i\000m\000u\000l\000t\000a\000n\000e\000i\000t\000y\000\040\000N\000e\000t\000w\000o\000r\000k\000\040\000T\000o\000p\000o\000l\000o\000g\000y}{section.2}% 6
\BOOKMARK [3][-]{subsubsection.2.2.1}{\376\377\000O\000b\000s\000e\000r\000v\000a\000b\000l\000e\000\040\000U\000n\000i\000v\000e\000r\000s\000e\000\040\000M\000a\000p\000p\000i\000n\000g}{subsection.2.2}% 7
\BOOKMARK [2][-]{subsection.2.3}{\376\377\000C\000o\000o\000r\000d\000i\000n\000a\000t\000e\000\040\000A\000c\000c\000e\000s\000s\000i\000b\000i\000l\000i\000t\000y\000\040\000A\000n\000a\000l\000y\000s\000i\000s}{section.2}% 8
\BOOKMARK [1][-]{section.3}{\376\377\000E\000n\000t\000r\000o\000p\000y\000-\000B\000a\000s\000e\000d\000\040\000C\000o\000o\000r\000d\000i\000n\000a\000t\000e\000\040\000S\000y\000s\000t\000e\000m\000s}{}% 9
\BOOKMARK [2][-]{subsection.3.1}{\376\377\000E\000n\000t\000r\000o\000p\000y\000\040\000R\000e\000f\000o\000r\000m\000u\000l\000a\000t\000i\000o\000n\000\040\000T\000h\000e\000o\000r\000y}{section.3}% 10
\BOOKMARK [2][-]{subsection.3.2}{\376\377\000C\000o\000o\000r\000d\000i\000n\000a\000t\000e\000\040\000S\000y\000s\000t\000e\000m\000\040\000P\000r\000o\000p\000e\000r\000t\000i\000e\000s}{section.3}% 11
\BOOKMARK [2][-]{subsection.3.3}{\376\377\000C\000o\000o\000r\000d\000i\000n\000a\000t\000e\000\040\000T\000r\000a\000n\000s\000f\000o\000r\000m\000a\000t\000i\000o\000n\000\040\000M\000a\000t\000h\000e\000m\000a\000t\000i\000c\000s}{section.3}% 12
\BOOKMARK [1][-]{section.4}{\376\377\000N\000a\000v\000i\000g\000a\000t\000i\000o\000n\000\040\000A\000l\000g\000o\000r\000i\000t\000h\000m\000\040\000D\000e\000v\000e\000l\000o\000p\000m\000e\000n\000t}{}% 13
\BOOKMARK [2][-]{subsection.4.1}{\376\377\000C\000o\000o\000r\000d\000i\000n\000a\000t\000e\000-\000B\000a\000s\000e\000d\000\040\000N\000a\000v\000i\000g\000a\000t\000i\000o\000n\000\040\000T\000h\000e\000o\000r\000y}{section.4}% 14
\BOOKMARK [3][-]{subsubsection.4.1.1}{\376\377\000A\000l\000g\000o\000r\000i\000t\000h\000m\000\040\000F\000r\000a\000m\000e\000w\000o\000r\000k}{subsection.4.1}% 15
\BOOKMARK [2][-]{subsection.4.2}{\376\377\000C\000o\000m\000p\000u\000t\000a\000t\000i\000o\000n\000a\000l\000\040\000C\000o\000m\000p\000l\000e\000x\000i\000t\000y\000\040\000A\000n\000a\000l\000y\000s\000i\000s}{section.4}% 16
\BOOKMARK [2][-]{subsection.4.3}{\376\377\000E\000n\000e\000r\000g\000y\000\040\000R\000e\000q\000u\000i\000r\000e\000m\000e\000n\000t\000s\000\040\000A\000n\000a\000l\000y\000s\000i\000s}{section.4}% 17
\BOOKMARK [1][-]{section.5}{\376\377\000T\000h\000e\000r\000m\000o\000d\000y\000n\000a\000m\000i\000c\000\040\000F\000r\000a\000m\000e\000w\000o\000r\000k}{}% 18
\BOOKMARK [2][-]{subsection.5.1}{\376\377\000E\000n\000t\000r\000o\000p\000y\000\040\000N\000a\000v\000i\000g\000a\000t\000i\000o\000n\000\040\000T\000h\000e\000r\000m\000o\000d\000y\000n\000a\000m\000i\000c\000s}{section.5}% 19
\BOOKMARK [3][-]{subsubsection.5.1.1}{\376\377\000F\000i\000r\000s\000t\000\040\000L\000a\000w\000\040\000A\000p\000p\000l\000i\000c\000a\000t\000i\000o\000n}{subsection.5.1}% 20
\BOOKMARK [3][-]{subsubsection.5.1.2}{\376\377\000S\000e\000c\000o\000n\000d\000\040\000L\000a\000w\000\040\000C\000o\000n\000s\000i\000d\000e\000r\000a\000t\000i\000o\000n\000s}{subsection.5.1}% 21
\BOOKMARK [2][-]{subsection.5.2}{\376\377\000T\000h\000e\000r\000m\000o\000d\000y\000n\000a\000m\000i\000c\000\040\000O\000p\000t\000i\000m\000i\000z\000a\000t\000i\000o\000n}{section.5}% 22
\BOOKMARK [1][-]{section.6}{\376\377\000M\000a\000t\000h\000e\000m\000a\000t\000i\000c\000a\000l\000\040\000C\000o\000n\000s\000i\000s\000t\000e\000n\000c\000y\000\040\000A\000n\000a\000l\000y\000s\000i\000s}{}% 23
\BOOKMARK [2][-]{subsection.6.1}{\376\377\000R\000e\000l\000a\000t\000i\000v\000i\000s\000t\000i\000c\000\040\000C\000o\000m\000p\000a\000t\000i\000b\000i\000l\000i\000t\000y}{section.6}% 24
\BOOKMARK [3][-]{subsubsection.6.1.1}{\376\377\000L\000o\000r\000e\000n\000t\000z\000\040\000I\000n\000v\000a\000r\000i\000a\000n\000c\000e}{subsection.6.1}% 25
\BOOKMARK [3][-]{subsubsection.6.1.2}{\376\377\000C\000a\000u\000s\000a\000l\000i\000t\000y\000\040\000P\000r\000e\000s\000e\000r\000v\000a\000t\000i\000o\000n}{subsection.6.1}% 26
\BOOKMARK [2][-]{subsection.6.2}{\376\377\000Q\000u\000a\000n\000t\000u\000m\000\040\000M\000e\000c\000h\000a\000n\000i\000c\000a\000l\000\040\000C\000o\000n\000s\000i\000d\000e\000r\000a\000t\000i\000o\000n\000s}{section.6}% 27
\BOOKMARK [3][-]{subsubsection.6.2.1}{\376\377\000W\000a\000v\000e\000\040\000F\000u\000n\000c\000t\000i\000o\000n\000\040\000i\000n\000\040\000E\000n\000t\000r\000o\000p\000y\000\040\000C\000o\000o\000r\000d\000i\000n\000a\000t\000e\000s}{subsection.6.2}% 28
\BOOKMARK [3][-]{subsubsection.6.2.2}{\376\377\000U\000n\000c\000e\000r\000t\000a\000i\000n\000t\000y\000\040\000R\000e\000l\000a\000t\000i\000o\000n\000s}{subsection.6.2}% 29
\BOOKMARK [1][-]{section.7}{\376\377\000E\000x\000p\000e\000r\000i\000m\000e\000n\000t\000a\000l\000\040\000V\000a\000l\000i\000d\000a\000t\000i\000o\000n\000\040\000F\000r\000a\000m\000e\000w\000o\000r\000k}{}% 30
\BOOKMARK [2][-]{subsection.7.1}{\376\377\000P\000r\000o\000o\000f\000-\000o\000f\000-\000C\000o\000n\000c\000e\000p\000t\000\040\000E\000x\000p\000e\000r\000i\000m\000e\000n\000t\000s}{section.7}% 31
\BOOKMARK [3][-]{subsubsection.7.1.1}{\376\377\000E\000n\000t\000r\000o\000p\000y\000-\000O\000s\000c\000i\000l\000l\000a\000t\000i\000o\000n\000\040\000C\000o\000r\000r\000e\000s\000p\000o\000n\000d\000e\000n\000c\000e}{subsection.7.1}% 32
\BOOKMARK [3][-]{subsubsection.7.1.2}{\376\377\000C\000o\000o\000r\000d\000i\000n\000a\000t\000e\000\040\000T\000r\000a\000n\000s\000f\000o\000r\000m\000a\000t\000i\000o\000n\000\040\000V\000a\000l\000i\000d\000a\000t\000i\000o\000n}{subsection.7.1}% 33
\BOOKMARK [2][-]{subsection.7.2}{\376\377\000P\000h\000o\000t\000o\000n\000\040\000S\000i\000m\000u\000l\000t\000a\000n\000e\000i\000t\000y\000\040\000V\000a\000l\000i\000d\000a\000t\000i\000o\000n}{section.7}% 34
\BOOKMARK [3][-]{subsubsection.7.2.1}{\376\377\000L\000o\000c\000a\000l\000\040\000S\000i\000m\000u\000l\000t\000a\000n\000e\000i\000t\000y\000\040\000T\000e\000s\000t\000i\000n\000g}{subsection.7.2}% 35
\BOOKMARK [2][-]{subsection.7.3}{\376\377\000N\000a\000v\000i\000g\000a\000t\000i\000o\000n\000\040\000S\000y\000s\000t\000e\000m\000\040\000D\000e\000v\000e\000l\000o\000p\000m\000e\000n\000t}{section.7}% 36
\BOOKMARK [3][-]{subsubsection.7.3.1}{\376\377\000M\000i\000c\000r\000o\000s\000c\000a\000l\000e\000\040\000N\000a\000v\000i\000g\000a\000t\000i\000o\000n}{subsection.7.3}% 37
\BOOKMARK [1][-]{section.8}{\376\377\000P\000o\000t\000e\000n\000t\000i\000a\000l\000\040\000A\000p\000p\000l\000i\000c\000a\000t\000i\000o\000n\000s\000\040\000a\000n\000d\000\040\000I\000m\000p\000l\000i\000c\000a\000t\000i\000o\000n\000s}{}% 38
\BOOKMARK [2][-]{subsection.8.1}{\376\377\000T\000r\000a\000n\000s\000p\000o\000r\000t\000a\000t\000i\000o\000n\000\040\000T\000h\000e\000o\000r\000y\000\040\000A\000d\000v\000a\000n\000c\000e\000s}{section.8}% 39
\BOOKMARK [2][-]{subsection.8.2}{\376\377\000C\000o\000m\000p\000u\000t\000a\000t\000i\000o\000n\000a\000l\000\040\000P\000h\000y\000s\000i\000c\000s\000\040\000A\000p\000p\000l\000i\000c\000a\000t\000i\000o\000n\000s}{section.8}% 40
\BOOKMARK [2][-]{subsection.8.3}{\376\377\000C\000o\000s\000m\000o\000l\000o\000g\000i\000c\000a\000l\000\040\000R\000e\000s\000e\000a\000r\000c\000h\000\040\000I\000m\000p\000l\000i\000c\000a\000t\000i\000o\000n\000s}{section.8}% 41
\BOOKMARK [1][-]{section.9}{\376\377\000A\000d\000d\000r\000e\000s\000s\000i\000n\000g\000\040\000T\000h\000e\000o\000r\000e\000t\000i\000c\000a\000l\000\040\000C\000o\000n\000c\000e\000r\000n\000s}{}% 42
\BOOKMARK [2][-]{subsection.9.1}{\376\377\000E\000n\000e\000r\000g\000y\000\040\000C\000o\000n\000s\000e\000r\000v\000a\000t\000i\000o\000n\000\040\000C\000o\000n\000s\000i\000d\000e\000r\000a\000t\000i\000o\000n\000s}{section.9}% 43
\BOOKMARK [2][-]{subsection.9.2}{\376\377\000R\000e\000l\000a\000t\000i\000v\000i\000s\000t\000i\000c\000\040\000C\000o\000n\000s\000i\000s\000t\000e\000n\000c\000y}{section.9}% 44
\BOOKMARK [2][-]{subsection.9.3}{\376\377\000Q\000u\000a\000n\000t\000u\000m\000\040\000M\000e\000c\000h\000a\000n\000i\000c\000a\000l\000\040\000C\000o\000m\000p\000a\000t\000i\000b\000i\000l\000i\000t\000y}{section.9}% 45
\BOOKMARK [1][-]{section.10}{\376\377\000F\000u\000t\000u\000r\000e\000\040\000R\000e\000s\000e\000a\000r\000c\000h\000\040\000D\000i\000r\000e\000c\000t\000i\000o\000n\000s}{}% 46
\BOOKMARK [2][-]{subsection.10.1}{\376\377\000M\000a\000t\000h\000e\000m\000a\000t\000i\000c\000a\000l\000\040\000D\000e\000v\000e\000l\000o\000p\000m\000e\000n\000t}{section.10}% 47
\BOOKMARK [2][-]{subsection.10.2}{\376\377\000E\000x\000p\000e\000r\000i\000m\000e\000n\000t\000a\000l\000\040\000V\000a\000l\000i\000d\000a\000t\000i\000o\000n}{section.10}% 48
\BOOKMARK [2][-]{subsection.10.3}{\376\377\000T\000e\000c\000h\000n\000o\000l\000o\000g\000i\000c\000a\000l\000\040\000D\000e\000v\000e\000l\000o\000p\000m\000e\000n\000t}{section.10}% 49
\BOOKMARK [1][-]{section.11}{\376\377\000C\000o\000n\000c\000l\000u\000s\000i\000o\000n}{}% 50
\BOOKMARK [2][-]{subsection.11.1}{\376\377\000T\000h\000e\000o\000r\000e\000t\000i\000c\000a\000l\000\040\000C\000o\000n\000t\000r\000i\000b\000u\000t\000i\000o\000n\000s}{section.11}% 51
\BOOKMARK [2][-]{subsection.11.2}{\376\377\000M\000a\000t\000h\000e\000m\000a\000t\000i\000c\000a\000l\000\040\000V\000a\000l\000i\000d\000i\000t\000y}{section.11}% 52
\BOOKMARK [2][-]{subsection.11.3}{\376\377\000E\000x\000p\000e\000r\000i\000m\000e\000n\000t\000a\000l\000\040\000A\000c\000c\000e\000s\000s\000i\000b\000i\000l\000i\000t\000y}{section.11}% 53
\BOOKMARK [2][-]{subsection.11.4}{\376\377\000I\000m\000p\000l\000i\000c\000a\000t\000i\000o\000n\000s\000\040\000f\000o\000r\000\040\000P\000h\000y\000s\000i\000c\000s}{section.11}% 54
\BOOKMARK [2][-]{subsection.11.5}{\376\377\000S\000c\000i\000e\000n\000t\000i\000f\000i\000c\000\040\000O\000u\000t\000l\000o\000o\000k}{section.11}% 55
