This is pdfTeX, Version 3.141592653-2.6-1.40.26 (TeX Live 2024) (preloaded format=pdflatex 2025.1.19)  14 JUL 2025 23:40
entering extended mode
 restricted \write18 enabled.
 %&-line parsing enabled.
**problem-reduction.tex
(./problem-reduction.tex
LaTeX2e <2024-11-01> patch level 1
L3 programming layer <2024-12-25>
(/usr/local/texlive/2024/texmf-dist/tex/latex/base/article.cls
Document Class: article 2024/06/29 v1.4n Standard LaTeX document class
(/usr/local/texlive/2024/texmf-dist/tex/latex/base/size12.clo
File: size12.clo 2024/06/29 v1.4n Standard LaTeX file (size option)
)
\c@part=\count196
\c@section=\count197
\c@subsection=\count198
\c@subsubsection=\count199
\c@paragraph=\count266
\c@subparagraph=\count267
\c@figure=\count268
\c@table=\count269
\abovecaptionskip=\skip49
\belowcaptionskip=\skip50
\bibindent=\dimen141
)
(/usr/local/texlive/2024/texmf-dist/tex/latex/amsmath/amsmath.sty
Package: amsmath 2024/11/05 v2.17t AMS math features
\@mathmargin=\skip51

For additional information on amsmath, use the `?' option.
(/usr/local/texlive/2024/texmf-dist/tex/latex/amsmath/amstext.sty
Package: amstext 2021/08/26 v2.01 AMS text

(/usr/local/texlive/2024/texmf-dist/tex/latex/amsmath/amsgen.sty
File: amsgen.sty 1999/11/30 v2.0 generic functions
\@emptytoks=\toks17
\ex@=\dimen142
))
(/usr/local/texlive/2024/texmf-dist/tex/latex/amsmath/amsbsy.sty
Package: amsbsy 1999/11/29 v1.2d Bold Symbols
\pmbraise@=\dimen143
)
(/usr/local/texlive/2024/texmf-dist/tex/latex/amsmath/amsopn.sty
Package: amsopn 2022/04/08 v2.04 operator names
)
\inf@bad=\count270
LaTeX Info: Redefining \frac on input line 233.
\uproot@=\count271
\leftroot@=\count272
LaTeX Info: Redefining \overline on input line 398.
LaTeX Info: Redefining \colon on input line 409.
\classnum@=\count273
\DOTSCASE@=\count274
LaTeX Info: Redefining \ldots on input line 495.
LaTeX Info: Redefining \dots on input line 498.
LaTeX Info: Redefining \cdots on input line 619.
\Mathstrutbox@=\box52
\strutbox@=\box53
LaTeX Info: Redefining \big on input line 721.
LaTeX Info: Redefining \Big on input line 722.
LaTeX Info: Redefining \bigg on input line 723.
LaTeX Info: Redefining \Bigg on input line 724.
\big@size=\dimen144
LaTeX Font Info:    Redeclaring font encoding OML on input line 742.
LaTeX Font Info:    Redeclaring font encoding OMS on input line 743.
\macc@depth=\count275
LaTeX Info: Redefining \bmod on input line 904.
LaTeX Info: Redefining \pmod on input line 909.
LaTeX Info: Redefining \smash on input line 939.
LaTeX Info: Redefining \relbar on input line 969.
LaTeX Info: Redefining \Relbar on input line 970.
\c@MaxMatrixCols=\count276
\dotsspace@=\muskip17
\c@parentequation=\count277
\dspbrk@lvl=\count278
\tag@help=\toks18
\row@=\count279
\column@=\count280
\maxfields@=\count281
\andhelp@=\toks19
\eqnshift@=\dimen145
\alignsep@=\dimen146
\tagshift@=\dimen147
\tagwidth@=\dimen148
\totwidth@=\dimen149
\lineht@=\dimen150
\@envbody=\toks20
\multlinegap=\skip52
\multlinetaggap=\skip53
\mathdisplay@stack=\toks21
LaTeX Info: Redefining \[ on input line 2953.
LaTeX Info: Redefining \] on input line 2954.
)
(/usr/local/texlive/2024/texmf-dist/tex/latex/amsfonts/amsfonts.sty
Package: amsfonts 2013/01/14 v3.01 Basic AMSFonts support
\symAMSa=\mathgroup4
\symAMSb=\mathgroup5
LaTeX Font Info:    Redeclaring math symbol \hbar on input line 98.
LaTeX Font Info:    Overwriting math alphabet `\mathfrak' in version `bold'
(Font)                  U/euf/m/n --> U/euf/b/n on input line 106.
)
(/usr/local/texlive/2024/texmf-dist/tex/latex/amsfonts/amssymb.sty
Package: amssymb 2013/01/14 v3.01 AMS font symbols
)
(/usr/local/texlive/2024/texmf-dist/tex/latex/geometry/geometry.sty
Package: geometry 2020/01/02 v5.9 Page Geometry

(/usr/local/texlive/2024/texmf-dist/tex/latex/graphics/keyval.sty
Package: keyval 2022/05/29 v1.15 key=value parser (DPC)
\KV@toks@=\toks22
)
(/usr/local/texlive/2024/texmf-dist/tex/generic/iftex/ifvtex.sty
Package: ifvtex 2019/10/25 v1.7 ifvtex legacy package. Use iftex instead.

(/usr/local/texlive/2024/texmf-dist/tex/generic/iftex/iftex.sty
Package: iftex 2024/12/12 v1.0g TeX engine tests
))
\Gm@cnth=\count282
\Gm@cntv=\count283
\c@Gm@tempcnt=\count284
\Gm@bindingoffset=\dimen151
\Gm@wd@mp=\dimen152
\Gm@odd@mp=\dimen153
\Gm@even@mp=\dimen154
\Gm@layoutwidth=\dimen155
\Gm@layoutheight=\dimen156
\Gm@layouthoffset=\dimen157
\Gm@layoutvoffset=\dimen158
\Gm@dimlist=\toks23
)
(/usr/local/texlive/2024/texmf-dist/tex/latex/graphics/graphicx.sty
Package: graphicx 2021/09/16 v1.2d Enhanced LaTeX Graphics (DPC,SPQR)

(/usr/local/texlive/2024/texmf-dist/tex/latex/graphics/graphics.sty
Package: graphics 2024/08/06 v1.4g Standard LaTeX Graphics (DPC,SPQR)

(/usr/local/texlive/2024/texmf-dist/tex/latex/graphics/trig.sty
Package: trig 2023/12/02 v1.11 sin cos tan (DPC)
)
(/usr/local/texlive/2024/texmf-dist/tex/latex/graphics-cfg/graphics.cfg
File: graphics.cfg 2016/06/04 v1.11 sample graphics configuration
)
Package graphics Info: Driver file: pdftex.def on input line 106.

(/usr/local/texlive/2024/texmf-dist/tex/latex/graphics-def/pdftex.def
File: pdftex.def 2024/04/13 v1.2c Graphics/color driver for pdftex
))
\Gin@req@height=\dimen159
\Gin@req@width=\dimen160
)
(/usr/local/texlive/2024/texmf-dist/tex/latex/url/url.sty
\Urlmuskip=\muskip18
Package: url 2013/09/16  ver 3.4  Verb mode for urls, etc.
)
(/usr/local/texlive/2024/texmf-dist/tex/latex/cite/cite.sty
LaTeX Info: Redefining \cite on input line 302.
LaTeX Info: Redefining \nocite on input line 332.
Package: cite 2015/02/27  v 5.5
)
(/usr/local/texlive/2024/texmf-dist/tex/latex/l3backend/l3backend-pdftex.def
File: l3backend-pdftex.def 2024-05-08 L3 backend support: PDF output (pdfTeX)
\l__color_backend_stack_int=\count285
\l__pdf_internal_box=\box54
)
(./problem-reduction.aux)
\openout1 = `problem-reduction.aux'.

LaTeX Font Info:    Checking defaults for OML/cmm/m/it on input line 16.
LaTeX Font Info:    ... okay on input line 16.
LaTeX Font Info:    Checking defaults for OMS/cmsy/m/n on input line 16.
LaTeX Font Info:    ... okay on input line 16.
LaTeX Font Info:    Checking defaults for OT1/cmr/m/n on input line 16.
LaTeX Font Info:    ... okay on input line 16.
LaTeX Font Info:    Checking defaults for T1/cmr/m/n on input line 16.
LaTeX Font Info:    ... okay on input line 16.
LaTeX Font Info:    Checking defaults for TS1/cmr/m/n on input line 16.
LaTeX Font Info:    ... okay on input line 16.
LaTeX Font Info:    Checking defaults for OMX/cmex/m/n on input line 16.
LaTeX Font Info:    ... okay on input line 16.
LaTeX Font Info:    Checking defaults for U/cmr/m/n on input line 16.
LaTeX Font Info:    ... okay on input line 16.

*geometry* driver: auto-detecting
*geometry* detected driver: pdftex
*geometry* verbose mode - [ preamble ] result:
* driver: pdftex
* paper: <default>
* layout: <same size as paper>
* layoutoffset:(h,v)=(0.0pt,0.0pt)
* modes: 
* h-part:(L,W,R)=(72.26999pt, 469.75502pt, 72.26999pt)
* v-part:(T,H,B)=(72.26999pt, 650.43001pt, 72.26999pt)
* \paperwidth=614.295pt
* \paperheight=794.96999pt
* \textwidth=469.75502pt
* \textheight=650.43001pt
* \oddsidemargin=0.0pt
* \evensidemargin=0.0pt
* \topmargin=-37.0pt
* \headheight=12.0pt
* \headsep=25.0pt
* \topskip=12.0pt
* \footskip=30.0pt
* \marginparwidth=44.0pt
* \marginparsep=10.0pt
* \columnsep=10.0pt
* \skip\footins=10.8pt plus 4.0pt minus 2.0pt
* \hoffset=0.0pt
* \voffset=0.0pt
* \mag=1000
* \@twocolumnfalse
* \@twosidefalse
* \@mparswitchfalse
* \@reversemarginfalse
* (1in=72.27pt=25.4mm, 1cm=28.453pt)

(/usr/local/texlive/2024/texmf-dist/tex/context/base/mkii/supp-pdf.mkii
[Loading MPS to PDF converter (version 2006.09.02).]
\scratchcounter=\count286
\scratchdimen=\dimen161
\scratchbox=\box55
\nofMPsegments=\count287
\nofMParguments=\count288
\everyMPshowfont=\toks24
\MPscratchCnt=\count289
\MPscratchDim=\dimen162
\MPnumerator=\count290
\makeMPintoPDFobject=\count291
\everyMPtoPDFconversion=\toks25
) (/usr/local/texlive/2024/texmf-dist/tex/latex/epstopdf-pkg/epstopdf-base.sty
Package: epstopdf-base 2020-01-24 v2.11 Base part for package epstopdf
Package epstopdf-base Info: Redefining graphics rule for `.eps' on input line 4
85.

(/usr/local/texlive/2024/texmf-dist/tex/latex/latexconfig/epstopdf-sys.cfg
File: epstopdf-sys.cfg 2010/07/13 v1.3 Configuration of (r)epstopdf for TeX Liv
e
))
LaTeX Font Info:    Trying to load font information for U+msa on input line 18.


(/usr/local/texlive/2024/texmf-dist/tex/latex/amsfonts/umsa.fd
File: umsa.fd 2013/01/14 v3.01 AMS symbols A
)
LaTeX Font Info:    Trying to load font information for U+msb on input line 18.


(/usr/local/texlive/2024/texmf-dist/tex/latex/amsfonts/umsb.fd
File: umsb.fd 2013/01/14 v3.01 AMS symbols B
)

[1

{/usr/local/texlive/2024/texmf-var/fonts/map/pdftex/updmap/pdftex.map}]

[2{/usr/local/texlive/2024/texmf-dist/fonts/enc/dvips/cm-super/cm-super-ts1.enc
}]

[3]
Overfull \hbox (17.31677pt too wide) in paragraph at lines 104--104
[]\OT1/cmr/bx/n/17.28 Implications for Un-der-stand-ing Re-al-ity and Con-sciou
s-
 []



[4]
Overfull \hbox (29.34079pt too wide) in paragraph at lines 137--137
[]\OT1/cmr/bx/n/17.28 Biological Mech-a-nisms of Neu-ral Adap-ta-tion and Degra
-
 []



[5]

[6]

[7]
Overfull \hbox (31.54893pt too wide) in paragraph at lines 217--221
[]\OT1/cmr/m/n/12 For typ-i-cal bi-o-log-i-cal con-di-tions: - $^^A\OML/cmm/m/i
t/12 H[] \OMS/cmsy/m/n/12 ^^Y ^^@\OT1/cmr/m/n/12 40$ kJ/mol (fa-vor-able) - $\O
ML/cmm/m/it/12 T\OT1/cmr/m/n/12 ^^A\OML/cmm/m/it/12 S[] \OMS/cmsy/m/n/12 ^^Y
 []



[8]
Overfull \hbox (3.50395pt too wide) in paragraph at lines 269--270
\OT1/cmr/m/n/12 The same quan-tum pro-cesses that en-able con-scious-ness nec-e
s-sar-ily gen-er-ate mor-tal-ity through
 []


Overfull \hbox (5.43312pt too wide) in paragraph at lines 284--285
\OT1/cmr/m/n/12 **RNA-World Im-pos-si-bil-ity**: RNA-first sce-nar-ios vi-o-lat
e fun-da-men-tal information-theoretic
 []



[9]
Overfull \hbox (17.06071pt too wide) in paragraph at lines 309--309
[]\OT1/cmr/bx/n/17.28 Oscillatory Dis-cretiza-tion and Fire-Environment Evo-
 []



[10]
Overfull \hbox (8.51445pt too wide) in paragraph at lines 341--341
[]\OT1/cmr/bx/n/14.4 Fire-Environment Se-lec-tion Pres-sures: The Evo-lu-tion-a
ry Cru-
 []



[11]

[12]
Overfull \hbox (9.89694pt too wide) in paragraph at lines 450--451
[]\OT1/cmr/m/n/12 Alternatively, con-scious-ness can lever-age the in-fi-nite c
om-pu-ta-tional power avail-able through
 []



[13]
Overfull \hbox (85.89992pt too wide) detected at line 464
\OML/cmm/m/it/12 Consciousness \OT1/cmr/m/n/12 = \OML/cmm/m/it/12 Membrane[] \O
MS/cmsy/m/n/12 ^^B \OML/cmm/m/it/12 Fire[] \OMS/cmsy/m/n/12 ^^B \OML/cmm/m/it/1
2 Oscillatory[] \OMS/cmsy/m/n/12 ^^B \OT1/cmr/m/n/12 (\OML/cmm/m/it/12 Zero \OM
S/cmsy/m/n/12 ^^H \OML/cmm/m/it/12 Infinite\OT1/cmr/m/n/12 ) \OMS/cmsy/m/n/12 ^
^B \OML/cmm/m/it/12 Agency[]
 []


Overfull \hbox (6.14111pt too wide) in paragraph at lines 481--482
[]\OT1/cmr/bx/n/12 The Epis-te-mo-log-i-cal Clo-sure Hy-poth-e-sis\OT1/cmr/m/n/
12 : Hu-mans might be un-able to think thoughts
 []



[14]

[15]

[16]

[17]

[18]

[19]
Overfull \hbox (10.83095pt too wide) in paragraph at lines 679--680
[]\OT1/cmr/bx/n/12 Conclusion\OT1/cmr/m/n/12 : There-fore, for ex-is-tence to b
e pos-si-ble, choice must be con-strained|unlimited
 []



[20]

[21]

[22]

[23]
Overfull \hbox (1.12103pt too wide) in paragraph at lines 833--834
[]\OT1/cmr/bx/n/12 Consciousness Mea-sure-ment\OT1/cmr/m/n/12 : Con-scious ex-p
e-ri-ence might rep-re-sent con-tin-u-ous "mea-
 []



[24]
Overfull \hbox (16.0317pt too wide) in paragraph at lines 894--895
\OT1/cmr/m/n/12 A fun-da-men-tal asym-me-try might gov-ern hu-man con-scious-ne
ss: our per-cep-tion of time|essential
 []



[25]
Overfull \hbox (22.07321pt too wide) in paragraph at lines 922--923
[]\OT1/cmr/m/n/12 Electron tran-si-tions, molec-u-lar vi-bra-tions, and atomic 
in-ter-ac-tions might fol-low Schr^^?odinger
 []



[26]
Overfull \hbox (39.08736pt too wide) in paragraph at lines 955--957
[]\OT1/cmr/bx/n/12 The Math-e-mat-i-cal Re-la-tion-ship\OT1/cmr/m/n/12 : Mea-su
r-ing con-straint com-pre-hen-sive-ness $\OML/cmm/m/it/12 C \OT1/cmr/m/n/12 = ^
^F([][] \OMS/cmsy/m/n/12 ^^B
 []


Overfull \hbox (60.0272pt too wide) detected at line 978
[] \OT1/cmr/m/n/12 = [] \OMS/cmsy/m/n/12 ^^B [] ^^B