\BOOKMARK [1][-]{section.1}{\376\377\000I\000n\000t\000r\000o\000d\000u\000c\000t\000i\000o\000n}{}% 1
\BOOKMARK [2][-]{subsection.1.1}{\376\377\000H\000i\000s\000t\000o\000r\000i\000c\000a\000l\000\040\000C\000o\000n\000t\000e\000x\000t\000:\000\040\000F\000r\000o\000m\000\040\000T\000h\000o\000u\000g\000h\000t\000\040\000E\000x\000p\000e\000r\000i\000m\000e\000n\000t\000\040\000t\000o\000\040\000B\000i\000o\000l\000o\000g\000i\000c\000a\000l\000\040\000R\000e\000a\000l\000i\000t\000y}{section.1}% 2
\BOOKMARK [3][-]{subsubsection.1.1.1}{\376\377\000H\000a\000l\000d\000a\000n\000e\000'\000s\000\040\000P\000r\000e\000s\000c\000i\000e\000n\000t\000\040\000P\000r\000o\000p\000o\000s\000a\000l}{subsection.1.1}% 3
\BOOKMARK [2][-]{subsection.1.2}{\376\377\000T\000h\000e\000\040\000M\000i\000z\000r\000a\000j\000i\000\040\000F\000r\000a\000m\000e\000w\000o\000r\000k\000:\000\040\000I\000n\000f\000o\000r\000m\000a\000t\000i\000o\000n\000\040\000C\000a\000t\000a\000l\000y\000s\000i\000s}{section.1}% 4
\BOOKMARK [3][-]{subsubsection.1.2.1}{\376\377\000B\000i\000o\000l\000o\000g\000i\000c\000a\000l\000\040\000M\000a\000x\000w\000e\000l\000l\000\040\000D\000e\000m\000o\000n\000s\000\040\000a\000s\000\040\000I\000n\000f\000o\000r\000m\000a\000t\000i\000o\000n\000\040\000C\000a\000t\000a\000l\000y\000s\000t\000s}{subsection.1.2}% 5
\BOOKMARK [3][-]{subsubsection.1.2.2}{\376\377\000Q\000u\000a\000n\000t\000i\000f\000y\000i\000n\000g\000\040\000I\000n\000f\000o\000r\000m\000a\000t\000i\000o\000n\000\040\000C\000a\000t\000a\000l\000y\000s\000i\000s}{subsection.1.2}% 6
\BOOKMARK [3][-]{subsubsection.1.2.3}{\376\377\000T\000h\000e\000\040\000P\000r\000i\000s\000o\000n\000e\000r\000'\000s\000\040\000P\000a\000r\000a\000b\000l\000e}{subsection.1.2}% 7
\BOOKMARK [2][-]{subsection.1.3}{\376\377\000T\000h\000e\000\040\000M\000i\000s\000s\000i\000n\000g\000\040\000M\000a\000t\000h\000e\000m\000a\000t\000i\000c\000a\000l\000\040\000F\000o\000u\000n\000d\000a\000t\000i\000o\000n}{section.1}% 8
\BOOKMARK [3][-]{subsubsection.1.3.1}{\376\377\000M\000i\000z\000r\000a\000j\000i\000'\000s\000\040\000O\000p\000e\000n\000\040\000Q\000u\000e\000s\000t\000i\000o\000n\000s}{subsection.1.3}% 9
\BOOKMARK [3][-]{subsubsection.1.3.2}{\376\377\000T\000h\000e\000\040\000C\000a\000t\000e\000g\000o\000r\000i\000c\000a\000l\000\040\000G\000a\000p}{subsection.1.3}% 10
\BOOKMARK [2][-]{subsection.1.4}{\376\377\000O\000u\000r\000\040\000C\000o\000n\000t\000r\000i\000b\000u\000t\000i\000o\000n\000:\000\040\000T\000h\000e\000\040\000S\000t\000-\000S\000t\000e\000l\000l\000a\000s\000\040\000C\000a\000t\000e\000g\000o\000r\000i\000c\000a\000l\000\040\000F\000r\000a\000m\000e\000w\000o\000r\000k}{section.1}% 11
\BOOKMARK [3][-]{subsubsection.1.4.1}{\376\377\000C\000a\000t\000e\000g\000o\000r\000i\000c\000a\000l\000\040\000S\000t\000a\000t\000e\000\040\000S\000p\000a\000c\000e\000s}{subsection.1.4}% 12
\BOOKMARK [3][-]{subsubsection.1.4.2}{\376\377\000T\000h\000e\000\040\000F\000u\000n\000d\000a\000m\000e\000n\000t\000a\000l\000\040\000E\000q\000u\000i\000v\000a\000l\000e\000n\000c\000e\000\040\000T\000h\000e\000o\000r\000e\000m}{subsection.1.4}% 13
\BOOKMARK [3][-]{subsubsection.1.4.3}{\376\377\000C\000o\000m\000p\000u\000t\000a\000t\000i\000o\000n\000a\000l\000\040\000V\000a\000l\000i\000d\000a\000t\000i\000o\000n}{subsection.1.4}% 14
\BOOKMARK [2][-]{subsection.1.5}{\376\377\000P\000a\000p\000e\000r\000\040\000O\000r\000g\000a\000n\000i\000z\000a\000t\000i\000o\000n}{section.1}% 15
\BOOKMARK [2][-]{subsection.1.6}{\376\377\000S\000i\000g\000n\000i\000f\000i\000c\000a\000n\000c\000e\000\040\000a\000n\000d\000\040\000S\000c\000o\000p\000e}{section.1}% 16
\BOOKMARK [1][-]{section.2}{\376\377\000M\000a\000t\000h\000e\000m\000a\000t\000i\000c\000a\000l\000\040\000F\000o\000u\000n\000d\000a\000t\000i\000o\000n\000s}{}% 17
\BOOKMARK [2][-]{subsection.2.1}{\376\377\000C\000a\000t\000e\000g\000o\000r\000i\000c\000a\000l\000\040\000S\000t\000a\000t\000e\000\040\000S\000p\000a\000c\000e\000s}{section.2}% 18
\BOOKMARK [3][-]{subsubsection.2.1.1}{\376\377\000M\000o\000t\000i\000v\000a\000t\000i\000o\000n\000:\000\040\000B\000e\000y\000o\000n\000d\000\040\000C\000o\000n\000t\000i\000n\000u\000o\000u\000s\000\040\000a\000n\000d\000\040\000D\000i\000s\000c\000r\000e\000t\000e}{subsection.2.1}% 19
\BOOKMARK [3][-]{subsubsection.2.1.2}{\376\377\000A\000x\000i\000o\000m\000a\000t\000i\000c\000\040\000F\000o\000u\000n\000d\000a\000t\000i\000o\000n}{subsection.2.1}% 20
\BOOKMARK [2][-]{subsection.2.2}{\376\377\000E\000q\000u\000i\000v\000a\000l\000e\000n\000c\000e\000\040\000C\000l\000a\000s\000s\000e\000s\000\040\000a\000n\000d\000\040\000D\000e\000g\000e\000n\000e\000r\000a\000c\000y}{section.2}% 21
\BOOKMARK [3][-]{subsubsection.2.2.1}{\376\377\000O\000b\000s\000e\000r\000v\000a\000b\000l\000e\000\040\000P\000r\000o\000j\000e\000c\000t\000i\000o\000n\000s}{subsection.2.2}% 22
\BOOKMARK [3][-]{subsubsection.2.2.2}{\376\377\000P\000h\000y\000s\000i\000c\000a\000l\000\040\000O\000r\000i\000g\000i\000n\000\040\000o\000f\000\040\000D\000e\000g\000e\000n\000e\000r\000a\000c\000y}{subsection.2.2}% 23
\BOOKMARK [2][-]{subsection.2.3}{\376\377\000B\000M\000D\000\040\000a\000s\000\040\000C\000a\000t\000e\000g\000o\000r\000i\000c\000a\000l\000\040\000F\000i\000l\000t\000e\000r}{section.2}% 24
\BOOKMARK [3][-]{subsubsection.2.3.1}{\376\377\000F\000r\000o\000m\000\040\000M\000i\000z\000r\000a\000j\000i\000'\000s\000\040\000F\000i\000l\000t\000e\000r\000s\000\040\000t\000o\000\040\000C\000a\000t\000e\000g\000o\000r\000i\000c\000a\000l\000\040\000O\000p\000e\000r\000a\000t\000i\000o\000n\000s}{subsection.2.3}% 25
\BOOKMARK [2][-]{subsection.2.4}{\376\377\000S\000-\000E\000n\000t\000r\000o\000p\000y\000\040\000F\000o\000r\000m\000a\000l\000i\000s\000m}{section.2}% 26
\BOOKMARK [3][-]{subsubsection.2.4.1}{\376\377\000M\000o\000t\000i\000v\000a\000t\000i\000o\000n\000:\000\040\000A\000\040\000D\000i\000s\000t\000a\000n\000c\000e\000\040\000M\000e\000t\000r\000i\000c\000\040\000o\000n\000\040\000B\000M\000D\000\040\000O\000p\000e\000r\000a\000t\000i\000o\000n}{subsection.2.4}% 27
\BOOKMARK [3][-]{subsubsection.2.4.2}{\376\377\000T\000r\000i\000-\000D\000i\000m\000e\000n\000s\000i\000o\000n\000a\000l\000\040\000S\000-\000S\000p\000a\000c\000e}{subsection.2.4}% 28
\BOOKMARK [2][-]{subsection.2.5}{\376\377\000V\000i\000s\000u\000a\000l\000i\000z\000i\000n\000g\000\040\000t\000h\000e\000\040\000H\000i\000e\000r\000a\000r\000c\000h\000i\000c\000a\000l\000\040\000S\000t\000r\000u\000c\000t\000u\000r\000e}{section.2}% 29
\BOOKMARK [2][-]{subsection.2.6}{\376\377\000S\000u\000m\000m\000a\000r\000y\000\040\000o\000f\000\040\000M\000a\000t\000h\000e\000m\000a\000t\000i\000c\000a\000l\000\040\000F\000r\000a\000m\000e\000w\000o\000r\000k}{section.2}% 30
\BOOKMARK [1][-]{section.3}{\376\377\000T\000h\000e\000\040\000F\000u\000n\000d\000a\000m\000e\000n\000t\000a\000l\000\040\000E\000q\000u\000i\000v\000a\000l\000e\000n\000c\000e\000:\000\040\000B\000M\000D\000s\000\040\000a\000s\000\040\000C\000a\000t\000e\000g\000o\000r\000i\000c\000a\000l\000\040\000O\000p\000e\000r\000a\000t\000o\000r\000s}{}% 31
\BOOKMARK [2][-]{subsection.3.1}{\376\377\000I\000n\000f\000o\000r\000m\000a\000t\000i\000o\000n\000\040\000C\000a\000t\000a\000l\000y\000s\000i\000s\000\040\000a\000s\000\040\000C\000a\000t\000e\000g\000o\000r\000i\000c\000a\000l\000\040\000S\000e\000l\000e\000c\000t\000i\000o\000n}{section.3}% 32
\BOOKMARK [2][-]{subsection.3.2}{\376\377\000T\000h\000e\000\040\000M\000i\000r\000a\000c\000l\000e\000\040\000P\000r\000i\000n\000c\000i\000p\000l\000e\000:\000\040\000I\000n\000f\000o\000r\000m\000a\000t\000i\000o\000n\000\040\000f\000r\000o\000m\000\040\000N\000o\000t\000h\000i\000n\000g}{section.3}% 33
\BOOKMARK [2][-]{subsection.3.3}{\376\377\000S\000-\000S\000p\000a\000c\000e\000\040\000a\000s\000\040\000C\000a\000t\000e\000g\000o\000r\000i\000c\000a\000l\000\040\000C\000o\000o\000r\000d\000i\000n\000a\000t\000e\000\040\000S\000y\000s\000t\000e\000m}{section.3}% 34
\BOOKMARK [2][-]{subsection.3.4}{\376\377\000E\000q\000u\000i\000v\000a\000l\000e\000n\000c\000e\000\040\000C\000l\000a\000s\000s\000e\000s\000\040\000a\000n\000d\000\040\000O\000b\000s\000e\000r\000v\000a\000b\000l\000e\000\040\000R\000e\000d\000u\000c\000t\000i\000o\000n}{section.3}% 35
\BOOKMARK [2][-]{subsection.3.5}{\376\377\000T\000h\000e\000\040\000F\000u\000n\000d\000a\000m\000e\000n\000t\000a\000l\000\040\000E\000q\000u\000i\000v\000a\000l\000e\000n\000c\000e\000\040\000S\000t\000a\000t\000e\000m\000e\000n\000t}{section.3}% 36
\BOOKMARK [2][-]{subsection.3.6}{\376\377\000V\000i\000s\000u\000a\000l\000i\000z\000i\000n\000g\000\040\000t\000h\000e\000\040\000F\000u\000n\000d\000a\000m\000e\000n\000t\000a\000l\000\040\000E\000q\000u\000i\000v\000a\000l\000e\000n\000c\000e}{section.3}% 37
\BOOKMARK [2][-]{subsection.3.7}{\376\377\000I\000m\000p\000l\000i\000c\000a\000t\000i\000o\000n\000s\000\040\000o\000f\000\040\000t\000h\000e\000\040\000E\000q\000u\000i\000v\000a\000l\000e\000n\000c\000e}{section.3}% 38
\BOOKMARK [1][-]{section.4}{\376\377\000R\000e\000c\000u\000r\000s\000i\000v\000e\000\040\000B\000M\000D\000\040\000S\000t\000r\000u\000c\000t\000u\000r\000e\000\040\000a\000n\000d\000\040\000S\000e\000l\000f\000-\000S\000i\000m\000i\000l\000a\000r\000i\000t\000y}{}% 39
\BOOKMARK [2][-]{subsection.4.1}{\376\377\000T\000h\000e\000\040\000R\000e\000c\000u\000r\000s\000i\000v\000e\000\040\000D\000e\000c\000o\000m\000p\000o\000s\000i\000t\000i\000o\000n\000\040\000P\000r\000i\000n\000c\000i\000p\000l\000e}{section.4}% 40
\BOOKMARK [2][-]{subsection.4.2}{\376\377\000S\000c\000a\000l\000e\000\040\000A\000m\000b\000i\000g\000u\000i\000t\000y\000:\000\040\000T\000h\000e\000\040\000I\000n\000d\000i\000s\000t\000i\000n\000g\000u\000i\000s\000h\000a\000b\000i\000l\000i\000t\000y\000\040\000o\000f\000\040\000L\000e\000v\000e\000l\000s}{section.4}% 41
\BOOKMARK [2][-]{subsection.4.3}{\376\377\000S\000e\000l\000f\000-\000P\000r\000o\000p\000a\000g\000a\000t\000i\000o\000n\000:\000\040\000A\000u\000t\000o\000m\000a\000t\000i\000c\000\040\000S\000u\000b\000-\000B\000M\000D\000\040\000G\000e\000n\000e\000r\000a\000t\000i\000o\000n}{section.4}% 42
\BOOKMARK [2][-]{subsection.4.4}{\376\377\000F\000r\000a\000c\000t\000a\000l\000\040\000C\000o\000m\000p\000r\000e\000s\000s\000i\000o\000n\000:\000\040\000F\000r\000o\000m\000\040\000I\000n\000f\000i\000n\000i\000t\000e\000\040\000t\000o\000\040\000F\000i\000n\000i\000t\000e}{section.4}% 43
\BOOKMARK [2][-]{subsection.4.5}{\376\377\000C\000o\000m\000p\000u\000t\000a\000t\000i\000o\000n\000a\000l\000\040\000C\000o\000m\000p\000l\000e\000x\000i\000t\000y\000\040\000A\000d\000v\000a\000n\000t\000a\000g\000e}{section.4}% 44
\BOOKMARK [2][-]{subsection.4.6}{\376\377\000H\000a\000r\000d\000w\000a\000r\000e\000\040\000I\000m\000p\000l\000e\000m\000e\000n\000t\000a\000t\000i\000o\000n\000:\000\040\000T\000r\000a\000n\000s\000-\000P\000l\000a\000n\000c\000k\000i\000a\000n\000\040\000M\000e\000a\000s\000u\000r\000e\000m\000e\000n\000t}{section.4}% 45
\BOOKMARK [2][-]{subsection.4.7}{\376\377\000V\000i\000s\000u\000a\000l\000i\000z\000i\000n\000g\000\040\000R\000e\000c\000u\000r\000s\000i\000v\000e\000\040\000B\000M\000D\000\040\000D\000e\000c\000o\000m\000p\000o\000s\000i\000t\000i\000o\000n}{section.4}% 46
\BOOKMARK [2][-]{subsection.4.8}{\376\377\000T\000h\000e\000\040\000R\000e\000c\000u\000r\000s\000i\000v\000e\000\040\000M\000i\000r\000a\000c\000l\000e\000:\000\040\000T\000h\000e\000o\000r\000e\000m\000s\000\040\000C\000a\000n\000n\000o\000t\000\040\000F\000a\000i\000l}{section.4}% 47
\BOOKMARK [1][-]{section.5}{\376\377\000C\000o\000m\000p\000u\000t\000a\000t\000i\000o\000n\000a\000l\000\040\000V\000a\000l\000i\000d\000a\000t\000i\000o\000n\000:\000\040\000T\000h\000e\000\040\000P\000r\000i\000s\000o\000n\000e\000r\000'\000s\000\040\000P\000a\000r\000a\000b\000l\000e}{}% 48
\BOOKMARK [2][-]{subsection.5.1}{\376\377\000T\000h\000e\000\040\000P\000r\000i\000s\000o\000n\000e\000r\000'\000s\000\040\000P\000a\000r\000a\000b\000l\000e\000:\000\040\000P\000h\000y\000s\000i\000c\000a\000l\000\040\000S\000e\000t\000u\000p}{section.5}% 49
\BOOKMARK [2][-]{subsection.5.2}{\376\377\000I\000m\000p\000l\000e\000m\000e\000n\000t\000a\000t\000i\000o\000n\000\040\000D\000e\000t\000a\000i\000l\000s}{section.5}% 50
\BOOKMARK [2][-]{subsection.5.3}{\376\377\000R\000e\000s\000u\000l\000t\000s\000:\000\040\000B\000M\000D\000\040\000P\000r\000o\000b\000a\000b\000i\000l\000i\000t\000y\000\040\000E\000n\000h\000a\000n\000c\000e\000m\000e\000n\000t\000\040\000a\000n\000d\000\040\000S\000t\000-\000S\000t\000e\000l\000l\000a\000s\000\040\000V\000a\000l\000i\000d\000a\000t\000i\000o\000n}{section.5}% 51
\BOOKMARK [2][-]{subsection.5.4}{\376\377\000R\000e\000s\000u\000l\000t\000s\000:\000\040\000M\000a\000x\000w\000e\000l\000l\000\040\000D\000e\000m\000o\000n\000\040\000O\000p\000e\000r\000a\000t\000i\000o\000n\000\040\000a\000n\000d\000\040\000T\000h\000e\000r\000m\000o\000d\000y\000n\000a\000m\000i\000c\000\040\000C\000y\000c\000l\000e\000s}{section.5}% 52
\BOOKMARK [2][-]{subsection.5.5}{\376\377\000R\000e\000s\000u\000l\000t\000s\000:\000\040\000R\000e\000c\000u\000r\000s\000i\000v\000e\000\040\000B\000M\000D\000\040\000H\000i\000e\000r\000a\000r\000c\000h\000y}{section.5}% 53
\BOOKMARK [2][-]{subsection.5.6}{\376\377\000R\000e\000s\000u\000l\000t\000s\000:\000\040\000T\000h\000e\000r\000m\000o\000d\000y\000n\000a\000m\000i\000c\000\040\000C\000o\000n\000s\000i\000s\000t\000e\000n\000c\000y}{section.5}% 54
\BOOKMARK [2][-]{subsection.5.7}{\376\377\000R\000e\000s\000u\000l\000t\000s\000:\000\040\000C\000o\000m\000p\000u\000t\000a\000t\000i\000o\000n\000a\000l\000\040\000C\000o\000m\000p\000l\000e\000x\000i\000t\000y}{section.5}% 55
\BOOKMARK [2][-]{subsection.5.8}{\376\377\000V\000a\000l\000i\000d\000a\000t\000i\000o\000n\000\040\000o\000f\000\040\000T\000h\000e\000o\000r\000e\000t\000i\000c\000a\000l\000\040\000P\000r\000e\000d\000i\000c\000t\000i\000o\000n\000s}{section.5}% 56
\BOOKMARK [2][-]{subsection.5.9}{\376\377\000P\000a\000r\000a\000m\000e\000t\000e\000r\000\040\000S\000e\000n\000s\000i\000t\000i\000v\000i\000t\000y\000\040\000a\000n\000d\000\040\000R\000o\000b\000u\000s\000t\000n\000e\000s\000s\000\040\000A\000n\000a\000l\000y\000s\000i\000s}{section.5}% 57
\BOOKMARK [2][-]{subsection.5.10}{\376\377\000C\000o\000m\000p\000a\000r\000i\000s\000o\000n\000\040\000w\000i\000t\000h\000\040\000C\000l\000a\000s\000s\000i\000c\000a\000l\000\040\000M\000a\000x\000w\000e\000l\000l\000\040\000D\000e\000m\000o\000n\000\040\000S\000i\000m\000u\000l\000a\000t\000i\000o\000n\000s}{section.5}% 58
\BOOKMARK [1][-]{section.6}{\376\377\000B\000i\000o\000l\000o\000g\000i\000c\000a\000l\000\040\000A\000p\000p\000l\000i\000c\000a\000t\000i\000o\000n\000s\000:\000\040\000B\000M\000D\000s\000\040\000i\000n\000\040\000L\000i\000v\000i\000n\000g\000\040\000S\000y\000s\000t\000e\000m\000s}{}% 59
\BOOKMARK [2][-]{subsection.6.1}{\376\377\000T\000h\000e\000\040\000B\000i\000o\000l\000o\000g\000i\000c\000a\000l\000\040\000I\000m\000p\000e\000r\000a\000t\000i\000v\000e\000:\000\040\000W\000h\000y\000\040\000B\000M\000D\000s\000\040\000A\000r\000e\000\040\000N\000e\000c\000e\000s\000s\000a\000r\000y}{section.6}% 60
\BOOKMARK [2][-]{subsection.6.2}{\376\377\000C\000e\000l\000l\000u\000l\000a\000r\000\040\000B\000M\000D\000s\000:\000\040\000M\000o\000l\000e\000c\000u\000l\000a\000r\000\040\000D\000e\000c\000i\000s\000i\000o\000n\000-\000M\000a\000k\000i\000n\000g}{section.6}% 61
\BOOKMARK [3][-]{subsubsection.6.2.1}{\376\377\000E\000n\000z\000y\000m\000e\000\040\000C\000a\000t\000a\000l\000y\000s\000i\000s\000\040\000a\000s\000\040\000C\000a\000t\000e\000g\000o\000r\000i\000c\000a\000l\000\040\000S\000e\000l\000e\000c\000t\000i\000o\000n}{subsection.6.2}% 62
\BOOKMARK [3][-]{subsubsection.6.2.2}{\376\377\000E\000n\000z\000y\000m\000e\000s\000\040\000a\000s\000\040\000B\000M\000D\000s\000:\000\040\000T\000h\000e\000\040\000C\000y\000t\000o\000p\000l\000a\000s\000m\000i\000c\000\040\000N\000e\000t\000w\000o\000r\000k}{subsection.6.2}% 63
\BOOKMARK [3][-]{subsubsection.6.2.3}{\376\377\000O\000x\000y\000g\000e\000n\000\040\000a\000s\000\040\000I\000n\000f\000o\000r\000m\000a\000t\000i\000o\000n\000\040\000S\000u\000b\000s\000t\000r\000a\000t\000e}{subsection.6.2}% 64
\BOOKMARK [3][-]{subsubsection.6.2.4}{\376\377\000M\000e\000t\000a\000b\000o\000l\000i\000c\000\040\000N\000e\000t\000w\000o\000r\000k\000s\000\040\000a\000s\000\040\000H\000i\000e\000r\000a\000r\000c\000h\000i\000c\000a\000l\000\040\000B\000M\000D\000s}{subsection.6.2}% 65
\BOOKMARK [2][-]{subsection.6.3}{\376\377\000N\000e\000u\000r\000a\000l\000\040\000B\000M\000D\000s\000:\000\040\000T\000h\000o\000u\000g\000h\000t\000\040\000a\000s\000\040\000C\000a\000t\000e\000g\000o\000r\000i\000c\000a\000l\000\040\000C\000o\000m\000p\000l\000e\000t\000i\000o\000n}{section.6}% 66
\BOOKMARK [3][-]{subsubsection.6.3.1}{\376\377\000S\000i\000n\000g\000l\000e\000\040\000N\000e\000u\000r\000o\000n\000s\000\040\000a\000s\000\040\000B\000M\000D\000s}{subsection.6.3}% 67
\BOOKMARK [3][-]{subsubsection.6.3.2}{\376\377\000N\000e\000u\000r\000a\000l\000\040\000N\000e\000t\000w\000o\000r\000k\000s\000\040\000a\000s\000\040\000R\000e\000c\000u\000r\000s\000i\000v\000e\000\040\000B\000M\000D\000s}{subsection.6.3}% 68
\BOOKMARK [3][-]{subsubsection.6.3.3}{\376\377\000P\000h\000a\000s\000e\000-\000L\000o\000c\000k\000\040\000N\000e\000t\000w\000o\000r\000k\000s\000:\000\040\000C\000o\000h\000e\000r\000e\000n\000t\000\040\000I\000n\000f\000o\000r\000m\000a\000t\000i\000o\000n\000\040\000P\000r\000o\000c\000e\000s\000s\000i\000n\000g}{subsection.6.3}% 69
\BOOKMARK [3][-]{subsubsection.6.3.4}{\376\377\000T\000h\000o\000u\000g\000h\000t\000\040\000G\000e\000o\000m\000e\000t\000r\000i\000e\000s\000:\000\040\0003\000D\000\040\000S\000t\000r\000u\000c\000t\000u\000r\000e\000s\000\040\000f\000r\000o\000m\000\040\000C\000a\000t\000e\000g\000o\000r\000i\000c\000a\000l\000\040\000C\000o\000m\000p\000l\000e\000t\000i\000o\000n}{subsection.6.3}% 70
\BOOKMARK [2][-]{subsection.6.4}{\376\377\000E\000v\000o\000l\000u\000t\000i\000o\000n\000a\000r\000y\000\040\000B\000M\000D\000s\000:\000\040\000S\000e\000l\000e\000c\000t\000i\000o\000n\000\040\000a\000s\000\040\000I\000n\000f\000o\000r\000m\000a\000t\000i\000o\000n\000\040\000C\000a\000t\000a\000l\000y\000s\000i\000s}{section.6}% 71
\BOOKMARK [2][-]{subsection.6.5}{\376\377\000E\000c\000o\000l\000o\000g\000i\000c\000a\000l\000\040\000B\000M\000D\000s\000:\000\040\000E\000c\000o\000s\000y\000s\000t\000e\000m\000\040\000I\000n\000f\000o\000r\000m\000a\000t\000i\000o\000n\000\040\000P\000r\000o\000c\000e\000s\000s\000i\000n\000g}{section.6}% 72
\BOOKMARK [2][-]{subsection.6.6}{\376\377\000M\000e\000d\000i\000c\000a\000l\000\040\000I\000m\000p\000l\000i\000c\000a\000t\000i\000o\000n\000s\000:\000\040\000D\000i\000s\000e\000a\000s\000e\000\040\000a\000s\000\040\000B\000M\000D\000\040\000F\000a\000i\000l\000u\000r\000e}{section.6}% 73
\BOOKMARK [2][-]{subsection.6.7}{\376\377\000B\000i\000o\000e\000n\000g\000i\000n\000e\000e\000r\000i\000n\000g\000\040\000A\000p\000p\000l\000i\000c\000a\000t\000i\000o\000n\000s\000:\000\040\000D\000e\000s\000i\000g\000n\000i\000n\000g\000\040\000A\000r\000t\000i\000f\000i\000c\000i\000a\000l\000\040\000B\000M\000D\000s}{section.6}% 74
\BOOKMARK [2][-]{subsection.6.8}{\376\377\000T\000h\000e\000\040\000C\000e\000n\000t\000r\000a\000l\000\040\000R\000o\000l\000e\000\040\000o\000f\000\040\000O\000s\000c\000i\000l\000l\000a\000t\000i\000o\000n\000s}{section.6}% 75
\BOOKMARK [1][-]{section.7}{\376\377\000T\000h\000e\000r\000m\000o\000d\000y\000n\000a\000m\000i\000c\000\040\000C\000o\000n\000s\000i\000s\000t\000e\000n\000c\000y\000\040\000a\000n\000d\000\040\000t\000h\000e\000\040\000S\000e\000c\000o\000n\000d\000\040\000L\000a\000w}{}% 76
\BOOKMARK [2][-]{subsection.7.1}{\376\377\000T\000h\000e\000\040\000S\000e\000c\000o\000n\000d\000\040\000L\000a\000w\000\040\000i\000n\000\040\000I\000n\000f\000o\000r\000m\000a\000t\000i\000o\000n\000-\000P\000r\000o\000c\000e\000s\000s\000i\000n\000g\000\040\000S\000y\000s\000t\000e\000m\000s}{section.7}% 77
\BOOKMARK [2][-]{subsection.7.2}{\376\377\000L\000a\000n\000d\000a\000u\000e\000r\000'\000s\000\040\000P\000r\000i\000n\000c\000i\000p\000l\000e\000:\000\040\000T\000h\000e\000\040\000C\000o\000s\000t\000\040\000o\000f\000\040\000F\000o\000r\000g\000e\000t\000t\000i\000n\000g}{section.7}% 78
\BOOKMARK [2][-]{subsection.7.3}{\376\377\000M\000a\000x\000w\000e\000l\000l\000\040\000D\000e\000m\000o\000n\000\040\000P\000a\000r\000a\000d\000o\000x\000:\000\040\000R\000e\000s\000o\000l\000u\000t\000i\000o\000n\000\040\000T\000h\000r\000o\000u\000g\000h\000\040\000I\000n\000f\000o\000r\000m\000a\000t\000i\000o\000n}{section.7}% 79
\BOOKMARK [2][-]{subsection.7.4}{\376\377\000L\000e\000\040\000C\000h\000a\000t\000e\000l\000i\000e\000r\000'\000s\000\040\000P\000r\000i\000n\000c\000i\000p\000l\000e\000\040\000a\000s\000\040\000C\000a\000t\000e\000g\000o\000r\000i\000c\000a\000l\000\040\000F\000l\000o\000w\000\040\000B\000a\000l\000a\000n\000c\000e}{section.7}% 80
\BOOKMARK [2][-]{subsection.7.5}{\376\377\000F\000r\000e\000e\000\040\000E\000n\000e\000r\000g\000y\000\040\000T\000r\000a\000n\000s\000d\000u\000c\000t\000i\000o\000n\000:\000\040\000B\000M\000D\000s\000\040\000a\000s\000\040\000E\000n\000e\000r\000g\000y\000\040\000C\000o\000n\000v\000e\000r\000t\000e\000r\000s}{section.7}% 81
\BOOKMARK [2][-]{subsection.7.6}{\376\377\000E\000n\000t\000r\000o\000p\000y\000\040\000P\000r\000o\000d\000u\000c\000t\000i\000o\000n\000\040\000R\000a\000t\000e\000:\000\040\000Q\000u\000a\000n\000t\000i\000f\000y\000i\000n\000g\000\040\000B\000M\000D\000\040\000A\000c\000t\000i\000v\000i\000t\000y}{section.7}% 82
\BOOKMARK [2][-]{subsection.7.7}{\376\377\000T\000h\000e\000r\000m\000o\000d\000y\000n\000a\000m\000i\000c\000\040\000E\000f\000f\000i\000c\000i\000e\000n\000c\000y\000\040\000L\000i\000m\000i\000t\000s}{section.7}% 83
\BOOKMARK [2][-]{subsection.7.8}{\376\377\000E\000x\000p\000e\000r\000i\000m\000e\000n\000t\000a\000l\000\040\000V\000e\000r\000i\000f\000i\000c\000a\000t\000i\000o\000n}{section.7}% 84
\BOOKMARK [1][-]{section.8}{\376\377\000D\000i\000s\000c\000u\000s\000s\000i\000o\000n}{}% 85
\BOOKMARK [2][-]{subsection.8.1}{\376\377\000R\000e\000l\000a\000t\000i\000o\000n\000s\000h\000i\000p\000\040\000t\000o\000\040\000E\000x\000i\000s\000t\000i\000n\000g\000\040\000T\000h\000e\000o\000r\000i\000e\000s}{section.8}% 86
\BOOKMARK [3][-]{subsubsection.8.1.1}{\376\377\000I\000n\000f\000o\000r\000m\000a\000t\000i\000o\000n\000\040\000T\000h\000e\000o\000r\000y\000\040\000\050\000S\000h\000a\000n\000n\000o\000n\000,\000\040\000K\000o\000l\000m\000o\000g\000o\000r\000o\000v\000\051}{subsection.8.1}% 87
\BOOKMARK [3][-]{subsubsection.8.1.2}{\376\377\000T\000h\000e\000r\000m\000o\000d\000y\000n\000a\000m\000i\000c\000s\000\040\000o\000f\000\040\000C\000o\000m\000p\000u\000t\000a\000t\000i\000o\000n\000\040\000\050\000L\000a\000n\000d\000a\000u\000e\000r\000,\000\040\000B\000e\000n\000n\000e\000t\000t\000\051}{subsection.8.1}% 88
\BOOKMARK [3][-]{subsubsection.8.1.3}{\376\377\000S\000t\000o\000c\000h\000a\000s\000t\000i\000c\000\040\000T\000h\000e\000r\000m\000o\000d\000y\000n\000a\000m\000i\000c\000s\000\040\000\050\000J\000a\000r\000z\000y\000n\000s\000k\000i\000,\000\040\000C\000r\000o\000o\000k\000s\000\051}{subsection.8.1}% 89
\BOOKMARK [3][-]{subsubsection.8.1.4}{\376\377\000I\000n\000t\000e\000g\000r\000a\000t\000e\000d\000\040\000I\000n\000f\000o\000r\000m\000a\000t\000i\000o\000n\000\040\000T\000h\000e\000o\000r\000y\000\040\000\050\000T\000o\000n\000o\000n\000i\000\051}{subsection.8.1}% 90
\BOOKMARK [3][-]{subsubsection.8.1.5}{\376\377\000F\000r\000e\000e\000\040\000E\000n\000e\000r\000g\000y\000\040\000P\000r\000i\000n\000c\000i\000p\000l\000e\000\040\000\050\000F\000r\000i\000s\000t\000o\000n\000\051}{subsection.8.1}% 91
\BOOKMARK [3][-]{subsubsection.8.1.6}{\376\377\000C\000o\000n\000s\000t\000r\000u\000c\000t\000o\000r\000\040\000T\000h\000e\000o\000r\000y\000\040\000\050\000D\000e\000u\000t\000s\000c\000h\000,\000\040\000M\000a\000r\000l\000e\000t\000t\000o\000\051}{subsection.8.1}% 92
\BOOKMARK [2][-]{subsection.8.2}{\376\377\000T\000r\000a\000n\000s\000-\000P\000l\000a\000n\000c\000k\000i\000a\000n\000\040\000M\000e\000a\000s\000u\000r\000e\000m\000e\000n\000t\000:\000\040\000H\000a\000r\000d\000w\000a\000r\000e\000\040\000O\000s\000c\000i\000l\000l\000a\000t\000i\000o\000n\000\040\000H\000a\000r\000v\000e\000s\000t\000i\000n\000g}{section.8}% 93
\BOOKMARK [3][-]{subsubsection.8.2.1}{\376\377\000T\000h\000e\000\040\000A\000p\000p\000a\000r\000e\000n\000t\000\040\000P\000a\000r\000a\000d\000o\000x}{subsection.8.2}% 94
\BOOKMARK [3][-]{subsubsection.8.2.2}{\376\377\000T\000h\000e\000\040\000F\000r\000e\000q\000u\000e\000n\000c\000y\000-\000D\000o\000m\000a\000i\000n\000\040\000R\000e\000s\000o\000l\000u\000t\000i\000o\000n}{subsection.8.2}% 95
\BOOKMARK [3][-]{subsubsection.8.2.3}{\376\377\000H\000a\000r\000d\000w\000a\000r\000e\000-\000B\000a\000s\000e\000d\000\040\000M\000e\000a\000s\000u\000r\000e\000m\000e\000n\000t}{subsection.8.2}% 96
\BOOKMARK [3][-]{subsubsection.8.2.4}{\376\377\000P\000h\000i\000l\000o\000s\000o\000p\000h\000i\000c\000a\000l\000\040\000I\000m\000p\000l\000i\000c\000a\000t\000i\000o\000n\000s}{subsection.8.2}% 97
\BOOKMARK [2][-]{subsection.8.3}{\376\377\000C\000o\000n\000s\000c\000i\000o\000u\000s\000n\000e\000s\000s\000\040\000a\000n\000d\000\040\000S\000u\000b\000j\000e\000c\000t\000i\000v\000e\000\040\000E\000x\000p\000e\000r\000i\000e\000n\000c\000e}{section.8}% 98
\BOOKMARK [3][-]{subsubsection.8.3.1}{\376\377\000T\000h\000e\000\040\000H\000a\000r\000d\000\040\000P\000r\000o\000b\000l\000e\000m}{subsection.8.3}% 99
\BOOKMARK [3][-]{subsubsection.8.3.2}{\376\377\000W\000h\000y\000\040\000B\000i\000o\000l\000o\000g\000i\000c\000a\000l\000\040\000S\000y\000s\000t\000e\000m\000s\000\040\000A\000r\000e\000\040\000C\000o\000n\000s\000c\000i\000o\000u\000s}{subsection.8.3}% 100
