\BOOKMARK [-1][-]{part.1}{\376\377\000M\000a\000t\000h\000e\000m\000a\000t\000i\000c\000a\000l\000\040\000F\000o\000u\000n\000d\000a\000t\000i\000o\000n\000s}{}% 1
\BOOKMARK [0][-]{chapter.1}{\376\377\000F\000u\000n\000d\000a\000m\000e\000n\000t\000a\000l\000\040\000P\000r\000i\000n\000c\000i\000p\000l\000e\000s}{part.1}% 2
\BOOKMARK [1][-]{section.1.1}{\376\377\000A\000x\000i\000o\000m\000a\000t\000i\000c\000\040\000F\000r\000a\000m\000e\000w\000o\000r\000k}{chapter.1}% 3
\BOOKMARK [1][-]{section.1.2}{\376\377\000M\000a\000t\000h\000e\000m\000a\000t\000i\000c\000a\000l\000\040\000S\000t\000r\000u\000c\000t\000u\000r\000e\000s}{chapter.1}% 4
\BOOKMARK [1][-]{section.1.3}{\376\377\000I\000n\000f\000o\000r\000m\000a\000t\000i\000o\000n\000\040\000C\000a\000t\000a\000l\000y\000s\000i\000s\000\040\000T\000h\000e\000o\000r\000y}{chapter.1}% 5
\BOOKMARK [0][-]{chapter.2}{\376\377\000Q\000u\000a\000n\000t\000u\000m\000\040\000C\000o\000h\000e\000r\000e\000n\000c\000e\000\040\000i\000n\000\040\000B\000i\000o\000l\000o\000g\000i\000c\000a\000l\000\040\000S\000y\000s\000t\000e\000m\000s}{part.1}% 6
\BOOKMARK [1][-]{section.2.1}{\376\377\000R\000o\000o\000m\000-\000T\000e\000m\000p\000e\000r\000a\000t\000u\000r\000e\000\040\000C\000o\000h\000e\000r\000e\000n\000c\000e\000\040\000M\000e\000c\000h\000a\000n\000i\000s\000m\000s}{chapter.2}% 7
\BOOKMARK [1][-]{section.2.2}{\376\377\000Q\000u\000a\000n\000t\000u\000m\000\040\000I\000n\000f\000o\000r\000m\000a\000t\000i\000o\000n\000\040\000P\000r\000o\000c\000e\000s\000s\000i\000n\000g}{chapter.2}% 8
\BOOKMARK [0][-]{chapter.3}{\376\377\000F\000u\000z\000z\000y\000\040\000D\000i\000g\000i\000t\000a\000l\000\040\000L\000o\000g\000i\000c\000\040\000I\000m\000p\000l\000e\000m\000e\000n\000t\000a\000t\000i\000o\000n}{part.1}% 9
\BOOKMARK [1][-]{section.3.1}{\376\377\000C\000o\000n\000t\000i\000n\000u\000o\000u\000s\000-\000V\000a\000l\000u\000e\000d\000\040\000C\000o\000m\000p\000u\000t\000a\000t\000i\000o\000n}{chapter.3}% 10
\BOOKMARK [1][-]{section.3.2}{\376\377\000M\000o\000l\000e\000c\000u\000l\000a\000r\000\040\000I\000m\000p\000l\000e\000m\000e\000n\000t\000a\000t\000i\000o\000n}{chapter.3}% 11
\BOOKMARK [-1][-]{part.2}{\376\377\000S\000y\000s\000t\000e\000m\000\040\000A\000r\000c\000h\000i\000t\000e\000c\000t\000u\000r\000e}{}% 12
\BOOKMARK [0][-]{chapter.4}{\376\377\000N\000i\000n\000e\000-\000L\000a\000y\000e\000r\000\040\000A\000r\000c\000h\000i\000t\000e\000c\000t\000u\000r\000e}{part.2}% 13
\BOOKMARK [1][-]{section.4.1}{\376\377\000L\000a\000y\000e\000r\000\040\0001\000:\000\040\000V\000i\000r\000t\000u\000a\000l\000\040\000P\000r\000o\000c\000e\000s\000s\000o\000r\000\040\000K\000e\000r\000n\000e\000l}{chapter.4}% 14
\BOOKMARK [1][-]{section.4.2}{\376\377\000L\000a\000y\000e\000r\000\040\0002\000:\000\040\000F\000u\000z\000z\000y\000\040\000S\000t\000a\000t\000e\000\040\000M\000a\000n\000a\000g\000e\000m\000e\000n\000t}{chapter.4}% 15
\BOOKMARK [1][-]{section.4.3}{\376\377\000L\000a\000y\000e\000r\000\040\0003\000:\000\040\000Q\000u\000a\000n\000t\000u\000m\000\040\000C\000o\000h\000e\000r\000e\000n\000c\000e\000\040\000M\000a\000n\000a\000g\000e\000m\000e\000n\000t}{chapter.4}% 16
\BOOKMARK [1][-]{section.4.4}{\376\377\000L\000a\000y\000e\000r\000\040\0004\000:\000\040\000N\000e\000u\000r\000a\000l\000\040\000N\000e\000t\000w\000o\000r\000k\000\040\000I\000n\000t\000e\000g\000r\000a\000t\000i\000o\000n}{chapter.4}% 17
\BOOKMARK [0][-]{chapter.5}{\376\377\000I\000n\000f\000o\000r\000m\000a\000t\000i\000o\000n\000\040\000C\000a\000t\000a\000l\000y\000s\000i\000s\000\040\000M\000e\000c\000h\000a\000n\000i\000s\000m\000s}{part.2}% 18
\BOOKMARK [1][-]{section.5.1}{\376\377\000B\000i\000o\000l\000o\000g\000i\000c\000a\000l\000\040\000M\000a\000x\000w\000e\000l\000l\000\040\000D\000e\000m\000o\000n\000\040\000T\000h\000e\000o\000r\000y}{chapter.5}% 19
\BOOKMARK [1][-]{section.5.2}{\376\377\000P\000a\000t\000t\000e\000r\000n\000\040\000R\000e\000c\000o\000g\000n\000i\000t\000i\000o\000n\000\040\000A\000l\000g\000o\000r\000i\000t\000h\000m\000s}{chapter.5}% 20
\BOOKMARK [-1][-]{part.3}{\376\377\000A\000d\000v\000a\000n\000c\000e\000d\000\040\000T\000h\000e\000o\000r\000e\000t\000i\000c\000a\000l\000\040\000F\000r\000a\000m\000e\000w\000o\000r\000k\000s}{}% 21
\BOOKMARK [0][-]{chapter.6}{\376\377\000S\000e\000m\000a\000n\000t\000i\000c\000\040\000I\000n\000f\000o\000r\000m\000a\000t\000i\000o\000n\000\040\000P\000r\000o\000c\000e\000s\000s\000i\000n\000g}{part.3}% 22
\BOOKMARK [1][-]{section.6.1}{\376\377\000M\000e\000a\000n\000i\000n\000g\000\040\000P\000r\000e\000s\000e\000r\000v\000a\000t\000i\000o\000n\000\040\000T\000h\000e\000o\000r\000y}{chapter.6}% 23
\BOOKMARK [1][-]{section.6.2}{\376\377\000M\000u\000l\000t\000i\000-\000M\000o\000d\000a\000l\000\040\000P\000r\000o\000c\000e\000s\000s\000i\000n\000g}{chapter.6}% 24
\BOOKMARK [0][-]{chapter.7}{\376\377\000C\000o\000n\000s\000c\000i\000o\000u\000s\000n\000e\000s\000s\000\040\000V\000a\000l\000i\000d\000a\000t\000i\000o\000n\000\040\000F\000r\000a\000m\000e\000w\000o\000r\000k}{part.3}% 25
\BOOKMARK [1][-]{section.7.1}{\376\377\000C\000o\000m\000p\000u\000t\000a\000t\000i\000o\000n\000a\000l\000\040\000C\000o\000n\000s\000c\000i\000o\000u\000s\000n\000e\000s\000s\000\040\000T\000h\000e\000o\000r\000y}{chapter.7}% 26
\BOOKMARK [1][-]{section.7.2}{\376\377\000R\000e\000c\000o\000n\000s\000t\000r\000u\000c\000t\000i\000o\000n\000-\000B\000a\000s\000e\000d\000\040\000V\000a\000l\000i\000d\000a\000t\000i\000o\000n}{chapter.7}% 27
\BOOKMARK [-1][-]{part.4}{\376\377\000I\000n\000t\000e\000g\000r\000a\000t\000i\000o\000n\000\040\000F\000r\000a\000m\000e\000w\000o\000r\000k\000s}{}% 28
\BOOKMARK [0][-]{chapter.8}{\376\377\000M\000u\000l\000t\000i\000-\000F\000r\000a\000m\000e\000w\000o\000r\000k\000\040\000I\000n\000t\000e\000g\000r\000a\000t\000i\000o\000n}{part.4}% 29
\BOOKMARK [1][-]{section.8.1}{\376\377\000F\000r\000a\000m\000e\000w\000o\000r\000k\000\040\000O\000r\000c\000h\000e\000s\000t\000r\000a\000t\000i\000o\000n}{chapter.8}% 30
\BOOKMARK [1][-]{section.8.2}{\376\377\000D\000i\000s\000t\000r\000i\000b\000u\000t\000e\000d\000\040\000P\000r\000o\000c\000e\000s\000s\000i\000n\000g}{chapter.8}% 31
\BOOKMARK [0][-]{chapter.9}{\376\377\000P\000e\000r\000f\000o\000r\000m\000a\000n\000c\000e\000\040\000O\000p\000t\000i\000m\000i\000z\000a\000t\000i\000o\000n}{part.4}% 32
\BOOKMARK [1][-]{section.9.1}{\376\377\000C\000o\000m\000p\000u\000t\000a\000t\000i\000o\000n\000a\000l\000\040\000E\000f\000f\000i\000c\000i\000e\000n\000c\000y}{chapter.9}% 33
\BOOKMARK [1][-]{section.9.2}{\376\377\000S\000c\000a\000l\000a\000b\000i\000l\000i\000t\000y\000\040\000F\000r\000a\000m\000e\000w\000o\000r\000k}{chapter.9}% 34
\BOOKMARK [-1][-]{part.5}{\376\377\000A\000d\000v\000a\000n\000c\000e\000d\000\040\000A\000p\000p\000l\000i\000c\000a\000t\000i\000o\000n\000s}{}% 35
\BOOKMARK [0][-]{chapter.10}{\376\377\000Q\000u\000a\000n\000t\000u\000m\000\040\000E\000r\000r\000o\000r\000\040\000C\000o\000r\000r\000e\000c\000t\000i\000o\000n}{part.5}% 36
\BOOKMARK [1][-]{section.10.1}{\376\377\000E\000r\000r\000o\000r\000\040\000C\000o\000r\000r\000e\000c\000t\000i\000o\000n\000\040\000C\000o\000d\000e\000s}{chapter.10}% 37
\BOOKMARK [1][-]{section.10.2}{\376\377\000F\000a\000u\000l\000t\000-\000T\000o\000l\000e\000r\000a\000n\000t\000\040\000C\000o\000m\000p\000u\000t\000a\000t\000i\000o\000n}{chapter.10}% 38
\BOOKMARK [0][-]{chapter.11}{\376\377\000D\000i\000s\000t\000r\000i\000b\000u\000t\000e\000d\000\040\000R\000e\000a\000s\000o\000n\000i\000n\000g\000\040\000S\000y\000s\000t\000e\000m\000s}{part.5}% 39
\BOOKMARK [1][-]{section.11.1}{\376\377\000M\000u\000l\000t\000i\000-\000A\000g\000e\000n\000t\000\040\000C\000o\000o\000r\000d\000i\000n\000a\000t\000i\000o\000n}{chapter.11}% 40
\BOOKMARK [1][-]{section.11.2}{\376\377\000D\000i\000s\000t\000r\000i\000b\000u\000t\000e\000d\000\040\000O\000p\000t\000i\000m\000i\000z\000a\000t\000i\000o\000n}{chapter.11}% 41
\BOOKMARK [-1][-]{part.6}{\376\377\000T\000h\000e\000o\000r\000e\000t\000i\000c\000a\000l\000\040\000P\000r\000o\000o\000f\000s\000\040\000a\000n\000d\000\040\000A\000n\000a\000l\000y\000s\000i\000s}{}% 42
\BOOKMARK [0][-]{chapter.12}{\376\377\000C\000o\000m\000p\000l\000e\000t\000e\000n\000e\000s\000s\000\040\000T\000h\000e\000o\000r\000e\000m\000s}{part.6}% 43
\BOOKMARK [1][-]{section.12.1}{\376\377\000C\000o\000m\000p\000u\000t\000a\000t\000i\000o\000n\000a\000l\000\040\000C\000o\000m\000p\000l\000e\000t\000e\000n\000e\000s\000s}{chapter.12}% 44
\BOOKMARK [1][-]{section.12.2}{\376\377\000O\000p\000t\000i\000m\000a\000l\000i\000t\000y\000\040\000R\000e\000s\000u\000l\000t\000s}{chapter.12}% 45
\BOOKMARK [0][-]{chapter.13}{\376\377\000S\000t\000a\000b\000i\000l\000i\000t\000y\000\040\000A\000n\000a\000l\000y\000s\000i\000s}{part.6}% 46
\BOOKMARK [1][-]{section.13.1}{\376\377\000S\000y\000s\000t\000e\000m\000\040\000S\000t\000a\000b\000i\000l\000i\000t\000y}{chapter.13}% 47
\BOOKMARK [1][-]{section.13.2}{\376\377\000R\000o\000b\000u\000s\000t\000n\000e\000s\000s\000\040\000A\000n\000a\000l\000y\000s\000i\000s}{chapter.13}% 48
\BOOKMARK [-1][-]{part.7}{\376\377\000F\000u\000t\000u\000r\000e\000\040\000D\000i\000r\000e\000c\000t\000i\000o\000n\000s\000\040\000a\000n\000d\000\040\000C\000o\000n\000c\000l\000u\000s\000i\000o\000n\000s}{}% 49
\BOOKMARK [0][-]{chapter.14}{\376\377\000T\000h\000e\000o\000r\000e\000t\000i\000c\000a\000l\000\040\000E\000x\000t\000e\000n\000s\000i\000o\000n\000s}{part.7}% 50
\BOOKMARK [1][-]{section.14.1}{\376\377\000H\000i\000g\000h\000e\000r\000-\000O\000r\000d\000e\000r\000\040\000C\000o\000r\000r\000e\000c\000t\000i\000o\000n\000s}{chapter.14}% 51
\BOOKMARK [1][-]{section.14.2}{\376\377\000Q\000u\000a\000n\000t\000u\000m\000\040\000G\000r\000a\000v\000i\000t\000y\000\040\000E\000f\000f\000e\000c\000t\000s}{chapter.14}% 52
\BOOKMARK [0][-]{chapter.15}{\376\377\000C\000o\000n\000c\000l\000u\000d\000i\000n\000g\000\040\000R\000e\000m\000a\000r\000k\000s}{part.7}% 53
\BOOKMARK [1][-]{section.15.1}{\376\377\000S\000u\000m\000m\000a\000r\000y\000\040\000o\000f\000\040\000C\000o\000n\000t\000r\000i\000b\000u\000t\000i\000o\000n\000s}{chapter.15}% 54
\BOOKMARK [1][-]{section.15.2}{\376\377\000I\000m\000p\000l\000i\000c\000a\000t\000i\000o\000n\000s\000\040\000a\000n\000d\000\040\000F\000u\000t\000u\000r\000e\000\040\000W\000o\000r\000k}{chapter.15}% 55
\BOOKMARK [1][-]{section.15.3}{\376\377\000F\000i\000n\000a\000l\000\040\000T\000h\000o\000u\000g\000h\000t\000s}{chapter.15}% 56
\BOOKMARK [0][-]{appendix.A}{\376\377\000M\000a\000t\000h\000e\000m\000a\000t\000i\000c\000a\000l\000\040\000A\000p\000p\000e\000n\000d\000i\000c\000e\000s}{part.7}% 57
\BOOKMARK [1][-]{section.A.1}{\376\377\000D\000e\000t\000a\000i\000l\000e\000d\000\040\000D\000e\000r\000i\000v\000a\000t\000i\000o\000n\000s}{appendix.A}% 58
\BOOKMARK [1][-]{section.A.2}{\376\377\000C\000o\000m\000p\000u\000t\000a\000t\000i\000o\000n\000a\000l\000\040\000A\000l\000g\000o\000r\000i\000t\000h\000m\000s}{appendix.A}% 59
\BOOKMARK [0][-]{appendix.B}{\376\377\000P\000h\000y\000s\000i\000c\000a\000l\000\040\000C\000o\000n\000s\000t\000a\000n\000t\000s\000\040\000a\000n\000d\000\040\000P\000a\000r\000a\000m\000e\000t\000e\000r\000s}{part.7}% 60
\BOOKMARK [1][-]{section.B.1}{\376\377\000F\000u\000n\000d\000a\000m\000e\000n\000t\000a\000l\000\040\000C\000o\000n\000s\000t\000a\000n\000t\000s}{appendix.B}% 61
\BOOKMARK [1][-]{section.B.2}{\376\377\000S\000y\000s\000t\000e\000m\000\040\000P\000a\000r\000a\000m\000e\000t\000e\000r\000s}{appendix.B}% 62
\BOOKMARK [0][-]{appendix.C}{\376\377\000G\000l\000o\000s\000s\000a\000r\000y\000\040\000o\000f\000\040\000T\000e\000r\000m\000s}{part.7}% 63
